#! /usr/bin/vvp
:ivl_version "11.0 (stable)";
:ivl_delay_selection "TYPICAL";
:vpi_time_precision + 0;
:vpi_module "/usr/lib/x86_64-linux-gnu/ivl/system.vpi";
:vpi_module "/usr/lib/x86_64-linux-gnu/ivl/vhdl_sys.vpi";
:vpi_module "/usr/lib/x86_64-linux-gnu/ivl/vhdl_textio.vpi";
:vpi_module "/usr/lib/x86_64-linux-gnu/ivl/v2005_math.vpi";
:vpi_module "/usr/lib/x86_64-linux-gnu/ivl/va_math.vpi";
S_0x5574e4df0ff0 .scope module, "And_tb" "And_tb" 2 3;
 .timescale 0 0;
v0x5574e4e5f4f0_0 .var "In1", 63 0;
v0x5574e4e5f5d0_0 .var "In2", 63 0;
v0x5574e4e5f6a0_0 .net "Out", 63 0, L_0x5574e4e72fc0;  1 drivers
L_0x7f6a93356018 .functor BUFT 1, C4<0>, C4<0>, C4<0>, C4<0>;
v0x5574e4e5f7a0_0 .net "Overflow", 0 0, L_0x7f6a93356018;  1 drivers
S_0x5574e4df1180 .scope module, "dut" "And" 2 7, 3 1 0, S_0x5574e4df0ff0;
 .timescale 0 0;
    .port_info 0 /INPUT 64 "In1";
    .port_info 1 /INPUT 64 "In2";
    .port_info 2 /OUTPUT 64 "Out";
    .port_info 3 /OUTPUT 1 "Overflow";
P_0x5574e4df1310 .param/l "N" 0 3 2, +C4<00000000000000000000000001000000>;
v0x5574e4e5b2a0_0 .net "In1", 63 0, v0x5574e4e5f4f0_0;  1 drivers
v0x5574e4e5b3a0_0 .net "In2", 63 0, v0x5574e4e5f5d0_0;  1 drivers
v0x5574e4e5b480_0 .net "Out", 63 0, L_0x5574e4e72fc0;  alias, 1 drivers
v0x5574e4e5b540_0 .net "Overflow", 0 0, L_0x7f6a93356018;  alias, 1 drivers
v0x5574e4e5b600_0 .net *"_ivl_0", 0 0, L_0x5574e4e09ef0;  1 drivers
v0x5574e4e5b730_0 .net *"_ivl_100", 0 0, L_0x5574e4e64c70;  1 drivers
v0x5574e4e5b810_0 .net *"_ivl_104", 0 0, L_0x5574e4e650a0;  1 drivers
v0x5574e4e5b8f0_0 .net *"_ivl_108", 0 0, L_0x5574e4e654e0;  1 drivers
v0x5574e4e5b9d0_0 .net *"_ivl_112", 0 0, L_0x5574e4e65930;  1 drivers
v0x5574e4e5bab0_0 .net *"_ivl_116", 0 0, L_0x5574e4e65d90;  1 drivers
v0x5574e4e5bb90_0 .net *"_ivl_12", 0 0, L_0x5574e4e5fff0;  1 drivers
v0x5574e4e5bc70_0 .net *"_ivl_120", 0 0, L_0x5574e4e66200;  1 drivers
v0x5574e4e5bd50_0 .net *"_ivl_124", 0 0, L_0x5574e4e66ea0;  1 drivers
v0x5574e4e5be30_0 .net *"_ivl_128", 0 0, L_0x5574e4e67330;  1 drivers
v0x5574e4e5bf10_0 .net *"_ivl_132", 0 0, L_0x5574e4e677d0;  1 drivers
v0x5574e4e5bff0_0 .net *"_ivl_136", 0 0, L_0x5574e4e67c80;  1 drivers
v0x5574e4e5c0d0_0 .net *"_ivl_140", 0 0, L_0x5574e4e68140;  1 drivers
v0x5574e4e5c1b0_0 .net *"_ivl_144", 0 0, L_0x5574e4e68610;  1 drivers
v0x5574e4e5c290_0 .net *"_ivl_148", 0 0, L_0x5574e4e68af0;  1 drivers
v0x5574e4e5c370_0 .net *"_ivl_152", 0 0, L_0x5574e4e68fe0;  1 drivers
v0x5574e4e5c450_0 .net *"_ivl_156", 0 0, L_0x5574e4e694e0;  1 drivers
v0x5574e4e5c530_0 .net *"_ivl_16", 0 0, L_0x5574e4e60240;  1 drivers
v0x5574e4e5c610_0 .net *"_ivl_160", 0 0, L_0x5574e4e699f0;  1 drivers
v0x5574e4e5c6f0_0 .net *"_ivl_164", 0 0, L_0x5574e4e69f10;  1 drivers
v0x5574e4e5c7d0_0 .net *"_ivl_168", 0 0, L_0x5574e4e6a440;  1 drivers
v0x5574e4e5c8b0_0 .net *"_ivl_172", 0 0, L_0x5574e4e6a980;  1 drivers
v0x5574e4e5c990_0 .net *"_ivl_176", 0 0, L_0x5574e4e6aed0;  1 drivers
v0x5574e4e5ca70_0 .net *"_ivl_180", 0 0, L_0x5574e4e6b430;  1 drivers
v0x5574e4e5cb50_0 .net *"_ivl_184", 0 0, L_0x5574e4e6b9a0;  1 drivers
v0x5574e4e5cc30_0 .net *"_ivl_188", 0 0, L_0x5574e4e6bf20;  1 drivers
v0x5574e4e5cd10_0 .net *"_ivl_192", 0 0, L_0x5574e4e6c4b0;  1 drivers
v0x5574e4e5cdf0_0 .net *"_ivl_196", 0 0, L_0x5574e4e6ca50;  1 drivers
v0x5574e4e5ced0_0 .net *"_ivl_20", 0 0, L_0x5574e4e60520;  1 drivers
v0x5574e4e5d1c0_0 .net *"_ivl_200", 0 0, L_0x5574e4e6d000;  1 drivers
v0x5574e4e5d2a0_0 .net *"_ivl_204", 0 0, L_0x5574e4e6d5c0;  1 drivers
v0x5574e4e5d380_0 .net *"_ivl_208", 0 0, L_0x5574e4e6db90;  1 drivers
v0x5574e4e5d460_0 .net *"_ivl_212", 0 0, L_0x5574e4e6e170;  1 drivers
v0x5574e4e5d540_0 .net *"_ivl_216", 0 0, L_0x5574e4e6e760;  1 drivers
v0x5574e4e5d620_0 .net *"_ivl_220", 0 0, L_0x5574e4e6ed60;  1 drivers
v0x5574e4e5d700_0 .net *"_ivl_224", 0 0, L_0x5574e4e6f370;  1 drivers
v0x5574e4e5d7e0_0 .net *"_ivl_228", 0 0, L_0x5574e4e6f990;  1 drivers
v0x5574e4e5d8c0_0 .net *"_ivl_232", 0 0, L_0x5574e4e6ffc0;  1 drivers
v0x5574e4e5d9a0_0 .net *"_ivl_236", 0 0, L_0x5574e4e70600;  1 drivers
v0x5574e4e5da80_0 .net *"_ivl_24", 0 0, L_0x5574e4e607c0;  1 drivers
v0x5574e4e5db60_0 .net *"_ivl_240", 0 0, L_0x5574e4e70c50;  1 drivers
v0x5574e4e5dc40_0 .net *"_ivl_244", 0 0, L_0x5574e4e712b0;  1 drivers
v0x5574e4e5dd20_0 .net *"_ivl_248", 0 0, L_0x5574e4e71920;  1 drivers
v0x5574e4e5de00_0 .net *"_ivl_252", 0 0, L_0x5574e4e74460;  1 drivers
v0x5574e4e5dee0_0 .net *"_ivl_28", 0 0, L_0x5574e4e60750;  1 drivers
v0x5574e4e5dfc0_0 .net *"_ivl_32", 0 0, L_0x5574e4e60d60;  1 drivers
v0x5574e4e5e0a0_0 .net *"_ivl_36", 0 0, L_0x5574e4e61080;  1 drivers
v0x5574e4e5e180_0 .net *"_ivl_4", 0 0, L_0x5574e4e5fb30;  1 drivers
v0x5574e4e5e260_0 .net *"_ivl_40", 0 0, L_0x5574e4e613b0;  1 drivers
v0x5574e4e5e340_0 .net *"_ivl_44", 0 0, L_0x5574e4e61650;  1 drivers
v0x5574e4e5e420_0 .net *"_ivl_48", 0 0, L_0x5574e4e619a0;  1 drivers
v0x5574e4e5e500_0 .net *"_ivl_52", 0 0, L_0x5574e4e61d00;  1 drivers
v0x5574e4e5e5e0_0 .net *"_ivl_56", 0 0, L_0x5574e4e62070;  1 drivers
v0x5574e4e5e6c0_0 .net *"_ivl_60", 0 0, L_0x5574e4e62600;  1 drivers
v0x5574e4e5e7a0_0 .net *"_ivl_64", 0 0, L_0x5574e4e62990;  1 drivers
v0x5574e4e5e880_0 .net *"_ivl_68", 0 0, L_0x5574e4e62d30;  1 drivers
v0x5574e4e5e960_0 .net *"_ivl_72", 0 0, L_0x5574e4e630e0;  1 drivers
v0x5574e4e5ea40_0 .net *"_ivl_76", 0 0, L_0x5574e4e634a0;  1 drivers
v0x5574e4e5eb20_0 .net *"_ivl_8", 0 0, L_0x5574e4e5fdb0;  1 drivers
v0x5574e4e5ec00_0 .net *"_ivl_80", 0 0, L_0x5574e4e63870;  1 drivers
v0x5574e4e5ece0_0 .net *"_ivl_84", 0 0, L_0x5574e4e63c50;  1 drivers
v0x5574e4e5f1d0_0 .net *"_ivl_88", 0 0, L_0x5574e4e64040;  1 drivers
v0x5574e4e5f2b0_0 .net *"_ivl_92", 0 0, L_0x5574e4e64440;  1 drivers
v0x5574e4e5f390_0 .net *"_ivl_96", 0 0, L_0x5574e4e64850;  1 drivers
L_0x5574e4e5f900 .part v0x5574e4e5f4f0_0, 0, 1;
L_0x5574e4e5f9f0 .part v0x5574e4e5f5d0_0, 0, 1;
L_0x5574e4e5fba0 .part v0x5574e4e5f4f0_0, 1, 1;
L_0x5574e4e5fc90 .part v0x5574e4e5f5d0_0, 1, 1;
L_0x5574e4e5fe20 .part v0x5574e4e5f4f0_0, 2, 1;
L_0x5574e4e5ff10 .part v0x5574e4e5f5d0_0, 2, 1;
L_0x5574e4e60060 .part v0x5574e4e5f4f0_0, 3, 1;
L_0x5574e4e60100 .part v0x5574e4e5f5d0_0, 3, 1;
L_0x5574e4e602e0 .part v0x5574e4e5f4f0_0, 4, 1;
L_0x5574e4e603d0 .part v0x5574e4e5f5d0_0, 4, 1;
L_0x5574e4e605c0 .part v0x5574e4e5f4f0_0, 5, 1;
L_0x5574e4e60660 .part v0x5574e4e5f5d0_0, 5, 1;
L_0x5574e4e60860 .part v0x5574e4e5f4f0_0, 6, 1;
L_0x5574e4e60950 .part v0x5574e4e5f5d0_0, 6, 1;
L_0x5574e4e60af0 .part v0x5574e4e5f4f0_0, 7, 1;
L_0x5574e4e60be0 .part v0x5574e4e5f5d0_0, 7, 1;
L_0x5574e4e60e00 .part v0x5574e4e5f4f0_0, 8, 1;
L_0x5574e4e60ef0 .part v0x5574e4e5f5d0_0, 8, 1;
L_0x5574e4e61120 .part v0x5574e4e5f4f0_0, 9, 1;
L_0x5574e4e61210 .part v0x5574e4e5f5d0_0, 9, 1;
L_0x5574e4e60fe0 .part v0x5574e4e5f4f0_0, 10, 1;
L_0x5574e4e614a0 .part v0x5574e4e5f5d0_0, 10, 1;
L_0x5574e4e616f0 .part v0x5574e4e5f4f0_0, 11, 1;
L_0x5574e4e617e0 .part v0x5574e4e5f5d0_0, 11, 1;
L_0x5574e4e61a40 .part v0x5574e4e5f4f0_0, 12, 1;
L_0x5574e4e61b30 .part v0x5574e4e5f5d0_0, 12, 1;
L_0x5574e4e61da0 .part v0x5574e4e5f4f0_0, 13, 1;
L_0x5574e4e61e90 .part v0x5574e4e5f5d0_0, 13, 1;
L_0x5574e4e62110 .part v0x5574e4e5f4f0_0, 14, 1;
L_0x5574e4e62200 .part v0x5574e4e5f5d0_0, 14, 1;
L_0x5574e4e626a0 .part v0x5574e4e5f4f0_0, 15, 1;
L_0x5574e4e62790 .part v0x5574e4e5f5d0_0, 15, 1;
L_0x5574e4e62a30 .part v0x5574e4e5f4f0_0, 16, 1;
L_0x5574e4e62b20 .part v0x5574e4e5f5d0_0, 16, 1;
L_0x5574e4e62dd0 .part v0x5574e4e5f4f0_0, 17, 1;
L_0x5574e4e62ec0 .part v0x5574e4e5f5d0_0, 17, 1;
L_0x5574e4e63180 .part v0x5574e4e5f4f0_0, 18, 1;
L_0x5574e4e63270 .part v0x5574e4e5f5d0_0, 18, 1;
L_0x5574e4e63540 .part v0x5574e4e5f4f0_0, 19, 1;
L_0x5574e4e63630 .part v0x5574e4e5f5d0_0, 19, 1;
L_0x5574e4e63910 .part v0x5574e4e5f4f0_0, 20, 1;
L_0x5574e4e63a00 .part v0x5574e4e5f5d0_0, 20, 1;
L_0x5574e4e63cf0 .part v0x5574e4e5f4f0_0, 21, 1;
L_0x5574e4e63de0 .part v0x5574e4e5f5d0_0, 21, 1;
L_0x5574e4e640e0 .part v0x5574e4e5f4f0_0, 22, 1;
L_0x5574e4e641d0 .part v0x5574e4e5f5d0_0, 22, 1;
L_0x5574e4e644e0 .part v0x5574e4e5f4f0_0, 23, 1;
L_0x5574e4e645d0 .part v0x5574e4e5f5d0_0, 23, 1;
L_0x5574e4e648f0 .part v0x5574e4e5f4f0_0, 24, 1;
L_0x5574e4e649e0 .part v0x5574e4e5f5d0_0, 24, 1;
L_0x5574e4e64d10 .part v0x5574e4e5f4f0_0, 25, 1;
L_0x5574e4e64e00 .part v0x5574e4e5f5d0_0, 25, 1;
L_0x5574e4e65140 .part v0x5574e4e5f4f0_0, 26, 1;
L_0x5574e4e65230 .part v0x5574e4e5f5d0_0, 26, 1;
L_0x5574e4e65580 .part v0x5574e4e5f4f0_0, 27, 1;
L_0x5574e4e65670 .part v0x5574e4e5f5d0_0, 27, 1;
L_0x5574e4e659d0 .part v0x5574e4e5f4f0_0, 28, 1;
L_0x5574e4e65ac0 .part v0x5574e4e5f5d0_0, 28, 1;
L_0x5574e4e65e30 .part v0x5574e4e5f4f0_0, 29, 1;
L_0x5574e4e65f20 .part v0x5574e4e5f5d0_0, 29, 1;
L_0x5574e4e662a0 .part v0x5574e4e5f4f0_0, 30, 1;
L_0x5574e4e667a0 .part v0x5574e4e5f5d0_0, 30, 1;
L_0x5574e4e66f40 .part v0x5574e4e5f4f0_0, 31, 1;
L_0x5574e4e67030 .part v0x5574e4e5f5d0_0, 31, 1;
L_0x5574e4e673d0 .part v0x5574e4e5f4f0_0, 32, 1;
L_0x5574e4e674c0 .part v0x5574e4e5f5d0_0, 32, 1;
L_0x5574e4e67870 .part v0x5574e4e5f4f0_0, 33, 1;
L_0x5574e4e67960 .part v0x5574e4e5f5d0_0, 33, 1;
L_0x5574e4e67d20 .part v0x5574e4e5f4f0_0, 34, 1;
L_0x5574e4e67e10 .part v0x5574e4e5f5d0_0, 34, 1;
L_0x5574e4e681e0 .part v0x5574e4e5f4f0_0, 35, 1;
L_0x5574e4e682d0 .part v0x5574e4e5f5d0_0, 35, 1;
L_0x5574e4e686b0 .part v0x5574e4e5f4f0_0, 36, 1;
L_0x5574e4e687a0 .part v0x5574e4e5f5d0_0, 36, 1;
L_0x5574e4e68b90 .part v0x5574e4e5f4f0_0, 37, 1;
L_0x5574e4e68c80 .part v0x5574e4e5f5d0_0, 37, 1;
L_0x5574e4e69080 .part v0x5574e4e5f4f0_0, 38, 1;
L_0x5574e4e69170 .part v0x5574e4e5f5d0_0, 38, 1;
L_0x5574e4e69580 .part v0x5574e4e5f4f0_0, 39, 1;
L_0x5574e4e69670 .part v0x5574e4e5f5d0_0, 39, 1;
L_0x5574e4e69a90 .part v0x5574e4e5f4f0_0, 40, 1;
L_0x5574e4e69b80 .part v0x5574e4e5f5d0_0, 40, 1;
L_0x5574e4e69fb0 .part v0x5574e4e5f4f0_0, 41, 1;
L_0x5574e4e6a0a0 .part v0x5574e4e5f5d0_0, 41, 1;
L_0x5574e4e6a4e0 .part v0x5574e4e5f4f0_0, 42, 1;
L_0x5574e4e6a5d0 .part v0x5574e4e5f5d0_0, 42, 1;
L_0x5574e4e6aa20 .part v0x5574e4e5f4f0_0, 43, 1;
L_0x5574e4e6ab10 .part v0x5574e4e5f5d0_0, 43, 1;
L_0x5574e4e6af70 .part v0x5574e4e5f4f0_0, 44, 1;
L_0x5574e4e6b060 .part v0x5574e4e5f5d0_0, 44, 1;
L_0x5574e4e6b4d0 .part v0x5574e4e5f4f0_0, 45, 1;
L_0x5574e4e6b5c0 .part v0x5574e4e5f5d0_0, 45, 1;
L_0x5574e4e6ba40 .part v0x5574e4e5f4f0_0, 46, 1;
L_0x5574e4e6bb30 .part v0x5574e4e5f5d0_0, 46, 1;
L_0x5574e4e6bfc0 .part v0x5574e4e5f4f0_0, 47, 1;
L_0x5574e4e6c0b0 .part v0x5574e4e5f5d0_0, 47, 1;
L_0x5574e4e6c550 .part v0x5574e4e5f4f0_0, 48, 1;
L_0x5574e4e6c640 .part v0x5574e4e5f5d0_0, 48, 1;
L_0x5574e4e6caf0 .part v0x5574e4e5f4f0_0, 49, 1;
L_0x5574e4e6cbe0 .part v0x5574e4e5f5d0_0, 49, 1;
L_0x5574e4e6d0a0 .part v0x5574e4e5f4f0_0, 50, 1;
L_0x5574e4e6d190 .part v0x5574e4e5f5d0_0, 50, 1;
L_0x5574e4e6d660 .part v0x5574e4e5f4f0_0, 51, 1;
L_0x5574e4e6d750 .part v0x5574e4e5f5d0_0, 51, 1;
L_0x5574e4e6dc30 .part v0x5574e4e5f4f0_0, 52, 1;
L_0x5574e4e6dd20 .part v0x5574e4e5f5d0_0, 52, 1;
L_0x5574e4e6e210 .part v0x5574e4e5f4f0_0, 53, 1;
L_0x5574e4e6e300 .part v0x5574e4e5f5d0_0, 53, 1;
L_0x5574e4e6e800 .part v0x5574e4e5f4f0_0, 54, 1;
L_0x5574e4e6e8f0 .part v0x5574e4e5f5d0_0, 54, 1;
L_0x5574e4e6ee00 .part v0x5574e4e5f4f0_0, 55, 1;
L_0x5574e4e6eef0 .part v0x5574e4e5f5d0_0, 55, 1;
L_0x5574e4e6f410 .part v0x5574e4e5f4f0_0, 56, 1;
L_0x5574e4e6f500 .part v0x5574e4e5f5d0_0, 56, 1;
L_0x5574e4e6fa30 .part v0x5574e4e5f4f0_0, 57, 1;
L_0x5574e4e6fb20 .part v0x5574e4e5f5d0_0, 57, 1;
L_0x5574e4e70060 .part v0x5574e4e5f4f0_0, 58, 1;
L_0x5574e4e70150 .part v0x5574e4e5f5d0_0, 58, 1;
L_0x5574e4e706a0 .part v0x5574e4e5f4f0_0, 59, 1;
L_0x5574e4e70790 .part v0x5574e4e5f5d0_0, 59, 1;
L_0x5574e4e70cf0 .part v0x5574e4e5f4f0_0, 60, 1;
L_0x5574e4e70de0 .part v0x5574e4e5f5d0_0, 60, 1;
L_0x5574e4e71350 .part v0x5574e4e5f4f0_0, 61, 1;
L_0x5574e4e71440 .part v0x5574e4e5f5d0_0, 61, 1;
L_0x5574e4e719c0 .part v0x5574e4e5f4f0_0, 62, 1;
L_0x5574e4e722c0 .part v0x5574e4e5f5d0_0, 62, 1;
LS_0x5574e4e72fc0_0_0 .concat8 [ 1 1 1 1], L_0x5574e4e09ef0, L_0x5574e4e5fb30, L_0x5574e4e5fdb0, L_0x5574e4e5fff0;
LS_0x5574e4e72fc0_0_4 .concat8 [ 1 1 1 1], L_0x5574e4e60240, L_0x5574e4e60520, L_0x5574e4e607c0, L_0x5574e4e60750;
LS_0x5574e4e72fc0_0_8 .concat8 [ 1 1 1 1], L_0x5574e4e60d60, L_0x5574e4e61080, L_0x5574e4e613b0, L_0x5574e4e61650;
LS_0x5574e4e72fc0_0_12 .concat8 [ 1 1 1 1], L_0x5574e4e619a0, L_0x5574e4e61d00, L_0x5574e4e62070, L_0x5574e4e62600;
LS_0x5574e4e72fc0_0_16 .concat8 [ 1 1 1 1], L_0x5574e4e62990, L_0x5574e4e62d30, L_0x5574e4e630e0, L_0x5574e4e634a0;
LS_0x5574e4e72fc0_0_20 .concat8 [ 1 1 1 1], L_0x5574e4e63870, L_0x5574e4e63c50, L_0x5574e4e64040, L_0x5574e4e64440;
LS_0x5574e4e72fc0_0_24 .concat8 [ 1 1 1 1], L_0x5574e4e64850, L_0x5574e4e64c70, L_0x5574e4e650a0, L_0x5574e4e654e0;
LS_0x5574e4e72fc0_0_28 .concat8 [ 1 1 1 1], L_0x5574e4e65930, L_0x5574e4e65d90, L_0x5574e4e66200, L_0x5574e4e66ea0;
LS_0x5574e4e72fc0_0_32 .concat8 [ 1 1 1 1], L_0x5574e4e67330, L_0x5574e4e677d0, L_0x5574e4e67c80, L_0x5574e4e68140;
LS_0x5574e4e72fc0_0_36 .concat8 [ 1 1 1 1], L_0x5574e4e68610, L_0x5574e4e68af0, L_0x5574e4e68fe0, L_0x5574e4e694e0;
LS_0x5574e4e72fc0_0_40 .concat8 [ 1 1 1 1], L_0x5574e4e699f0, L_0x5574e4e69f10, L_0x5574e4e6a440, L_0x5574e4e6a980;
LS_0x5574e4e72fc0_0_44 .concat8 [ 1 1 1 1], L_0x5574e4e6aed0, L_0x5574e4e6b430, L_0x5574e4e6b9a0, L_0x5574e4e6bf20;
LS_0x5574e4e72fc0_0_48 .concat8 [ 1 1 1 1], L_0x5574e4e6c4b0, L_0x5574e4e6ca50, L_0x5574e4e6d000, L_0x5574e4e6d5c0;
LS_0x5574e4e72fc0_0_52 .concat8 [ 1 1 1 1], L_0x5574e4e6db90, L_0x5574e4e6e170, L_0x5574e4e6e760, L_0x5574e4e6ed60;
LS_0x5574e4e72fc0_0_56 .concat8 [ 1 1 1 1], L_0x5574e4e6f370, L_0x5574e4e6f990, L_0x5574e4e6ffc0, L_0x5574e4e70600;
LS_0x5574e4e72fc0_0_60 .concat8 [ 1 1 1 1], L_0x5574e4e70c50, L_0x5574e4e712b0, L_0x5574e4e71920, L_0x5574e4e74460;
LS_0x5574e4e72fc0_1_0 .concat8 [ 4 4 4 4], LS_0x5574e4e72fc0_0_0, LS_0x5574e4e72fc0_0_4, LS_0x5574e4e72fc0_0_8, LS_0x5574e4e72fc0_0_12;
LS_0x5574e4e72fc0_1_4 .concat8 [ 4 4 4 4], LS_0x5574e4e72fc0_0_16, LS_0x5574e4e72fc0_0_20, LS_0x5574e4e72fc0_0_24, LS_0x5574e4e72fc0_0_28;
LS_0x5574e4e72fc0_1_8 .concat8 [ 4 4 4 4], LS_0x5574e4e72fc0_0_32, LS_0x5574e4e72fc0_0_36, LS_0x5574e4e72fc0_0_40, LS_0x5574e4e72fc0_0_44;
LS_0x5574e4e72fc0_1_12 .concat8 [ 4 4 4 4], LS_0x5574e4e72fc0_0_48, LS_0x5574e4e72fc0_0_52, LS_0x5574e4e72fc0_0_56, LS_0x5574e4e72fc0_0_60;
L_0x5574e4e72fc0 .concat8 [ 16 16 16 16], LS_0x5574e4e72fc0_1_0, LS_0x5574e4e72fc0_1_4, LS_0x5574e4e72fc0_1_8, LS_0x5574e4e72fc0_1_12;
L_0x5574e4e74520 .part v0x5574e4e5f4f0_0, 63, 1;
L_0x5574e4e74a20 .part v0x5574e4e5f5d0_0, 63, 1;
S_0x5574e4db6cf0 .scope generate, "genblk1[0]" "genblk1[0]" 3 9, 3 9 0, S_0x5574e4df1180;
 .timescale 0 0;
P_0x5574e4db6ed0 .param/l "i" 0 3 9, +C4<00>;
L_0x5574e4e09ef0 .functor AND 1, L_0x5574e4e5f900, L_0x5574e4e5f9f0, C4<1>, C4<1>;
v0x5574e4e20050_0 .net *"_ivl_0", 0 0, L_0x5574e4e5f900;  1 drivers
v0x5574e4e1f480_0 .net *"_ivl_1", 0 0, L_0x5574e4e5f9f0;  1 drivers
S_0x5574e4e49280 .scope generate, "genblk1[1]" "genblk1[1]" 3 9, 3 9 0, S_0x5574e4df1180;
 .timescale 0 0;
P_0x5574e4e494a0 .param/l "i" 0 3 9, +C4<01>;
L_0x5574e4e5fb30 .functor AND 1, L_0x5574e4e5fba0, L_0x5574e4e5fc90, C4<1>, C4<1>;
v0x5574e4e1e8b0_0 .net *"_ivl_0", 0 0, L_0x5574e4e5fba0;  1 drivers
v0x5574e4e1dce0_0 .net *"_ivl_1", 0 0, L_0x5574e4e5fc90;  1 drivers
S_0x5574e4e495e0 .scope generate, "genblk1[2]" "genblk1[2]" 3 9, 3 9 0, S_0x5574e4df1180;
 .timescale 0 0;
P_0x5574e4e497e0 .param/l "i" 0 3 9, +C4<010>;
L_0x5574e4e5fdb0 .functor AND 1, L_0x5574e4e5fe20, L_0x5574e4e5ff10, C4<1>, C4<1>;
v0x5574e4df9dd0_0 .net *"_ivl_0", 0 0, L_0x5574e4e5fe20;  1 drivers
v0x5574e4df9220_0 .net *"_ivl_1", 0 0, L_0x5574e4e5ff10;  1 drivers
S_0x5574e4e49920 .scope generate, "genblk1[3]" "genblk1[3]" 3 9, 3 9 0, S_0x5574e4df1180;
 .timescale 0 0;
P_0x5574e4e49b20 .param/l "i" 0 3 9, +C4<011>;
L_0x5574e4e5fff0 .functor AND 1, L_0x5574e4e60060, L_0x5574e4e60100, C4<1>, C4<1>;
v0x5574e4df8380_0 .net *"_ivl_0", 0 0, L_0x5574e4e60060;  1 drivers
v0x5574e4e49c40_0 .net *"_ivl_1", 0 0, L_0x5574e4e60100;  1 drivers
S_0x5574e4e49d20 .scope generate, "genblk1[4]" "genblk1[4]" 3 9, 3 9 0, S_0x5574e4df1180;
 .timescale 0 0;
P_0x5574e4e49f70 .param/l "i" 0 3 9, +C4<0100>;
L_0x5574e4e60240 .functor AND 1, L_0x5574e4e602e0, L_0x5574e4e603d0, C4<1>, C4<1>;
v0x5574e4e4a050_0 .net *"_ivl_0", 0 0, L_0x5574e4e602e0;  1 drivers
v0x5574e4e4a130_0 .net *"_ivl_1", 0 0, L_0x5574e4e603d0;  1 drivers
S_0x5574e4e4a210 .scope generate, "genblk1[5]" "genblk1[5]" 3 9, 3 9 0, S_0x5574e4df1180;
 .timescale 0 0;
P_0x5574e4e4a410 .param/l "i" 0 3 9, +C4<0101>;
L_0x5574e4e60520 .functor AND 1, L_0x5574e4e605c0, L_0x5574e4e60660, C4<1>, C4<1>;
v0x5574e4e4a4f0_0 .net *"_ivl_0", 0 0, L_0x5574e4e605c0;  1 drivers
v0x5574e4e4a5d0_0 .net *"_ivl_1", 0 0, L_0x5574e4e60660;  1 drivers
S_0x5574e4e4a6b0 .scope generate, "genblk1[6]" "genblk1[6]" 3 9, 3 9 0, S_0x5574e4df1180;
 .timescale 0 0;
P_0x5574e4e4a8b0 .param/l "i" 0 3 9, +C4<0110>;
L_0x5574e4e607c0 .functor AND 1, L_0x5574e4e60860, L_0x5574e4e60950, C4<1>, C4<1>;
v0x5574e4e4a990_0 .net *"_ivl_0", 0 0, L_0x5574e4e60860;  1 drivers
v0x5574e4e4aa70_0 .net *"_ivl_1", 0 0, L_0x5574e4e60950;  1 drivers
S_0x5574e4e4ab50 .scope generate, "genblk1[7]" "genblk1[7]" 3 9, 3 9 0, S_0x5574e4df1180;
 .timescale 0 0;
P_0x5574e4e4ad50 .param/l "i" 0 3 9, +C4<0111>;
L_0x5574e4e60750 .functor AND 1, L_0x5574e4e60af0, L_0x5574e4e60be0, C4<1>, C4<1>;
v0x5574e4e4ae30_0 .net *"_ivl_0", 0 0, L_0x5574e4e60af0;  1 drivers
v0x5574e4e4af10_0 .net *"_ivl_1", 0 0, L_0x5574e4e60be0;  1 drivers
S_0x5574e4e4aff0 .scope generate, "genblk1[8]" "genblk1[8]" 3 9, 3 9 0, S_0x5574e4df1180;
 .timescale 0 0;
P_0x5574e4e49f20 .param/l "i" 0 3 9, +C4<01000>;
L_0x5574e4e60d60 .functor AND 1, L_0x5574e4e60e00, L_0x5574e4e60ef0, C4<1>, C4<1>;
v0x5574e4e4b280_0 .net *"_ivl_0", 0 0, L_0x5574e4e60e00;  1 drivers
v0x5574e4e4b360_0 .net *"_ivl_1", 0 0, L_0x5574e4e60ef0;  1 drivers
S_0x5574e4e4b440 .scope generate, "genblk1[9]" "genblk1[9]" 3 9, 3 9 0, S_0x5574e4df1180;
 .timescale 0 0;
P_0x5574e4e4b640 .param/l "i" 0 3 9, +C4<01001>;
L_0x5574e4e61080 .functor AND 1, L_0x5574e4e61120, L_0x5574e4e61210, C4<1>, C4<1>;
v0x5574e4e4b720_0 .net *"_ivl_0", 0 0, L_0x5574e4e61120;  1 drivers
v0x5574e4e4b800_0 .net *"_ivl_1", 0 0, L_0x5574e4e61210;  1 drivers
S_0x5574e4e4b8e0 .scope generate, "genblk1[10]" "genblk1[10]" 3 9, 3 9 0, S_0x5574e4df1180;
 .timescale 0 0;
P_0x5574e4e4bae0 .param/l "i" 0 3 9, +C4<01010>;
L_0x5574e4e613b0 .functor AND 1, L_0x5574e4e60fe0, L_0x5574e4e614a0, C4<1>, C4<1>;
v0x5574e4e4bbc0_0 .net *"_ivl_0", 0 0, L_0x5574e4e60fe0;  1 drivers
v0x5574e4e4bca0_0 .net *"_ivl_1", 0 0, L_0x5574e4e614a0;  1 drivers
S_0x5574e4e4bd80 .scope generate, "genblk1[11]" "genblk1[11]" 3 9, 3 9 0, S_0x5574e4df1180;
 .timescale 0 0;
P_0x5574e4e4bf80 .param/l "i" 0 3 9, +C4<01011>;
L_0x5574e4e61650 .functor AND 1, L_0x5574e4e616f0, L_0x5574e4e617e0, C4<1>, C4<1>;
v0x5574e4e4c060_0 .net *"_ivl_0", 0 0, L_0x5574e4e616f0;  1 drivers
v0x5574e4e4c140_0 .net *"_ivl_1", 0 0, L_0x5574e4e617e0;  1 drivers
S_0x5574e4e4c220 .scope generate, "genblk1[12]" "genblk1[12]" 3 9, 3 9 0, S_0x5574e4df1180;
 .timescale 0 0;
P_0x5574e4e4c420 .param/l "i" 0 3 9, +C4<01100>;
L_0x5574e4e619a0 .functor AND 1, L_0x5574e4e61a40, L_0x5574e4e61b30, C4<1>, C4<1>;
v0x5574e4e4c500_0 .net *"_ivl_0", 0 0, L_0x5574e4e61a40;  1 drivers
v0x5574e4e4c5e0_0 .net *"_ivl_1", 0 0, L_0x5574e4e61b30;  1 drivers
S_0x5574e4e4c6c0 .scope generate, "genblk1[13]" "genblk1[13]" 3 9, 3 9 0, S_0x5574e4df1180;
 .timescale 0 0;
P_0x5574e4e4c8c0 .param/l "i" 0 3 9, +C4<01101>;
L_0x5574e4e61d00 .functor AND 1, L_0x5574e4e61da0, L_0x5574e4e61e90, C4<1>, C4<1>;
v0x5574e4e4c9a0_0 .net *"_ivl_0", 0 0, L_0x5574e4e61da0;  1 drivers
v0x5574e4e4ca80_0 .net *"_ivl_1", 0 0, L_0x5574e4e61e90;  1 drivers
S_0x5574e4e4cb60 .scope generate, "genblk1[14]" "genblk1[14]" 3 9, 3 9 0, S_0x5574e4df1180;
 .timescale 0 0;
P_0x5574e4e4cd60 .param/l "i" 0 3 9, +C4<01110>;
L_0x5574e4e62070 .functor AND 1, L_0x5574e4e62110, L_0x5574e4e62200, C4<1>, C4<1>;
v0x5574e4e4ce40_0 .net *"_ivl_0", 0 0, L_0x5574e4e62110;  1 drivers
v0x5574e4e4cf20_0 .net *"_ivl_1", 0 0, L_0x5574e4e62200;  1 drivers
S_0x5574e4e4d000 .scope generate, "genblk1[15]" "genblk1[15]" 3 9, 3 9 0, S_0x5574e4df1180;
 .timescale 0 0;
P_0x5574e4e4d200 .param/l "i" 0 3 9, +C4<01111>;
L_0x5574e4e62600 .functor AND 1, L_0x5574e4e626a0, L_0x5574e4e62790, C4<1>, C4<1>;
v0x5574e4e4d2e0_0 .net *"_ivl_0", 0 0, L_0x5574e4e626a0;  1 drivers
v0x5574e4e4d3c0_0 .net *"_ivl_1", 0 0, L_0x5574e4e62790;  1 drivers
S_0x5574e4e4d4a0 .scope generate, "genblk1[16]" "genblk1[16]" 3 9, 3 9 0, S_0x5574e4df1180;
 .timescale 0 0;
P_0x5574e4e4d6a0 .param/l "i" 0 3 9, +C4<010000>;
L_0x5574e4e62990 .functor AND 1, L_0x5574e4e62a30, L_0x5574e4e62b20, C4<1>, C4<1>;
v0x5574e4e4d780_0 .net *"_ivl_0", 0 0, L_0x5574e4e62a30;  1 drivers
v0x5574e4e4d860_0 .net *"_ivl_1", 0 0, L_0x5574e4e62b20;  1 drivers
S_0x5574e4e4d940 .scope generate, "genblk1[17]" "genblk1[17]" 3 9, 3 9 0, S_0x5574e4df1180;
 .timescale 0 0;
P_0x5574e4e4db40 .param/l "i" 0 3 9, +C4<010001>;
L_0x5574e4e62d30 .functor AND 1, L_0x5574e4e62dd0, L_0x5574e4e62ec0, C4<1>, C4<1>;
v0x5574e4e4dc20_0 .net *"_ivl_0", 0 0, L_0x5574e4e62dd0;  1 drivers
v0x5574e4e4dd00_0 .net *"_ivl_1", 0 0, L_0x5574e4e62ec0;  1 drivers
S_0x5574e4e4dde0 .scope generate, "genblk1[18]" "genblk1[18]" 3 9, 3 9 0, S_0x5574e4df1180;
 .timescale 0 0;
P_0x5574e4e4dfe0 .param/l "i" 0 3 9, +C4<010010>;
L_0x5574e4e630e0 .functor AND 1, L_0x5574e4e63180, L_0x5574e4e63270, C4<1>, C4<1>;
v0x5574e4e4e0c0_0 .net *"_ivl_0", 0 0, L_0x5574e4e63180;  1 drivers
v0x5574e4e4e1a0_0 .net *"_ivl_1", 0 0, L_0x5574e4e63270;  1 drivers
S_0x5574e4e4e280 .scope generate, "genblk1[19]" "genblk1[19]" 3 9, 3 9 0, S_0x5574e4df1180;
 .timescale 0 0;
P_0x5574e4e4e480 .param/l "i" 0 3 9, +C4<010011>;
L_0x5574e4e634a0 .functor AND 1, L_0x5574e4e63540, L_0x5574e4e63630, C4<1>, C4<1>;
v0x5574e4e4e560_0 .net *"_ivl_0", 0 0, L_0x5574e4e63540;  1 drivers
v0x5574e4e4e640_0 .net *"_ivl_1", 0 0, L_0x5574e4e63630;  1 drivers
S_0x5574e4e4e720 .scope generate, "genblk1[20]" "genblk1[20]" 3 9, 3 9 0, S_0x5574e4df1180;
 .timescale 0 0;
P_0x5574e4e4e920 .param/l "i" 0 3 9, +C4<010100>;
L_0x5574e4e63870 .functor AND 1, L_0x5574e4e63910, L_0x5574e4e63a00, C4<1>, C4<1>;
v0x5574e4e4ea00_0 .net *"_ivl_0", 0 0, L_0x5574e4e63910;  1 drivers
v0x5574e4e4eae0_0 .net *"_ivl_1", 0 0, L_0x5574e4e63a00;  1 drivers
S_0x5574e4e4ebc0 .scope generate, "genblk1[21]" "genblk1[21]" 3 9, 3 9 0, S_0x5574e4df1180;
 .timescale 0 0;
P_0x5574e4e4edc0 .param/l "i" 0 3 9, +C4<010101>;
L_0x5574e4e63c50 .functor AND 1, L_0x5574e4e63cf0, L_0x5574e4e63de0, C4<1>, C4<1>;
v0x5574e4e4eea0_0 .net *"_ivl_0", 0 0, L_0x5574e4e63cf0;  1 drivers
v0x5574e4e4ef80_0 .net *"_ivl_1", 0 0, L_0x5574e4e63de0;  1 drivers
S_0x5574e4e4f060 .scope generate, "genblk1[22]" "genblk1[22]" 3 9, 3 9 0, S_0x5574e4df1180;
 .timescale 0 0;
P_0x5574e4e4f260 .param/l "i" 0 3 9, +C4<010110>;
L_0x5574e4e64040 .functor AND 1, L_0x5574e4e640e0, L_0x5574e4e641d0, C4<1>, C4<1>;
v0x5574e4e4f340_0 .net *"_ivl_0", 0 0, L_0x5574e4e640e0;  1 drivers
v0x5574e4e4f420_0 .net *"_ivl_1", 0 0, L_0x5574e4e641d0;  1 drivers
S_0x5574e4e4f500 .scope generate, "genblk1[23]" "genblk1[23]" 3 9, 3 9 0, S_0x5574e4df1180;
 .timescale 0 0;
P_0x5574e4e4f700 .param/l "i" 0 3 9, +C4<010111>;
L_0x5574e4e64440 .functor AND 1, L_0x5574e4e644e0, L_0x5574e4e645d0, C4<1>, C4<1>;
v0x5574e4e4f7e0_0 .net *"_ivl_0", 0 0, L_0x5574e4e644e0;  1 drivers
v0x5574e4e4f8c0_0 .net *"_ivl_1", 0 0, L_0x5574e4e645d0;  1 drivers
S_0x5574e4e4f9a0 .scope generate, "genblk1[24]" "genblk1[24]" 3 9, 3 9 0, S_0x5574e4df1180;
 .timescale 0 0;
P_0x5574e4e4fba0 .param/l "i" 0 3 9, +C4<011000>;
L_0x5574e4e64850 .functor AND 1, L_0x5574e4e648f0, L_0x5574e4e649e0, C4<1>, C4<1>;
v0x5574e4e4fc80_0 .net *"_ivl_0", 0 0, L_0x5574e4e648f0;  1 drivers
v0x5574e4e4fd60_0 .net *"_ivl_1", 0 0, L_0x5574e4e649e0;  1 drivers
S_0x5574e4e4fe40 .scope generate, "genblk1[25]" "genblk1[25]" 3 9, 3 9 0, S_0x5574e4df1180;
 .timescale 0 0;
P_0x5574e4e50040 .param/l "i" 0 3 9, +C4<011001>;
L_0x5574e4e64c70 .functor AND 1, L_0x5574e4e64d10, L_0x5574e4e64e00, C4<1>, C4<1>;
v0x5574e4e50120_0 .net *"_ivl_0", 0 0, L_0x5574e4e64d10;  1 drivers
v0x5574e4e50200_0 .net *"_ivl_1", 0 0, L_0x5574e4e64e00;  1 drivers
S_0x5574e4e502e0 .scope generate, "genblk1[26]" "genblk1[26]" 3 9, 3 9 0, S_0x5574e4df1180;
 .timescale 0 0;
P_0x5574e4e504e0 .param/l "i" 0 3 9, +C4<011010>;
L_0x5574e4e650a0 .functor AND 1, L_0x5574e4e65140, L_0x5574e4e65230, C4<1>, C4<1>;
v0x5574e4e505c0_0 .net *"_ivl_0", 0 0, L_0x5574e4e65140;  1 drivers
v0x5574e4e506a0_0 .net *"_ivl_1", 0 0, L_0x5574e4e65230;  1 drivers
S_0x5574e4e50780 .scope generate, "genblk1[27]" "genblk1[27]" 3 9, 3 9 0, S_0x5574e4df1180;
 .timescale 0 0;
P_0x5574e4e50980 .param/l "i" 0 3 9, +C4<011011>;
L_0x5574e4e654e0 .functor AND 1, L_0x5574e4e65580, L_0x5574e4e65670, C4<1>, C4<1>;
v0x5574e4e50a60_0 .net *"_ivl_0", 0 0, L_0x5574e4e65580;  1 drivers
v0x5574e4e50b40_0 .net *"_ivl_1", 0 0, L_0x5574e4e65670;  1 drivers
S_0x5574e4e50c20 .scope generate, "genblk1[28]" "genblk1[28]" 3 9, 3 9 0, S_0x5574e4df1180;
 .timescale 0 0;
P_0x5574e4e50e20 .param/l "i" 0 3 9, +C4<011100>;
L_0x5574e4e65930 .functor AND 1, L_0x5574e4e659d0, L_0x5574e4e65ac0, C4<1>, C4<1>;
v0x5574e4e50f00_0 .net *"_ivl_0", 0 0, L_0x5574e4e659d0;  1 drivers
v0x5574e4e50fe0_0 .net *"_ivl_1", 0 0, L_0x5574e4e65ac0;  1 drivers
S_0x5574e4e510c0 .scope generate, "genblk1[29]" "genblk1[29]" 3 9, 3 9 0, S_0x5574e4df1180;
 .timescale 0 0;
P_0x5574e4e512c0 .param/l "i" 0 3 9, +C4<011101>;
L_0x5574e4e65d90 .functor AND 1, L_0x5574e4e65e30, L_0x5574e4e65f20, C4<1>, C4<1>;
v0x5574e4e513a0_0 .net *"_ivl_0", 0 0, L_0x5574e4e65e30;  1 drivers
v0x5574e4e51480_0 .net *"_ivl_1", 0 0, L_0x5574e4e65f20;  1 drivers
S_0x5574e4e51560 .scope generate, "genblk1[30]" "genblk1[30]" 3 9, 3 9 0, S_0x5574e4df1180;
 .timescale 0 0;
P_0x5574e4e51760 .param/l "i" 0 3 9, +C4<011110>;
L_0x5574e4e66200 .functor AND 1, L_0x5574e4e662a0, L_0x5574e4e667a0, C4<1>, C4<1>;
v0x5574e4e51840_0 .net *"_ivl_0", 0 0, L_0x5574e4e662a0;  1 drivers
v0x5574e4e51920_0 .net *"_ivl_1", 0 0, L_0x5574e4e667a0;  1 drivers
S_0x5574e4e51a00 .scope generate, "genblk1[31]" "genblk1[31]" 3 9, 3 9 0, S_0x5574e4df1180;
 .timescale 0 0;
P_0x5574e4e51c00 .param/l "i" 0 3 9, +C4<011111>;
L_0x5574e4e66ea0 .functor AND 1, L_0x5574e4e66f40, L_0x5574e4e67030, C4<1>, C4<1>;
v0x5574e4e51ce0_0 .net *"_ivl_0", 0 0, L_0x5574e4e66f40;  1 drivers
v0x5574e4e51dc0_0 .net *"_ivl_1", 0 0, L_0x5574e4e67030;  1 drivers
S_0x5574e4e51ea0 .scope generate, "genblk1[32]" "genblk1[32]" 3 9, 3 9 0, S_0x5574e4df1180;
 .timescale 0 0;
P_0x5574e4e520a0 .param/l "i" 0 3 9, +C4<0100000>;
L_0x5574e4e67330 .functor AND 1, L_0x5574e4e673d0, L_0x5574e4e674c0, C4<1>, C4<1>;
v0x5574e4e52160_0 .net *"_ivl_0", 0 0, L_0x5574e4e673d0;  1 drivers
v0x5574e4e52260_0 .net *"_ivl_1", 0 0, L_0x5574e4e674c0;  1 drivers
S_0x5574e4e52340 .scope generate, "genblk1[33]" "genblk1[33]" 3 9, 3 9 0, S_0x5574e4df1180;
 .timescale 0 0;
P_0x5574e4e52540 .param/l "i" 0 3 9, +C4<0100001>;
L_0x5574e4e677d0 .functor AND 1, L_0x5574e4e67870, L_0x5574e4e67960, C4<1>, C4<1>;
v0x5574e4e52600_0 .net *"_ivl_0", 0 0, L_0x5574e4e67870;  1 drivers
v0x5574e4e52700_0 .net *"_ivl_1", 0 0, L_0x5574e4e67960;  1 drivers
S_0x5574e4e527e0 .scope generate, "genblk1[34]" "genblk1[34]" 3 9, 3 9 0, S_0x5574e4df1180;
 .timescale 0 0;
P_0x5574e4e529e0 .param/l "i" 0 3 9, +C4<0100010>;
L_0x5574e4e67c80 .functor AND 1, L_0x5574e4e67d20, L_0x5574e4e67e10, C4<1>, C4<1>;
v0x5574e4e52aa0_0 .net *"_ivl_0", 0 0, L_0x5574e4e67d20;  1 drivers
v0x5574e4e52ba0_0 .net *"_ivl_1", 0 0, L_0x5574e4e67e10;  1 drivers
S_0x5574e4e52c80 .scope generate, "genblk1[35]" "genblk1[35]" 3 9, 3 9 0, S_0x5574e4df1180;
 .timescale 0 0;
P_0x5574e4e52e80 .param/l "i" 0 3 9, +C4<0100011>;
L_0x5574e4e68140 .functor AND 1, L_0x5574e4e681e0, L_0x5574e4e682d0, C4<1>, C4<1>;
v0x5574e4e52f40_0 .net *"_ivl_0", 0 0, L_0x5574e4e681e0;  1 drivers
v0x5574e4e53040_0 .net *"_ivl_1", 0 0, L_0x5574e4e682d0;  1 drivers
S_0x5574e4e53120 .scope generate, "genblk1[36]" "genblk1[36]" 3 9, 3 9 0, S_0x5574e4df1180;
 .timescale 0 0;
P_0x5574e4e53320 .param/l "i" 0 3 9, +C4<0100100>;
L_0x5574e4e68610 .functor AND 1, L_0x5574e4e686b0, L_0x5574e4e687a0, C4<1>, C4<1>;
v0x5574e4e533e0_0 .net *"_ivl_0", 0 0, L_0x5574e4e686b0;  1 drivers
v0x5574e4e534e0_0 .net *"_ivl_1", 0 0, L_0x5574e4e687a0;  1 drivers
S_0x5574e4e535c0 .scope generate, "genblk1[37]" "genblk1[37]" 3 9, 3 9 0, S_0x5574e4df1180;
 .timescale 0 0;
P_0x5574e4e537c0 .param/l "i" 0 3 9, +C4<0100101>;
L_0x5574e4e68af0 .functor AND 1, L_0x5574e4e68b90, L_0x5574e4e68c80, C4<1>, C4<1>;
v0x5574e4e53880_0 .net *"_ivl_0", 0 0, L_0x5574e4e68b90;  1 drivers
v0x5574e4e53980_0 .net *"_ivl_1", 0 0, L_0x5574e4e68c80;  1 drivers
S_0x5574e4e53a60 .scope generate, "genblk1[38]" "genblk1[38]" 3 9, 3 9 0, S_0x5574e4df1180;
 .timescale 0 0;
P_0x5574e4e53c60 .param/l "i" 0 3 9, +C4<0100110>;
L_0x5574e4e68fe0 .functor AND 1, L_0x5574e4e69080, L_0x5574e4e69170, C4<1>, C4<1>;
v0x5574e4e53d20_0 .net *"_ivl_0", 0 0, L_0x5574e4e69080;  1 drivers
v0x5574e4e53e20_0 .net *"_ivl_1", 0 0, L_0x5574e4e69170;  1 drivers
S_0x5574e4e53f00 .scope generate, "genblk1[39]" "genblk1[39]" 3 9, 3 9 0, S_0x5574e4df1180;
 .timescale 0 0;
P_0x5574e4e54100 .param/l "i" 0 3 9, +C4<0100111>;
L_0x5574e4e694e0 .functor AND 1, L_0x5574e4e69580, L_0x5574e4e69670, C4<1>, C4<1>;
v0x5574e4e541c0_0 .net *"_ivl_0", 0 0, L_0x5574e4e69580;  1 drivers
v0x5574e4e542c0_0 .net *"_ivl_1", 0 0, L_0x5574e4e69670;  1 drivers
S_0x5574e4e543a0 .scope generate, "genblk1[40]" "genblk1[40]" 3 9, 3 9 0, S_0x5574e4df1180;
 .timescale 0 0;
P_0x5574e4e545a0 .param/l "i" 0 3 9, +C4<0101000>;
L_0x5574e4e699f0 .functor AND 1, L_0x5574e4e69a90, L_0x5574e4e69b80, C4<1>, C4<1>;
v0x5574e4e54660_0 .net *"_ivl_0", 0 0, L_0x5574e4e69a90;  1 drivers
v0x5574e4e54760_0 .net *"_ivl_1", 0 0, L_0x5574e4e69b80;  1 drivers
S_0x5574e4e54840 .scope generate, "genblk1[41]" "genblk1[41]" 3 9, 3 9 0, S_0x5574e4df1180;
 .timescale 0 0;
P_0x5574e4e54a40 .param/l "i" 0 3 9, +C4<0101001>;
L_0x5574e4e69f10 .functor AND 1, L_0x5574e4e69fb0, L_0x5574e4e6a0a0, C4<1>, C4<1>;
v0x5574e4e54b00_0 .net *"_ivl_0", 0 0, L_0x5574e4e69fb0;  1 drivers
v0x5574e4e54c00_0 .net *"_ivl_1", 0 0, L_0x5574e4e6a0a0;  1 drivers
S_0x5574e4e54ce0 .scope generate, "genblk1[42]" "genblk1[42]" 3 9, 3 9 0, S_0x5574e4df1180;
 .timescale 0 0;
P_0x5574e4e54ee0 .param/l "i" 0 3 9, +C4<0101010>;
L_0x5574e4e6a440 .functor AND 1, L_0x5574e4e6a4e0, L_0x5574e4e6a5d0, C4<1>, C4<1>;
v0x5574e4e54fa0_0 .net *"_ivl_0", 0 0, L_0x5574e4e6a4e0;  1 drivers
v0x5574e4e550a0_0 .net *"_ivl_1", 0 0, L_0x5574e4e6a5d0;  1 drivers
S_0x5574e4e55180 .scope generate, "genblk1[43]" "genblk1[43]" 3 9, 3 9 0, S_0x5574e4df1180;
 .timescale 0 0;
P_0x5574e4e55380 .param/l "i" 0 3 9, +C4<0101011>;
L_0x5574e4e6a980 .functor AND 1, L_0x5574e4e6aa20, L_0x5574e4e6ab10, C4<1>, C4<1>;
v0x5574e4e55440_0 .net *"_ivl_0", 0 0, L_0x5574e4e6aa20;  1 drivers
v0x5574e4e55540_0 .net *"_ivl_1", 0 0, L_0x5574e4e6ab10;  1 drivers
S_0x5574e4e55620 .scope generate, "genblk1[44]" "genblk1[44]" 3 9, 3 9 0, S_0x5574e4df1180;
 .timescale 0 0;
P_0x5574e4e55820 .param/l "i" 0 3 9, +C4<0101100>;
L_0x5574e4e6aed0 .functor AND 1, L_0x5574e4e6af70, L_0x5574e4e6b060, C4<1>, C4<1>;
v0x5574e4e558e0_0 .net *"_ivl_0", 0 0, L_0x5574e4e6af70;  1 drivers
v0x5574e4e559e0_0 .net *"_ivl_1", 0 0, L_0x5574e4e6b060;  1 drivers
S_0x5574e4e55ac0 .scope generate, "genblk1[45]" "genblk1[45]" 3 9, 3 9 0, S_0x5574e4df1180;
 .timescale 0 0;
P_0x5574e4e55cc0 .param/l "i" 0 3 9, +C4<0101101>;
L_0x5574e4e6b430 .functor AND 1, L_0x5574e4e6b4d0, L_0x5574e4e6b5c0, C4<1>, C4<1>;
v0x5574e4e55d80_0 .net *"_ivl_0", 0 0, L_0x5574e4e6b4d0;  1 drivers
v0x5574e4e55e80_0 .net *"_ivl_1", 0 0, L_0x5574e4e6b5c0;  1 drivers
S_0x5574e4e55f60 .scope generate, "genblk1[46]" "genblk1[46]" 3 9, 3 9 0, S_0x5574e4df1180;
 .timescale 0 0;
P_0x5574e4e56160 .param/l "i" 0 3 9, +C4<0101110>;
L_0x5574e4e6b9a0 .functor AND 1, L_0x5574e4e6ba40, L_0x5574e4e6bb30, C4<1>, C4<1>;
v0x5574e4e56220_0 .net *"_ivl_0", 0 0, L_0x5574e4e6ba40;  1 drivers
v0x5574e4e56320_0 .net *"_ivl_1", 0 0, L_0x5574e4e6bb30;  1 drivers
S_0x5574e4e56400 .scope generate, "genblk1[47]" "genblk1[47]" 3 9, 3 9 0, S_0x5574e4df1180;
 .timescale 0 0;
P_0x5574e4e56600 .param/l "i" 0 3 9, +C4<0101111>;
L_0x5574e4e6bf20 .functor AND 1, L_0x5574e4e6bfc0, L_0x5574e4e6c0b0, C4<1>, C4<1>;
v0x5574e4e566c0_0 .net *"_ivl_0", 0 0, L_0x5574e4e6bfc0;  1 drivers
v0x5574e4e567c0_0 .net *"_ivl_1", 0 0, L_0x5574e4e6c0b0;  1 drivers
S_0x5574e4e568a0 .scope generate, "genblk1[48]" "genblk1[48]" 3 9, 3 9 0, S_0x5574e4df1180;
 .timescale 0 0;
P_0x5574e4e56aa0 .param/l "i" 0 3 9, +C4<0110000>;
L_0x5574e4e6c4b0 .functor AND 1, L_0x5574e4e6c550, L_0x5574e4e6c640, C4<1>, C4<1>;
v0x5574e4e56b60_0 .net *"_ivl_0", 0 0, L_0x5574e4e6c550;  1 drivers
v0x5574e4e56c60_0 .net *"_ivl_1", 0 0, L_0x5574e4e6c640;  1 drivers
S_0x5574e4e56d40 .scope generate, "genblk1[49]" "genblk1[49]" 3 9, 3 9 0, S_0x5574e4df1180;
 .timescale 0 0;
P_0x5574e4e56f40 .param/l "i" 0 3 9, +C4<0110001>;
L_0x5574e4e6ca50 .functor AND 1, L_0x5574e4e6caf0, L_0x5574e4e6cbe0, C4<1>, C4<1>;
v0x5574e4e57000_0 .net *"_ivl_0", 0 0, L_0x5574e4e6caf0;  1 drivers
v0x5574e4e57100_0 .net *"_ivl_1", 0 0, L_0x5574e4e6cbe0;  1 drivers
S_0x5574e4e571e0 .scope generate, "genblk1[50]" "genblk1[50]" 3 9, 3 9 0, S_0x5574e4df1180;
 .timescale 0 0;
P_0x5574e4e573e0 .param/l "i" 0 3 9, +C4<0110010>;
L_0x5574e4e6d000 .functor AND 1, L_0x5574e4e6d0a0, L_0x5574e4e6d190, C4<1>, C4<1>;
v0x5574e4e574a0_0 .net *"_ivl_0", 0 0, L_0x5574e4e6d0a0;  1 drivers
v0x5574e4e575a0_0 .net *"_ivl_1", 0 0, L_0x5574e4e6d190;  1 drivers
S_0x5574e4e57680 .scope generate, "genblk1[51]" "genblk1[51]" 3 9, 3 9 0, S_0x5574e4df1180;
 .timescale 0 0;
P_0x5574e4e57880 .param/l "i" 0 3 9, +C4<0110011>;
L_0x5574e4e6d5c0 .functor AND 1, L_0x5574e4e6d660, L_0x5574e4e6d750, C4<1>, C4<1>;
v0x5574e4e57940_0 .net *"_ivl_0", 0 0, L_0x5574e4e6d660;  1 drivers
v0x5574e4e57a40_0 .net *"_ivl_1", 0 0, L_0x5574e4e6d750;  1 drivers
S_0x5574e4e57b20 .scope generate, "genblk1[52]" "genblk1[52]" 3 9, 3 9 0, S_0x5574e4df1180;
 .timescale 0 0;
P_0x5574e4e57d20 .param/l "i" 0 3 9, +C4<0110100>;
L_0x5574e4e6db90 .functor AND 1, L_0x5574e4e6dc30, L_0x5574e4e6dd20, C4<1>, C4<1>;
v0x5574e4e57de0_0 .net *"_ivl_0", 0 0, L_0x5574e4e6dc30;  1 drivers
v0x5574e4e57ee0_0 .net *"_ivl_1", 0 0, L_0x5574e4e6dd20;  1 drivers
S_0x5574e4e57fc0 .scope generate, "genblk1[53]" "genblk1[53]" 3 9, 3 9 0, S_0x5574e4df1180;
 .timescale 0 0;
P_0x5574e4e581c0 .param/l "i" 0 3 9, +C4<0110101>;
L_0x5574e4e6e170 .functor AND 1, L_0x5574e4e6e210, L_0x5574e4e6e300, C4<1>, C4<1>;
v0x5574e4e58280_0 .net *"_ivl_0", 0 0, L_0x5574e4e6e210;  1 drivers
v0x5574e4e58380_0 .net *"_ivl_1", 0 0, L_0x5574e4e6e300;  1 drivers
S_0x5574e4e58460 .scope generate, "genblk1[54]" "genblk1[54]" 3 9, 3 9 0, S_0x5574e4df1180;
 .timescale 0 0;
P_0x5574e4e58660 .param/l "i" 0 3 9, +C4<0110110>;
L_0x5574e4e6e760 .functor AND 1, L_0x5574e4e6e800, L_0x5574e4e6e8f0, C4<1>, C4<1>;
v0x5574e4e58720_0 .net *"_ivl_0", 0 0, L_0x5574e4e6e800;  1 drivers
v0x5574e4e58820_0 .net *"_ivl_1", 0 0, L_0x5574e4e6e8f0;  1 drivers
S_0x5574e4e58900 .scope generate, "genblk1[55]" "genblk1[55]" 3 9, 3 9 0, S_0x5574e4df1180;
 .timescale 0 0;
P_0x5574e4e58b00 .param/l "i" 0 3 9, +C4<0110111>;
L_0x5574e4e6ed60 .functor AND 1, L_0x5574e4e6ee00, L_0x5574e4e6eef0, C4<1>, C4<1>;
v0x5574e4e58bc0_0 .net *"_ivl_0", 0 0, L_0x5574e4e6ee00;  1 drivers
v0x5574e4e58cc0_0 .net *"_ivl_1", 0 0, L_0x5574e4e6eef0;  1 drivers
S_0x5574e4e58da0 .scope generate, "genblk1[56]" "genblk1[56]" 3 9, 3 9 0, S_0x5574e4df1180;
 .timescale 0 0;
P_0x5574e4e58fa0 .param/l "i" 0 3 9, +C4<0111000>;
L_0x5574e4e6f370 .functor AND 1, L_0x5574e4e6f410, L_0x5574e4e6f500, C4<1>, C4<1>;
v0x5574e4e59060_0 .net *"_ivl_0", 0 0, L_0x5574e4e6f410;  1 drivers
v0x5574e4e59160_0 .net *"_ivl_1", 0 0, L_0x5574e4e6f500;  1 drivers
S_0x5574e4e59240 .scope generate, "genblk1[57]" "genblk1[57]" 3 9, 3 9 0, S_0x5574e4df1180;
 .timescale 0 0;
P_0x5574e4e59440 .param/l "i" 0 3 9, +C4<0111001>;
L_0x5574e4e6f990 .functor AND 1, L_0x5574e4e6fa30, L_0x5574e4e6fb20, C4<1>, C4<1>;
v0x5574e4e59500_0 .net *"_ivl_0", 0 0, L_0x5574e4e6fa30;  1 drivers
v0x5574e4e59600_0 .net *"_ivl_1", 0 0, L_0x5574e4e6fb20;  1 drivers
S_0x5574e4e596e0 .scope generate, "genblk1[58]" "genblk1[58]" 3 9, 3 9 0, S_0x5574e4df1180;
 .timescale 0 0;
P_0x5574e4e598e0 .param/l "i" 0 3 9, +C4<0111010>;
L_0x5574e4e6ffc0 .functor AND 1, L_0x5574e4e70060, L_0x5574e4e70150, C4<1>, C4<1>;
v0x5574e4e599a0_0 .net *"_ivl_0", 0 0, L_0x5574e4e70060;  1 drivers
v0x5574e4e59aa0_0 .net *"_ivl_1", 0 0, L_0x5574e4e70150;  1 drivers
S_0x5574e4e59b80 .scope generate, "genblk1[59]" "genblk1[59]" 3 9, 3 9 0, S_0x5574e4df1180;
 .timescale 0 0;
P_0x5574e4e59d80 .param/l "i" 0 3 9, +C4<0111011>;
L_0x5574e4e70600 .functor AND 1, L_0x5574e4e706a0, L_0x5574e4e70790, C4<1>, C4<1>;
v0x5574e4e59e40_0 .net *"_ivl_0", 0 0, L_0x5574e4e706a0;  1 drivers
v0x5574e4e59f40_0 .net *"_ivl_1", 0 0, L_0x5574e4e70790;  1 drivers
S_0x5574e4e5a020 .scope generate, "genblk1[60]" "genblk1[60]" 3 9, 3 9 0, S_0x5574e4df1180;
 .timescale 0 0;
P_0x5574e4e5a220 .param/l "i" 0 3 9, +C4<0111100>;
L_0x5574e4e70c50 .functor AND 1, L_0x5574e4e70cf0, L_0x5574e4e70de0, C4<1>, C4<1>;
v0x5574e4e5a2e0_0 .net *"_ivl_0", 0 0, L_0x5574e4e70cf0;  1 drivers
v0x5574e4e5a3e0_0 .net *"_ivl_1", 0 0, L_0x5574e4e70de0;  1 drivers
S_0x5574e4e5a4c0 .scope generate, "genblk1[61]" "genblk1[61]" 3 9, 3 9 0, S_0x5574e4df1180;
 .timescale 0 0;
P_0x5574e4e5a6c0 .param/l "i" 0 3 9, +C4<0111101>;
L_0x5574e4e712b0 .functor AND 1, L_0x5574e4e71350, L_0x5574e4e71440, C4<1>, C4<1>;
v0x5574e4e5a780_0 .net *"_ivl_0", 0 0, L_0x5574e4e71350;  1 drivers
v0x5574e4e5a880_0 .net *"_ivl_1", 0 0, L_0x5574e4e71440;  1 drivers
S_0x5574e4e5a960 .scope generate, "genblk1[62]" "genblk1[62]" 3 9, 3 9 0, S_0x5574e4df1180;
 .timescale 0 0;
P_0x5574e4e5ab60 .param/l "i" 0 3 9, +C4<0111110>;
L_0x5574e4e71920 .functor AND 1, L_0x5574e4e719c0, L_0x5574e4e722c0, C4<1>, C4<1>;
v0x5574e4e5ac20_0 .net *"_ivl_0", 0 0, L_0x5574e4e719c0;  1 drivers
v0x5574e4e5ad20_0 .net *"_ivl_1", 0 0, L_0x5574e4e722c0;  1 drivers
S_0x5574e4e5ae00 .scope generate, "genblk1[63]" "genblk1[63]" 3 9, 3 9 0, S_0x5574e4df1180;
 .timescale 0 0;
P_0x5574e4e5b000 .param/l "i" 0 3 9, +C4<0111111>;
L_0x5574e4e74460 .functor AND 1, L_0x5574e4e74520, L_0x5574e4e74a20, C4<1>, C4<1>;
v0x5574e4e5b0c0_0 .net *"_ivl_0", 0 0, L_0x5574e4e74520;  1 drivers
v0x5574e4e5b1c0_0 .net *"_ivl_1", 0 0, L_0x5574e4e74a20;  1 drivers
    .scope S_0x5574e4df0ff0;
T_0 ;
    %vpi_call 2 11 "$dumpfile", "And.vcd" {0 0 0};
    %vpi_call 2 12 "$dumpvars", 32'sb00000000000000000000000000000000, S_0x5574e4df0ff0 {0 0 0};
    %vpi_call 2 14 "$monitor", "At Time = %2t:\012 \011In1 = %64b(%d),\012 \011In2 = %64b(%d),\012 \011Out = %64b(%d),\012 \011Overflow = %b", $time, v0x5574e4e5f4f0_0, v0x5574e4e5f4f0_0, v0x5574e4e5f5d0_0, v0x5574e4e5f5d0_0, v0x5574e4e5f6a0_0, v0x5574e4e5f6a0_0, v0x5574e4e5f7a0_0 {0 0 0};
    %delay 2, 0;
    %pushi/vec4 3347467287, 0, 33;
    %concati/vec4 559800594, 0, 31;
    %store/vec4 v0x5574e4e5f4f0_0, 0, 64;
    %pushi/vec4 2434521900, 0, 33;
    %concati/vec4 688696424, 0, 31;
    %store/vec4 v0x5574e4e5f5d0_0, 0, 64;
    %delay 2, 0;
    %pushi/vec4 3386075193, 0, 32;
    %concati/vec4 3957862765, 0, 32;
    %store/vec4 v0x5574e4e5f4f0_0, 0, 64;
    %pushi/vec4 2550412867, 0, 32;
    %concati/vec4 3083723205, 0, 32;
    %store/vec4 v0x5574e4e5f5d0_0, 0, 64;
    %delay 2, 0;
    %pushi/vec4 3973270676, 0, 32;
    %concati/vec4 2185907802, 0, 32;
    %store/vec4 v0x5574e4e5f4f0_0, 0, 64;
    %pushi/vec4 2759265922, 0, 32;
    %concati/vec4 1276628940, 0, 32;
    %store/vec4 v0x5574e4e5f5d0_0, 0, 64;
    %delay 2, 0;
    %pushi/vec4 4171684142, 0, 32;
    %concati/vec4 2703938440, 0, 32;
    %store/vec4 v0x5574e4e5f4f0_0, 0, 64;
    %pushi/vec4 3020795880, 0, 32;
    %concati/vec4 361239436, 0, 32;
    %store/vec4 v0x5574e4e5f5d0_0, 0, 64;
    %delay 2, 0;
    %pushi/vec4 2161280051, 0, 32;
    %concati/vec4 175919575, 0, 32;
    %store/vec4 v0x5574e4e5f4f0_0, 0, 64;
    %pushi/vec4 2469013471, 0, 33;
    %concati/vec4 1473702667, 0, 31;
    %store/vec4 v0x5574e4e5f5d0_0, 0, 64;
    %delay 2, 0;
    %pushi/vec4 3398060466, 0, 33;
    %concati/vec4 1691337063, 0, 31;
    %store/vec4 v0x5574e4e5f4f0_0, 0, 64;
    %pushi/vec4 2612154767, 0, 32;
    %concati/vec4 1916239342, 0, 32;
    %store/vec4 v0x5574e4e5f5d0_0, 0, 64;
    %delay 2, 0;
    %pushi/vec4 2158633153, 0, 34;
    %concati/vec4 603841541, 0, 30;
    %store/vec4 v0x5574e4e5f4f0_0, 0, 64;
    %pushi/vec4 3858845158, 0, 32;
    %concati/vec4 3731289266, 0, 32;
    %store/vec4 v0x5574e4e5f5d0_0, 0, 64;
    %delay 2, 0;
    %pushi/vec4 2903281892, 0, 34;
    %concati/vec4 256934260, 0, 30;
    %store/vec4 v0x5574e4e5f4f0_0, 0, 64;
    %pushi/vec4 3016628090, 0, 32;
    %concati/vec4 2780961249, 0, 32;
    %store/vec4 v0x5574e4e5f5d0_0, 0, 64;
    %delay 2, 0;
    %pushi/vec4 2984521745, 0, 32;
    %concati/vec4 24981802, 0, 32;
    %store/vec4 v0x5574e4e5f4f0_0, 0, 64;
    %pushi/vec4 2964368971, 0, 34;
    %concati/vec4 783197665, 0, 30;
    %store/vec4 v0x5574e4e5f5d0_0, 0, 64;
    %delay 2, 0;
    %pushi/vec4 4163046527, 0, 33;
    %concati/vec4 1528069465, 0, 31;
    %store/vec4 v0x5574e4e5f4f0_0, 0, 64;
    %pushi/vec4 2459994607, 0, 32;
    %concati/vec4 299043517, 0, 32;
    %store/vec4 v0x5574e4e5f5d0_0, 0, 64;
    %delay 2, 0;
    %vpi_call 2 27 "$finish" {0 0 0};
    %end;
    .thread T_0;
# The file index is used to find the file name in the following table.
:file_names 4;
    "N/A";
    "<interactive>";
    "And_tb.v";
    "./And.v";
