#! /usr/bin/vvp
:ivl_version "11.0 (stable)";
:ivl_delay_selection "TYPICAL";
:vpi_time_precision + 0;
:vpi_module "/usr/lib/x86_64-linux-gnu/ivl/system.vpi";
:vpi_module "/usr/lib/x86_64-linux-gnu/ivl/vhdl_sys.vpi";
:vpi_module "/usr/lib/x86_64-linux-gnu/ivl/vhdl_textio.vpi";
:vpi_module "/usr/lib/x86_64-linux-gnu/ivl/v2005_math.vpi";
:vpi_module "/usr/lib/x86_64-linux-gnu/ivl/va_math.vpi";
S_0x55f24ea32df0 .scope module, "PC_Update" "PC_Update" 2 1;
 .timescale 0 0;
    .port_info 0 /INPUT 1 "Clk";
    .port_info 1 /INPUT 4 "icode";
    .port_info 2 /INPUT 1 "Condition";
    .port_info 3 /INPUT 64 "valC";
    .port_info 4 /INPUT 64 "valM";
    .port_info 5 /INPUT 64 "valP";
    .port_info 6 /OUTPUT 64 "PC";
o0x7fd3a117f018 .functor BUFZ 1, C4<z>; HiZ drive
L_0x55f24ea7cbe0 .functor NOT 1, o0x7fd3a117f018, C4<0>, C4<0>, C4<0>;
v0x55f24ea34ba0_0 .net "Clk", 0 0, o0x7fd3a117f018;  0 drivers
o0x7fd3a117f048 .functor BUFZ 1, C4<z>; HiZ drive
v0x55f24ea7c4d0_0 .net "Condition", 0 0, o0x7fd3a117f048;  0 drivers
v0x55f24ea7c590_0 .var "PC", 63 0;
v0x55f24ea7c650_0 .net *"_ivl_1", 0 0, L_0x55f24ea7cbe0;  1 drivers
o0x7fd3a117f0d8 .functor BUFZ 4, C4<zzzz>; HiZ drive
v0x55f24ea7c730_0 .net "icode", 3 0, o0x7fd3a117f0d8;  0 drivers
o0x7fd3a117f108 .functor BUFZ 64, C4<zzzzzzzzzzzzzzzzzzzzzzzzzzzzzzzzzzzzzzzzzzzzzzzzzzzzzzzzzzzzzzzz>; HiZ drive
v0x55f24ea7c860_0 .net "valC", 63 0, o0x7fd3a117f108;  0 drivers
o0x7fd3a117f138 .functor BUFZ 64, C4<zzzzzzzzzzzzzzzzzzzzzzzzzzzzzzzzzzzzzzzzzzzzzzzzzzzzzzzzzzzzzzzz>; HiZ drive
v0x55f24ea7c940_0 .net "valM", 63 0, o0x7fd3a117f138;  0 drivers
o0x7fd3a117f168 .functor BUFZ 64, C4<zzzzzzzzzzzzzzzzzzzzzzzzzzzzzzzzzzzzzzzzzzzzzzzzzzzzzzzzzzzzzzzz>; HiZ drive
v0x55f24ea7ca20_0 .net "valP", 63 0, o0x7fd3a117f168;  0 drivers
E_0x55f24ea6c260 .event edge, L_0x55f24ea7cbe0;
    .scope S_0x55f24ea32df0;
T_0 ;
    %vpi_call 2 9 "$display", "Entered PC" {0 0 0};
    %end;
    .thread T_0;
    .scope S_0x55f24ea32df0;
T_1 ;
    %wait E_0x55f24ea6c260;
    %load/vec4 v0x55f24ea7c730_0;
    %dup/vec4;
    %pushi/vec4 7, 0, 4;
    %cmp/u;
    %jmp/1 T_1.0, 6;
    %dup/vec4;
    %pushi/vec4 8, 0, 4;
    %cmp/u;
    %jmp/1 T_1.1, 6;
    %dup/vec4;
    %pushi/vec4 9, 0, 4;
    %cmp/u;
    %jmp/1 T_1.2, 6;
    %load/vec4 v0x55f24ea7ca20_0;
    %store/vec4 v0x55f24ea7c590_0, 0, 64;
    %jmp T_1.4;
T_1.0 ;
    %load/vec4 v0x55f24ea7c4d0_0;
    %flag_set/vec4 8;
    %jmp/0 T_1.5, 8;
    %load/vec4 v0x55f24ea7c860_0;
    %jmp/1 T_1.6, 8;
T_1.5 ; End of true expr.
    %load/vec4 v0x55f24ea7ca20_0;
    %jmp/0 T_1.6, 8;
 ; End of false expr.
    %blend;
T_1.6;
    %store/vec4 v0x55f24ea7c590_0, 0, 64;
    %jmp T_1.4;
T_1.1 ;
    %load/vec4 v0x55f24ea7c860_0;
    %store/vec4 v0x55f24ea7c590_0, 0, 64;
    %jmp T_1.4;
T_1.2 ;
    %load/vec4 v0x55f24ea7c940_0;
    %store/vec4 v0x55f24ea7c590_0, 0, 64;
    %jmp T_1.4;
T_1.4 ;
    %pop/vec4 1;
    %jmp T_1;
    .thread T_1, $push;
# The file index is used to find the file name in the following table.
:file_names 3;
    "N/A";
    "<interactive>";
    "PC_Update.v";
