#! /usr/bin/vvp
:ivl_version "11.0 (stable)";
:ivl_delay_selection "TYPICAL";
:vpi_time_precision + 0;
:vpi_module "/usr/lib/x86_64-linux-gnu/ivl/system.vpi";
:vpi_module "/usr/lib/x86_64-linux-gnu/ivl/vhdl_sys.vpi";
:vpi_module "/usr/lib/x86_64-linux-gnu/ivl/vhdl_textio.vpi";
:vpi_module "/usr/lib/x86_64-linux-gnu/ivl/v2005_math.vpi";
:vpi_module "/usr/lib/x86_64-linux-gnu/ivl/va_math.vpi";
S_0x55bf5011e230 .scope module, "Decode_Writeback_tb" "Decode_Writeback_tb" 2 1;
 .timescale 0 0;
v0x55bf5016b4f0_0 .var "Condition", 0 0;
v0x55bf5016b5b0_0 .var "clk", 0 0;
v0x55bf5016b680_0 .var "icode", 3 0;
v0x55bf5016b780_0 .net "r10", 63 0, v0x55bf50169f90_0;  1 drivers
v0x55bf5016b850_0 .net "r11", 63 0, v0x55bf5016a070_0;  1 drivers
v0x55bf5016b8f0_0 .net "r12", 63 0, v0x55bf5016a150_0;  1 drivers
v0x55bf5016b9c0_0 .net "r13", 63 0, v0x55bf5016a230_0;  1 drivers
v0x55bf5016ba90_0 .net "r14", 63 0, v0x55bf5016a310_0;  1 drivers
v0x55bf5016bb60_0 .net "r8", 63 0, v0x55bf5016a3f0_0;  1 drivers
v0x55bf5016bc30_0 .net "r9", 63 0, v0x55bf5016a4d0_0;  1 drivers
v0x55bf5016bd00_0 .var "rA", 3 0;
v0x55bf5016bdd0_0 .var "rB", 3 0;
v0x55bf5016bea0_0 .net "rax", 63 0, v0x55bf5016a770_0;  1 drivers
v0x55bf5016bf70_0 .net "rbp", 63 0, v0x55bf5016a850_0;  1 drivers
v0x55bf5016c040_0 .net "rbx", 63 0, v0x55bf5016a930_0;  1 drivers
v0x55bf5016c110_0 .net "rcx", 63 0, v0x55bf5016aa10_0;  1 drivers
v0x55bf5016c1e0_0 .net "rdi", 63 0, v0x55bf5016aaf0_0;  1 drivers
v0x55bf5016c3c0_0 .net "rdx", 63 0, v0x55bf5016abd0_0;  1 drivers
v0x55bf5016c490_0 .net "rsi", 63 0, v0x55bf5016acb0_0;  1 drivers
v0x55bf5016c560_0 .net "rsp", 63 0, v0x55bf5016ad90_0;  1 drivers
v0x55bf5016c630_0 .net "valA", 63 0, v0x55bf5016ae70_0;  1 drivers
v0x55bf5016c700_0 .net "valB", 63 0, v0x55bf5016af50_0;  1 drivers
v0x55bf5016c7d0_0 .var "valE", 63 0;
v0x55bf5016c8a0_0 .var "valM", 63 0;
S_0x55bf5011e3c0 .scope module, "Decode_Writeback_tb" "Decode_Writeback" 2 10, 3 1 0, S_0x55bf5011e230;
 .timescale 0 0;
    .port_info 0 /INPUT 1 "Clk";
    .port_info 1 /INPUT 4 "icode";
    .port_info 2 /INPUT 4 "rA";
    .port_info 3 /INPUT 4 "rB";
    .port_info 4 /INPUT 1 "Condition";
    .port_info 5 /OUTPUT 64 "valA";
    .port_info 6 /OUTPUT 64 "valB";
    .port_info 7 /INPUT 64 "valE";
    .port_info 8 /INPUT 64 "valM";
    .port_info 9 /OUTPUT 64 "rax";
    .port_info 10 /OUTPUT 64 "rbx";
    .port_info 11 /OUTPUT 64 "rcx";
    .port_info 12 /OUTPUT 64 "rdx";
    .port_info 13 /OUTPUT 64 "rsp";
    .port_info 14 /OUTPUT 64 "rbp";
    .port_info 15 /OUTPUT 64 "rsi";
    .port_info 16 /OUTPUT 64 "rdi";
    .port_info 17 /OUTPUT 64 "r8";
    .port_info 18 /OUTPUT 64 "r9";
    .port_info 19 /OUTPUT 64 "r10";
    .port_info 20 /OUTPUT 64 "r11";
    .port_info 21 /OUTPUT 64 "r12";
    .port_info 22 /OUTPUT 64 "r13";
    .port_info 23 /OUTPUT 64 "r14";
L_0x55bf5011c4b0 .functor NOT 1, v0x55bf5016b5b0_0, C4<0>, C4<0>, C4<0>;
v0x55bf5011c620_0 .net "Clk", 0 0, v0x55bf5016b5b0_0;  1 drivers
v0x55bf5011c6c0_0 .net "Condition", 0 0, v0x55bf5016b4f0_0;  1 drivers
v0x55bf50169ce0 .array "TempMem", 14 0, 63 0;
v0x55bf50169d80_0 .net *"_ivl_3", 0 0, L_0x55bf5011c4b0;  1 drivers
v0x55bf50169e60_0 .net "icode", 3 0, v0x55bf5016b680_0;  1 drivers
v0x55bf50169f90_0 .var "r10", 63 0;
v0x55bf5016a070_0 .var "r11", 63 0;
v0x55bf5016a150_0 .var "r12", 63 0;
v0x55bf5016a230_0 .var "r13", 63 0;
v0x55bf5016a310_0 .var "r14", 63 0;
v0x55bf5016a3f0_0 .var "r8", 63 0;
v0x55bf5016a4d0_0 .var "r9", 63 0;
v0x55bf5016a5b0_0 .net "rA", 3 0, v0x55bf5016bd00_0;  1 drivers
v0x55bf5016a690_0 .net "rB", 3 0, v0x55bf5016bdd0_0;  1 drivers
v0x55bf5016a770_0 .var "rax", 63 0;
v0x55bf5016a850_0 .var "rbp", 63 0;
v0x55bf5016a930_0 .var "rbx", 63 0;
v0x55bf5016aa10_0 .var "rcx", 63 0;
v0x55bf5016aaf0_0 .var "rdi", 63 0;
v0x55bf5016abd0_0 .var "rdx", 63 0;
v0x55bf5016acb0_0 .var "rsi", 63 0;
v0x55bf5016ad90_0 .var "rsp", 63 0;
v0x55bf5016ae70_0 .var/s "valA", 63 0;
v0x55bf5016af50_0 .var/s "valB", 63 0;
v0x55bf5016b030_0 .net/s "valE", 63 0, v0x55bf5016c7d0_0;  1 drivers
v0x55bf5016b110_0 .net "valM", 63 0, v0x55bf5016c8a0_0;  1 drivers
E_0x55bf50123010 .event edge, L_0x55bf5011c4b0;
E_0x55bf501228b0 .event posedge, v0x55bf5011c620_0;
    .scope S_0x55bf5011e3c0;
T_0 ;
    %pushi/vec4 0, 0, 64;
    %ix/load 4, 0, 0;
    %flag_set/imm 4, 0;
    %store/vec4a v0x55bf50169ce0, 4, 0;
    %pushi/vec4 1, 0, 64;
    %ix/load 4, 1, 0;
    %flag_set/imm 4, 0;
    %store/vec4a v0x55bf50169ce0, 4, 0;
    %pushi/vec4 2, 0, 64;
    %ix/load 4, 2, 0;
    %flag_set/imm 4, 0;
    %store/vec4a v0x55bf50169ce0, 4, 0;
    %pushi/vec4 3, 0, 64;
    %ix/load 4, 3, 0;
    %flag_set/imm 4, 0;
    %store/vec4a v0x55bf50169ce0, 4, 0;
    %pushi/vec4 4, 0, 64;
    %ix/load 4, 4, 0;
    %flag_set/imm 4, 0;
    %store/vec4a v0x55bf50169ce0, 4, 0;
    %pushi/vec4 5, 0, 64;
    %ix/load 4, 5, 0;
    %flag_set/imm 4, 0;
    %store/vec4a v0x55bf50169ce0, 4, 0;
    %pushi/vec4 6, 0, 64;
    %ix/load 4, 6, 0;
    %flag_set/imm 4, 0;
    %store/vec4a v0x55bf50169ce0, 4, 0;
    %pushi/vec4 7, 0, 64;
    %ix/load 4, 7, 0;
    %flag_set/imm 4, 0;
    %store/vec4a v0x55bf50169ce0, 4, 0;
    %pushi/vec4 8, 0, 64;
    %ix/load 4, 8, 0;
    %flag_set/imm 4, 0;
    %store/vec4a v0x55bf50169ce0, 4, 0;
    %pushi/vec4 9, 0, 64;
    %ix/load 4, 9, 0;
    %flag_set/imm 4, 0;
    %store/vec4a v0x55bf50169ce0, 4, 0;
    %pushi/vec4 10, 0, 64;
    %ix/load 4, 10, 0;
    %flag_set/imm 4, 0;
    %store/vec4a v0x55bf50169ce0, 4, 0;
    %pushi/vec4 11, 0, 64;
    %ix/load 4, 11, 0;
    %flag_set/imm 4, 0;
    %store/vec4a v0x55bf50169ce0, 4, 0;
    %pushi/vec4 12, 0, 64;
    %ix/load 4, 12, 0;
    %flag_set/imm 4, 0;
    %store/vec4a v0x55bf50169ce0, 4, 0;
    %pushi/vec4 13, 0, 64;
    %ix/load 4, 13, 0;
    %flag_set/imm 4, 0;
    %store/vec4a v0x55bf50169ce0, 4, 0;
    %pushi/vec4 14, 0, 64;
    %ix/load 4, 14, 0;
    %flag_set/imm 4, 0;
    %store/vec4a v0x55bf50169ce0, 4, 0;
    %end;
    .thread T_0;
    .scope S_0x55bf5011e3c0;
T_1 ;
    %wait E_0x55bf501228b0;
    %load/vec4 v0x55bf50169e60_0;
    %dup/vec4;
    %pushi/vec4 2, 0, 4;
    %cmp/u;
    %jmp/1 T_1.0, 6;
    %dup/vec4;
    %pushi/vec4 3, 0, 4;
    %cmp/u;
    %jmp/1 T_1.1, 6;
    %dup/vec4;
    %pushi/vec4 4, 0, 4;
    %cmp/u;
    %jmp/1 T_1.2, 6;
    %dup/vec4;
    %pushi/vec4 5, 0, 4;
    %cmp/u;
    %jmp/1 T_1.3, 6;
    %dup/vec4;
    %pushi/vec4 6, 0, 4;
    %cmp/u;
    %jmp/1 T_1.4, 6;
    %dup/vec4;
    %pushi/vec4 8, 0, 4;
    %cmp/u;
    %jmp/1 T_1.5, 6;
    %dup/vec4;
    %pushi/vec4 9, 0, 4;
    %cmp/u;
    %jmp/1 T_1.6, 6;
    %dup/vec4;
    %pushi/vec4 10, 0, 4;
    %cmp/u;
    %jmp/1 T_1.7, 6;
    %dup/vec4;
    %pushi/vec4 11, 0, 4;
    %cmp/u;
    %jmp/1 T_1.8, 6;
    %jmp T_1.9;
T_1.0 ;
    %load/vec4 v0x55bf5016a5b0_0;
    %pad/u 6;
    %ix/vec4 4;
    %load/vec4a v0x55bf50169ce0, 4;
    %store/vec4 v0x55bf5016ae70_0, 0, 64;
    %pushi/vec4 0, 0, 64;
    %store/vec4 v0x55bf5016af50_0, 0, 64;
    %jmp T_1.9;
T_1.1 ;
    %pushi/vec4 0, 0, 64;
    %store/vec4 v0x55bf5016af50_0, 0, 64;
    %jmp T_1.9;
T_1.2 ;
    %load/vec4 v0x55bf5016a690_0;
    %pad/u 6;
    %ix/vec4 4;
    %load/vec4a v0x55bf50169ce0, 4;
    %store/vec4 v0x55bf5016af50_0, 0, 64;
    %jmp T_1.9;
T_1.3 ;
    %load/vec4 v0x55bf5016a690_0;
    %pad/u 6;
    %ix/vec4 4;
    %load/vec4a v0x55bf50169ce0, 4;
    %store/vec4 v0x55bf5016af50_0, 0, 64;
    %jmp T_1.9;
T_1.4 ;
    %load/vec4 v0x55bf5016a5b0_0;
    %pad/u 6;
    %ix/vec4 4;
    %load/vec4a v0x55bf50169ce0, 4;
    %store/vec4 v0x55bf5016ae70_0, 0, 64;
    %load/vec4 v0x55bf5016a690_0;
    %pad/u 6;
    %ix/vec4 4;
    %load/vec4a v0x55bf50169ce0, 4;
    %store/vec4 v0x55bf5016af50_0, 0, 64;
    %jmp T_1.9;
T_1.5 ;
    %ix/load 4, 4, 0;
    %flag_set/imm 4, 0;
    %load/vec4a v0x55bf50169ce0, 4;
    %store/vec4 v0x55bf5016af50_0, 0, 64;
    %jmp T_1.9;
T_1.6 ;
    %ix/load 4, 4, 0;
    %flag_set/imm 4, 0;
    %load/vec4a v0x55bf50169ce0, 4;
    %store/vec4 v0x55bf5016af50_0, 0, 64;
    %jmp T_1.9;
T_1.7 ;
    %ix/load 4, 4, 0;
    %flag_set/imm 4, 0;
    %load/vec4a v0x55bf50169ce0, 4;
    %store/vec4 v0x55bf5016af50_0, 0, 64;
    %jmp T_1.9;
T_1.8 ;
    %ix/load 4, 4, 0;
    %flag_set/imm 4, 0;
    %load/vec4a v0x55bf50169ce0, 4;
    %store/vec4 v0x55bf5016af50_0, 0, 64;
    %jmp T_1.9;
T_1.9 ;
    %pop/vec4 1;
    %jmp T_1;
    .thread T_1;
    .scope S_0x55bf5011e3c0;
T_2 ;
    %wait E_0x55bf50123010;
    %load/vec4 v0x55bf50169e60_0;
    %dup/vec4;
    %pushi/vec4 2, 0, 4;
    %cmp/u;
    %jmp/1 T_2.0, 6;
    %dup/vec4;
    %pushi/vec4 3, 0, 4;
    %cmp/u;
    %jmp/1 T_2.1, 6;
    %dup/vec4;
    %pushi/vec4 5, 0, 4;
    %cmp/u;
    %jmp/1 T_2.2, 6;
    %dup/vec4;
    %pushi/vec4 6, 0, 4;
    %cmp/u;
    %jmp/1 T_2.3, 6;
    %dup/vec4;
    %pushi/vec4 8, 0, 4;
    %cmp/u;
    %jmp/1 T_2.4, 6;
    %dup/vec4;
    %pushi/vec4 9, 0, 4;
    %cmp/u;
    %jmp/1 T_2.5, 6;
    %dup/vec4;
    %pushi/vec4 10, 0, 4;
    %cmp/u;
    %jmp/1 T_2.6, 6;
    %dup/vec4;
    %pushi/vec4 11, 0, 4;
    %cmp/u;
    %jmp/1 T_2.7, 6;
    %jmp T_2.8;
T_2.0 ;
    %load/vec4 v0x55bf5011c6c0_0;
    %flag_set/vec4 8;
    %jmp/0xz  T_2.9, 8;
    %load/vec4 v0x55bf5016b030_0;
    %load/vec4 v0x55bf5016a690_0;
    %pad/u 6;
    %ix/vec4 4;
    %store/vec4a v0x55bf50169ce0, 4, 0;
T_2.9 ;
    %jmp T_2.8;
T_2.1 ;
    %load/vec4 v0x55bf5016b030_0;
    %load/vec4 v0x55bf5016a690_0;
    %pad/u 6;
    %ix/vec4 4;
    %store/vec4a v0x55bf50169ce0, 4, 0;
    %jmp T_2.8;
T_2.2 ;
    %load/vec4 v0x55bf5016b110_0;
    %load/vec4 v0x55bf5016a5b0_0;
    %pad/u 6;
    %ix/vec4 4;
    %store/vec4a v0x55bf50169ce0, 4, 0;
    %jmp T_2.8;
T_2.3 ;
    %load/vec4 v0x55bf5016b030_0;
    %load/vec4 v0x55bf5016a690_0;
    %pad/u 6;
    %ix/vec4 4;
    %store/vec4a v0x55bf50169ce0, 4, 0;
    %jmp T_2.8;
T_2.4 ;
    %load/vec4 v0x55bf5016b030_0;
    %ix/load 4, 4, 0;
    %flag_set/imm 4, 0;
    %store/vec4a v0x55bf50169ce0, 4, 0;
    %jmp T_2.8;
T_2.5 ;
    %load/vec4 v0x55bf5016b030_0;
    %ix/load 4, 4, 0;
    %flag_set/imm 4, 0;
    %store/vec4a v0x55bf50169ce0, 4, 0;
    %jmp T_2.8;
T_2.6 ;
    %load/vec4 v0x55bf5016b030_0;
    %ix/load 4, 4, 0;
    %flag_set/imm 4, 0;
    %store/vec4a v0x55bf50169ce0, 4, 0;
    %jmp T_2.8;
T_2.7 ;
    %load/vec4 v0x55bf5016b030_0;
    %ix/load 4, 4, 0;
    %flag_set/imm 4, 0;
    %store/vec4a v0x55bf50169ce0, 4, 0;
    %load/vec4 v0x55bf5016b110_0;
    %load/vec4 v0x55bf5016a5b0_0;
    %pad/u 6;
    %ix/vec4 4;
    %store/vec4a v0x55bf50169ce0, 4, 0;
    %jmp T_2.8;
T_2.8 ;
    %pop/vec4 1;
    %ix/load 4, 0, 0;
    %flag_set/imm 4, 0;
    %load/vec4a v0x55bf50169ce0, 4;
    %store/vec4 v0x55bf5016a770_0, 0, 64;
    %ix/load 4, 1, 0;
    %flag_set/imm 4, 0;
    %load/vec4a v0x55bf50169ce0, 4;
    %store/vec4 v0x55bf5016a930_0, 0, 64;
    %ix/load 4, 2, 0;
    %flag_set/imm 4, 0;
    %load/vec4a v0x55bf50169ce0, 4;
    %store/vec4 v0x55bf5016aa10_0, 0, 64;
    %ix/load 4, 3, 0;
    %flag_set/imm 4, 0;
    %load/vec4a v0x55bf50169ce0, 4;
    %store/vec4 v0x55bf5016abd0_0, 0, 64;
    %ix/load 4, 4, 0;
    %flag_set/imm 4, 0;
    %load/vec4a v0x55bf50169ce0, 4;
    %store/vec4 v0x55bf5016ad90_0, 0, 64;
    %ix/load 4, 5, 0;
    %flag_set/imm 4, 0;
    %load/vec4a v0x55bf50169ce0, 4;
    %store/vec4 v0x55bf5016a850_0, 0, 64;
    %ix/load 4, 6, 0;
    %flag_set/imm 4, 0;
    %load/vec4a v0x55bf50169ce0, 4;
    %store/vec4 v0x55bf5016acb0_0, 0, 64;
    %ix/load 4, 7, 0;
    %flag_set/imm 4, 0;
    %load/vec4a v0x55bf50169ce0, 4;
    %store/vec4 v0x55bf5016aaf0_0, 0, 64;
    %ix/load 4, 8, 0;
    %flag_set/imm 4, 0;
    %load/vec4a v0x55bf50169ce0, 4;
    %store/vec4 v0x55bf5016a3f0_0, 0, 64;
    %ix/load 4, 9, 0;
    %flag_set/imm 4, 0;
    %load/vec4a v0x55bf50169ce0, 4;
    %store/vec4 v0x55bf5016a4d0_0, 0, 64;
    %ix/load 4, 10, 0;
    %flag_set/imm 4, 0;
    %load/vec4a v0x55bf50169ce0, 4;
    %store/vec4 v0x55bf50169f90_0, 0, 64;
    %ix/load 4, 11, 0;
    %flag_set/imm 4, 0;
    %load/vec4a v0x55bf50169ce0, 4;
    %store/vec4 v0x55bf5016a070_0, 0, 64;
    %ix/load 4, 12, 0;
    %flag_set/imm 4, 0;
    %load/vec4a v0x55bf50169ce0, 4;
    %store/vec4 v0x55bf5016a150_0, 0, 64;
    %ix/load 4, 13, 0;
    %flag_set/imm 4, 0;
    %load/vec4a v0x55bf50169ce0, 4;
    %store/vec4 v0x55bf5016a230_0, 0, 64;
    %ix/load 4, 14, 0;
    %flag_set/imm 4, 0;
    %load/vec4a v0x55bf50169ce0, 4;
    %store/vec4 v0x55bf5016a310_0, 0, 64;
    %jmp T_2;
    .thread T_2, $push;
    .scope S_0x55bf5011e230;
T_3 ;
    %delay 10, 0;
    %load/vec4 v0x55bf5016b5b0_0;
    %inv;
    %store/vec4 v0x55bf5016b5b0_0, 0, 1;
    %jmp T_3;
    .thread T_3;
    .scope S_0x55bf5011e230;
T_4 ;
    %vpi_call 2 17 "$monitor", "At T = %4t,\012\011 icode = %1h, rA = %1h, rB = %1h, valA = %d, valB = %d \012\011 Condition = %1b, valE = %d, valM = %d , rax = %d, rbx = %d, rcx = %d, rdx = %d, rsp = %d, rbp = %d, rsi = %d, rdi = %d, r8 = %d, r9 = %d, r10 = %d, r11 = %d, r12 = %d, r13 = %d, r14 = %d", $time, v0x55bf5016b680_0, v0x55bf5016bd00_0, v0x55bf5016bdd0_0, v0x55bf5016c630_0, v0x55bf5016c700_0, v0x55bf5016b4f0_0, v0x55bf5016c7d0_0, v0x55bf5016c8a0_0, v0x55bf5016bea0_0, v0x55bf5016c040_0, v0x55bf5016c110_0, v0x55bf5016c3c0_0, v0x55bf5016c560_0, v0x55bf5016bf70_0, v0x55bf5016c490_0, v0x55bf5016c1e0_0, v0x55bf5016bb60_0, v0x55bf5016bc30_0, v0x55bf5016b780_0, v0x55bf5016b850_0, v0x55bf5016b8f0_0, v0x55bf5016b9c0_0, v0x55bf5016ba90_0 {0 0 0};
    %pushi/vec4 0, 0, 1;
    %store/vec4 v0x55bf5016b5b0_0, 0, 1;
    %delay 20, 0;
    %pushi/vec4 0, 0, 4;
    %store/vec4 v0x55bf5016b680_0, 0, 4;
    %pushi/vec4 4, 0, 4;
    %store/vec4 v0x55bf5016bd00_0, 0, 4;
    %pushi/vec4 13, 0, 4;
    %store/vec4 v0x55bf5016bdd0_0, 0, 4;
    %pushi/vec4 1, 0, 1;
    %store/vec4 v0x55bf5016b4f0_0, 0, 1;
    %pushi/vec4 2615549422, 0, 32;
    %concati/vec4 274793662, 0, 32;
    %store/vec4 v0x55bf5016c7d0_0, 0, 64;
    %pushi/vec4 2719918726, 0, 32;
    %concati/vec4 3621144461, 0, 32;
    %store/vec4 v0x55bf5016c8a0_0, 0, 64;
    %delay 20, 0;
    %pushi/vec4 1, 0, 4;
    %store/vec4 v0x55bf5016b680_0, 0, 4;
    %pushi/vec4 11, 0, 4;
    %store/vec4 v0x55bf5016bd00_0, 0, 4;
    %pushi/vec4 10, 0, 4;
    %store/vec4 v0x55bf5016bdd0_0, 0, 4;
    %pushi/vec4 0, 0, 1;
    %store/vec4 v0x55bf5016b4f0_0, 0, 1;
    %pushi/vec4 3867410883, 0, 33;
    %concati/vec4 181615013, 0, 31;
    %store/vec4 v0x55bf5016c7d0_0, 0, 64;
    %pushi/vec4 2377592781, 0, 32;
    %concati/vec4 2391431974, 0, 32;
    %store/vec4 v0x55bf5016c8a0_0, 0, 64;
    %delay 20, 0;
    %pushi/vec4 2, 0, 4;
    %store/vec4 v0x55bf5016b680_0, 0, 4;
    %pushi/vec4 8, 0, 4;
    %store/vec4 v0x55bf5016bd00_0, 0, 4;
    %pushi/vec4 1, 0, 4;
    %store/vec4 v0x55bf5016bdd0_0, 0, 4;
    %pushi/vec4 1, 0, 1;
    %store/vec4 v0x55bf5016b4f0_0, 0, 1;
    %pushi/vec4 3867410883, 0, 33;
    %concati/vec4 181615013, 0, 31;
    %store/vec4 v0x55bf5016c7d0_0, 0, 64;
    %pushi/vec4 2695426650, 0, 32;
    %concati/vec4 4121890984, 0, 32;
    %store/vec4 v0x55bf5016c8a0_0, 0, 64;
    %delay 20, 0;
    %pushi/vec4 3, 0, 4;
    %store/vec4 v0x55bf5016b680_0, 0, 4;
    %pushi/vec4 14, 0, 4;
    %store/vec4 v0x55bf5016bd00_0, 0, 4;
    %pushi/vec4 1, 0, 4;
    %store/vec4 v0x55bf5016bdd0_0, 0, 4;
    %pushi/vec4 0, 0, 1;
    %store/vec4 v0x55bf5016b4f0_0, 0, 1;
    %pushi/vec4 4002444539, 0, 33;
    %concati/vec4 1454916468, 0, 31;
    %store/vec4 v0x55bf5016c7d0_0, 0, 64;
    %pushi/vec4 3236160486, 0, 33;
    %concati/vec4 1430816260, 0, 31;
    %store/vec4 v0x55bf5016c8a0_0, 0, 64;
    %delay 20, 0;
    %pushi/vec4 4, 0, 4;
    %store/vec4 v0x55bf5016b680_0, 0, 4;
    %pushi/vec4 2, 0, 4;
    %store/vec4 v0x55bf5016bd00_0, 0, 4;
    %pushi/vec4 12, 0, 4;
    %store/vec4 v0x55bf5016bdd0_0, 0, 4;
    %pushi/vec4 1, 0, 1;
    %store/vec4 v0x55bf5016b4f0_0, 0, 1;
    %pushi/vec4 12, 0, 64;
    %store/vec4 v0x55bf5016c7d0_0, 0, 64;
    %pushi/vec4 3388595295, 0, 33;
    %concati/vec4 1412052084, 0, 31;
    %store/vec4 v0x55bf5016c8a0_0, 0, 64;
    %delay 20, 0;
    %pushi/vec4 5, 0, 4;
    %store/vec4 v0x55bf5016b680_0, 0, 4;
    %pushi/vec4 13, 0, 4;
    %store/vec4 v0x55bf5016bd00_0, 0, 4;
    %pushi/vec4 2, 0, 4;
    %store/vec4 v0x55bf5016bdd0_0, 0, 4;
    %pushi/vec4 1, 0, 1;
    %store/vec4 v0x55bf5016b4f0_0, 0, 1;
    %pushi/vec4 2415062881, 0, 32;
    %concati/vec4 2911989236, 0, 32;
    %store/vec4 v0x55bf5016c7d0_0, 0, 64;
    %pushi/vec4 2841525625, 0, 32;
    %concati/vec4 2711312261, 0, 32;
    %store/vec4 v0x55bf5016c8a0_0, 0, 64;
    %delay 20, 0;
    %pushi/vec4 6, 0, 4;
    %store/vec4 v0x55bf5016b680_0, 0, 4;
    %pushi/vec4 11, 0, 4;
    %store/vec4 v0x55bf5016bd00_0, 0, 4;
    %pushi/vec4 0, 0, 4;
    %store/vec4 v0x55bf5016bdd0_0, 0, 4;
    %pushi/vec4 1, 0, 1;
    %store/vec4 v0x55bf5016b4f0_0, 0, 1;
    %pushi/vec4 2188227891, 0, 32;
    %concati/vec4 2733551210, 0, 32;
    %store/vec4 v0x55bf5016c7d0_0, 0, 64;
    %pushi/vec4 3867410883, 0, 33;
    %concati/vec4 181615013, 0, 31;
    %store/vec4 v0x55bf5016c8a0_0, 0, 64;
    %delay 20, 0;
    %pushi/vec4 7, 0, 4;
    %store/vec4 v0x55bf5016b680_0, 0, 4;
    %pushi/vec4 8, 0, 4;
    %store/vec4 v0x55bf5016bd00_0, 0, 4;
    %pushi/vec4 10, 0, 4;
    %store/vec4 v0x55bf5016bdd0_0, 0, 4;
    %pushi/vec4 1, 0, 1;
    %store/vec4 v0x55bf5016b4f0_0, 0, 1;
    %pushi/vec4 2377592781, 0, 32;
    %concati/vec4 2391431974, 0, 32;
    %store/vec4 v0x55bf5016c7d0_0, 0, 64;
    %pushi/vec4 2370778826, 0, 34;
    %concati/vec4 975100232, 0, 30;
    %store/vec4 v0x55bf5016c8a0_0, 0, 64;
    %delay 20, 0;
    %pushi/vec4 8, 0, 4;
    %store/vec4 v0x55bf5016b680_0, 0, 4;
    %pushi/vec4 3, 0, 4;
    %store/vec4 v0x55bf5016bd00_0, 0, 4;
    %pushi/vec4 4, 0, 4;
    %store/vec4 v0x55bf5016bdd0_0, 0, 4;
    %pushi/vec4 1, 0, 1;
    %store/vec4 v0x55bf5016b4f0_0, 0, 1;
    %pushi/vec4 3388595295, 0, 33;
    %concati/vec4 1412052084, 0, 31;
    %store/vec4 v0x55bf5016c7d0_0, 0, 64;
    %pushi/vec4 3196661176, 0, 33;
    %concati/vec4 1126666666, 0, 31;
    %store/vec4 v0x55bf5016c8a0_0, 0, 64;
    %delay 20, 0;
    %pushi/vec4 9, 0, 4;
    %store/vec4 v0x55bf5016b680_0, 0, 4;
    %pushi/vec4 5, 0, 4;
    %store/vec4 v0x55bf5016bd00_0, 0, 4;
    %pushi/vec4 13, 0, 4;
    %store/vec4 v0x55bf5016bdd0_0, 0, 4;
    %pushi/vec4 1, 0, 1;
    %store/vec4 v0x55bf5016b4f0_0, 0, 1;
    %pushi/vec4 2415062881, 0, 32;
    %concati/vec4 2911989236, 0, 32;
    %store/vec4 v0x55bf5016c7d0_0, 0, 64;
    %pushi/vec4 3088641845, 0, 32;
    %concati/vec4 455271485, 0, 32;
    %store/vec4 v0x55bf5016c8a0_0, 0, 64;
    %delay 20, 0;
    %pushi/vec4 10, 0, 4;
    %store/vec4 v0x55bf5016b680_0, 0, 4;
    %pushi/vec4 7, 0, 4;
    %store/vec4 v0x55bf5016bd00_0, 0, 4;
    %pushi/vec4 4, 0, 4;
    %store/vec4 v0x55bf5016bdd0_0, 0, 4;
    %pushi/vec4 1, 0, 1;
    %store/vec4 v0x55bf5016b4f0_0, 0, 1;
    %pushi/vec4 4220380035, 0, 34;
    %concati/vec4 471589674, 0, 30;
    %store/vec4 v0x55bf5016c7d0_0, 0, 64;
    %pushi/vec4 2403865442, 0, 32;
    %concati/vec4 4243749420, 0, 32;
    %store/vec4 v0x55bf5016c8a0_0, 0, 64;
    %delay 20, 0;
    %pushi/vec4 11, 0, 4;
    %store/vec4 v0x55bf5016b680_0, 0, 4;
    %pushi/vec4 1, 0, 4;
    %store/vec4 v0x55bf5016bd00_0, 0, 4;
    %pushi/vec4 7, 0, 4;
    %store/vec4 v0x55bf5016bdd0_0, 0, 4;
    %pushi/vec4 1, 0, 1;
    %store/vec4 v0x55bf5016b4f0_0, 0, 1;
    %pushi/vec4 4002444539, 0, 33;
    %concati/vec4 1454916468, 0, 31;
    %store/vec4 v0x55bf5016c7d0_0, 0, 64;
    %pushi/vec4 4046200468, 0, 33;
    %concati/vec4 269758925, 0, 31;
    %store/vec4 v0x55bf5016c8a0_0, 0, 64;
    %vpi_call 2 73 "$finish" {0 0 0};
    %end;
    .thread T_4;
# The file index is used to find the file name in the following table.
:file_names 4;
    "N/A";
    "<interactive>";
    "Decode_Writeback_tb.v";
    "Decode_Writeback.v";
