#! /usr/bin/vvp
:ivl_version "11.0 (stable)";
:ivl_delay_selection "TYPICAL";
:vpi_time_precision + 0;
:vpi_module "/usr/lib/x86_64-linux-gnu/ivl/system.vpi";
:vpi_module "/usr/lib/x86_64-linux-gnu/ivl/vhdl_sys.vpi";
:vpi_module "/usr/lib/x86_64-linux-gnu/ivl/vhdl_textio.vpi";
:vpi_module "/usr/lib/x86_64-linux-gnu/ivl/v2005_math.vpi";
:vpi_module "/usr/lib/x86_64-linux-gnu/ivl/va_math.vpi";
S_0x55de925bad90 .scope module, "Decode_Writeback" "Decode_Writeback" 2 1;
 .timescale 0 0;
    .port_info 0 /INPUT 1 "Clk";
    .port_info 1 /INPUT 4 "icode";
    .port_info 2 /INPUT 4 "ifun";
    .port_info 3 /INPUT 4 "rA";
    .port_info 4 /INPUT 4 "rB";
    .port_info 5 /INPUT 1 "Condition";
    .port_info 6 /OUTPUT 64 "valA";
    .port_info 7 /OUTPUT 64 "valB";
    .port_info 8 /INPUT 64 "valE";
    .port_info 9 /INPUT 64 "valM";
    .port_info 10 /OUTPUT 64 "rax";
    .port_info 11 /OUTPUT 64 "rbx";
    .port_info 12 /OUTPUT 64 "rcx";
    .port_info 13 /OUTPUT 64 "rdx";
    .port_info 14 /OUTPUT 64 "rsp";
    .port_info 15 /OUTPUT 64 "rbp";
    .port_info 16 /OUTPUT 64 "rsi";
    .port_info 17 /OUTPUT 64 "rdi";
    .port_info 18 /OUTPUT 64 "r8";
    .port_info 19 /OUTPUT 64 "r9";
    .port_info 20 /OUTPUT 64 "r10";
    .port_info 21 /OUTPUT 64 "r11";
    .port_info 22 /OUTPUT 64 "r12";
    .port_info 23 /OUTPUT 64 "r13";
    .port_info 24 /OUTPUT 64 "r14";
o0x7f15b3a6a018 .functor BUFZ 1, C4<z>; HiZ drive
v0x55de925ecac0_0 .net "Clk", 0 0, o0x7f15b3a6a018;  0 drivers
o0x7f15b3a6a048 .functor BUFZ 1, C4<z>; HiZ drive
v0x55de9261fe30_0 .net "Condition", 0 0, o0x7f15b3a6a048;  0 drivers
v0x55de9261fef0 .array "TempMem", 14 0, 63 0;
o0x7f15b3a6a078 .functor BUFZ 4, C4<zzzz>; HiZ drive
v0x55de9261ff90_0 .net "icode", 3 0, o0x7f15b3a6a078;  0 drivers
o0x7f15b3a6a0a8 .functor BUFZ 4, C4<zzzz>; HiZ drive
v0x55de92620070_0 .net "ifun", 3 0, o0x7f15b3a6a0a8;  0 drivers
v0x55de926201a0_0 .var "r10", 63 0;
v0x55de92620280_0 .var "r11", 63 0;
v0x55de92620360_0 .var "r12", 63 0;
v0x55de92620440_0 .var "r13", 63 0;
v0x55de92620520_0 .var "r14", 63 0;
v0x55de92620600_0 .var "r8", 63 0;
v0x55de926206e0_0 .var "r9", 63 0;
o0x7f15b3a6a228 .functor BUFZ 4, C4<zzzz>; HiZ drive
v0x55de926207c0_0 .net "rA", 3 0, o0x7f15b3a6a228;  0 drivers
o0x7f15b3a6a258 .functor BUFZ 4, C4<zzzz>; HiZ drive
v0x55de926208a0_0 .net "rB", 3 0, o0x7f15b3a6a258;  0 drivers
v0x55de92620980_0 .var "rax", 63 0;
v0x55de92620a60_0 .var "rbp", 63 0;
v0x55de92620b40_0 .var "rbx", 63 0;
v0x55de92620c20_0 .var "rcx", 63 0;
v0x55de92620d00_0 .var "rdi", 63 0;
v0x55de92620de0_0 .var "rdx", 63 0;
v0x55de92620ec0_0 .var "rsi", 63 0;
v0x55de92620fa0_0 .var "rsp", 63 0;
v0x55de92621080_0 .var/s "valA", 63 0;
v0x55de92621160_0 .var/s "valB", 63 0;
o0x7f15b3a6a468 .functor BUFZ 64, C4<zzzzzzzzzzzzzzzzzzzzzzzzzzzzzzzzzzzzzzzzzzzzzzzzzzzzzzzzzzzzzzzz>; HiZ drive
v0x55de92621240_0 .net/s "valE", 63 0, o0x7f15b3a6a468;  0 drivers
o0x7f15b3a6a498 .functor BUFZ 64, C4<zzzzzzzzzzzzzzzzzzzzzzzzzzzzzzzzzzzzzzzzzzzzzzzzzzzzzzzzzzzzzzzz>; HiZ drive
v0x55de92621320_0 .net "valM", 63 0, o0x7f15b3a6a498;  0 drivers
E_0x55de925f5740 .event negedge, v0x55de925ecac0_0;
E_0x55de925f5980 .event edge, v0x55de926208a0_0, v0x55de926207c0_0, v0x55de92620070_0, v0x55de9261ff90_0;
    .scope S_0x55de925bad90;
T_0 ;
    %vpi_call 2 14 "$display", "Entered Decode" {0 0 0};
    %end;
    .thread T_0;
    .scope S_0x55de925bad90;
T_1 ;
    %pushi/vec4 0, 0, 64;
    %ix/load 4, 0, 0;
    %flag_set/imm 4, 0;
    %store/vec4a v0x55de9261fef0, 4, 0;
    %pushi/vec4 1, 0, 64;
    %ix/load 4, 1, 0;
    %flag_set/imm 4, 0;
    %store/vec4a v0x55de9261fef0, 4, 0;
    %pushi/vec4 2, 0, 64;
    %ix/load 4, 2, 0;
    %flag_set/imm 4, 0;
    %store/vec4a v0x55de9261fef0, 4, 0;
    %pushi/vec4 3, 0, 64;
    %ix/load 4, 3, 0;
    %flag_set/imm 4, 0;
    %store/vec4a v0x55de9261fef0, 4, 0;
    %pushi/vec4 4, 0, 64;
    %ix/load 4, 4, 0;
    %flag_set/imm 4, 0;
    %store/vec4a v0x55de9261fef0, 4, 0;
    %pushi/vec4 5, 0, 64;
    %ix/load 4, 5, 0;
    %flag_set/imm 4, 0;
    %store/vec4a v0x55de9261fef0, 4, 0;
    %pushi/vec4 6, 0, 64;
    %ix/load 4, 6, 0;
    %flag_set/imm 4, 0;
    %store/vec4a v0x55de9261fef0, 4, 0;
    %pushi/vec4 7, 0, 64;
    %ix/load 4, 7, 0;
    %flag_set/imm 4, 0;
    %store/vec4a v0x55de9261fef0, 4, 0;
    %pushi/vec4 8, 0, 64;
    %ix/load 4, 8, 0;
    %flag_set/imm 4, 0;
    %store/vec4a v0x55de9261fef0, 4, 0;
    %pushi/vec4 9, 0, 64;
    %ix/load 4, 9, 0;
    %flag_set/imm 4, 0;
    %store/vec4a v0x55de9261fef0, 4, 0;
    %pushi/vec4 10, 0, 64;
    %ix/load 4, 10, 0;
    %flag_set/imm 4, 0;
    %store/vec4a v0x55de9261fef0, 4, 0;
    %pushi/vec4 11, 0, 64;
    %ix/load 4, 11, 0;
    %flag_set/imm 4, 0;
    %store/vec4a v0x55de9261fef0, 4, 0;
    %pushi/vec4 12, 0, 64;
    %ix/load 4, 12, 0;
    %flag_set/imm 4, 0;
    %store/vec4a v0x55de9261fef0, 4, 0;
    %pushi/vec4 13, 0, 64;
    %ix/load 4, 13, 0;
    %flag_set/imm 4, 0;
    %store/vec4a v0x55de9261fef0, 4, 0;
    %pushi/vec4 14, 0, 64;
    %ix/load 4, 14, 0;
    %flag_set/imm 4, 0;
    %store/vec4a v0x55de9261fef0, 4, 0;
    %end;
    .thread T_1;
    .scope S_0x55de925bad90;
T_2 ;
    %wait E_0x55de925f5980;
    %load/vec4 v0x55de9261ff90_0;
    %dup/vec4;
    %pushi/vec4 2, 0, 4;
    %cmp/u;
    %jmp/1 T_2.0, 6;
    %dup/vec4;
    %pushi/vec4 3, 0, 4;
    %cmp/u;
    %jmp/1 T_2.1, 6;
    %dup/vec4;
    %pushi/vec4 4, 0, 4;
    %cmp/u;
    %jmp/1 T_2.2, 6;
    %dup/vec4;
    %pushi/vec4 5, 0, 4;
    %cmp/u;
    %jmp/1 T_2.3, 6;
    %dup/vec4;
    %pushi/vec4 6, 0, 4;
    %cmp/u;
    %jmp/1 T_2.4, 6;
    %dup/vec4;
    %pushi/vec4 8, 0, 4;
    %cmp/u;
    %jmp/1 T_2.5, 6;
    %dup/vec4;
    %pushi/vec4 9, 0, 4;
    %cmp/u;
    %jmp/1 T_2.6, 6;
    %dup/vec4;
    %pushi/vec4 10, 0, 4;
    %cmp/u;
    %jmp/1 T_2.7, 6;
    %dup/vec4;
    %pushi/vec4 11, 0, 4;
    %cmp/u;
    %jmp/1 T_2.8, 6;
    %jmp T_2.9;
T_2.0 ;
    %load/vec4 v0x55de926207c0_0;
    %pad/u 6;
    %ix/vec4 4;
    %load/vec4a v0x55de9261fef0, 4;
    %store/vec4 v0x55de92621080_0, 0, 64;
    %pushi/vec4 0, 0, 64;
    %store/vec4 v0x55de92621160_0, 0, 64;
    %jmp T_2.9;
T_2.1 ;
    %pushi/vec4 0, 0, 64;
    %store/vec4 v0x55de92621160_0, 0, 64;
    %jmp T_2.9;
T_2.2 ;
    %load/vec4 v0x55de926207c0_0;
    %pad/u 6;
    %ix/vec4 4;
    %load/vec4a v0x55de9261fef0, 4;
    %store/vec4 v0x55de92621080_0, 0, 64;
    %load/vec4 v0x55de926208a0_0;
    %pad/u 6;
    %ix/vec4 4;
    %load/vec4a v0x55de9261fef0, 4;
    %store/vec4 v0x55de92621160_0, 0, 64;
    %jmp T_2.9;
T_2.3 ;
    %load/vec4 v0x55de926208a0_0;
    %pad/u 6;
    %ix/vec4 4;
    %load/vec4a v0x55de9261fef0, 4;
    %store/vec4 v0x55de92621160_0, 0, 64;
    %jmp T_2.9;
T_2.4 ;
    %load/vec4 v0x55de926207c0_0;
    %pad/u 6;
    %ix/vec4 4;
    %load/vec4a v0x55de9261fef0, 4;
    %store/vec4 v0x55de92621080_0, 0, 64;
    %load/vec4 v0x55de926208a0_0;
    %pad/u 6;
    %ix/vec4 4;
    %load/vec4a v0x55de9261fef0, 4;
    %store/vec4 v0x55de92621160_0, 0, 64;
    %jmp T_2.9;
T_2.5 ;
    %ix/load 4, 4, 0;
    %flag_set/imm 4, 0;
    %load/vec4a v0x55de9261fef0, 4;
    %store/vec4 v0x55de92621160_0, 0, 64;
    %jmp T_2.9;
T_2.6 ;
    %ix/load 4, 4, 0;
    %flag_set/imm 4, 0;
    %load/vec4a v0x55de9261fef0, 4;
    %store/vec4 v0x55de92621080_0, 0, 64;
    %ix/load 4, 4, 0;
    %flag_set/imm 4, 0;
    %load/vec4a v0x55de9261fef0, 4;
    %store/vec4 v0x55de92621160_0, 0, 64;
    %jmp T_2.9;
T_2.7 ;
    %load/vec4 v0x55de926207c0_0;
    %pad/u 6;
    %ix/vec4 4;
    %load/vec4a v0x55de9261fef0, 4;
    %store/vec4 v0x55de92621080_0, 0, 64;
    %ix/load 4, 4, 0;
    %flag_set/imm 4, 0;
    %load/vec4a v0x55de9261fef0, 4;
    %store/vec4 v0x55de92621160_0, 0, 64;
    %jmp T_2.9;
T_2.8 ;
    %ix/load 4, 4, 0;
    %flag_set/imm 4, 0;
    %load/vec4a v0x55de9261fef0, 4;
    %store/vec4 v0x55de92621080_0, 0, 64;
    %ix/load 4, 4, 0;
    %flag_set/imm 4, 0;
    %load/vec4a v0x55de9261fef0, 4;
    %store/vec4 v0x55de92621160_0, 0, 64;
    %jmp T_2.9;
T_2.9 ;
    %pop/vec4 1;
    %jmp T_2;
    .thread T_2, $push;
    .scope S_0x55de925bad90;
T_3 ;
    %vpi_call 2 82 "$display", "Entered Writeback" {0 0 0};
    %end;
    .thread T_3;
    .scope S_0x55de925bad90;
T_4 ;
    %wait E_0x55de925f5740;
    %load/vec4 v0x55de9261ff90_0;
    %dup/vec4;
    %pushi/vec4 2, 0, 4;
    %cmp/u;
    %jmp/1 T_4.0, 6;
    %dup/vec4;
    %pushi/vec4 3, 0, 4;
    %cmp/u;
    %jmp/1 T_4.1, 6;
    %dup/vec4;
    %pushi/vec4 5, 0, 4;
    %cmp/u;
    %jmp/1 T_4.2, 6;
    %dup/vec4;
    %pushi/vec4 6, 0, 4;
    %cmp/u;
    %jmp/1 T_4.3, 6;
    %dup/vec4;
    %pushi/vec4 8, 0, 4;
    %cmp/u;
    %jmp/1 T_4.4, 6;
    %dup/vec4;
    %pushi/vec4 9, 0, 4;
    %cmp/u;
    %jmp/1 T_4.5, 6;
    %dup/vec4;
    %pushi/vec4 10, 0, 4;
    %cmp/u;
    %jmp/1 T_4.6, 6;
    %dup/vec4;
    %pushi/vec4 11, 0, 4;
    %cmp/u;
    %jmp/1 T_4.7, 6;
    %jmp T_4.8;
T_4.0 ;
    %load/vec4 v0x55de9261fe30_0;
    %flag_set/vec4 8;
    %jmp/0xz  T_4.9, 8;
    %load/vec4 v0x55de92621240_0;
    %load/vec4 v0x55de926208a0_0;
    %pad/u 6;
    %ix/vec4 4;
    %store/vec4a v0x55de9261fef0, 4, 0;
T_4.9 ;
    %jmp T_4.8;
T_4.1 ;
    %load/vec4 v0x55de92621240_0;
    %load/vec4 v0x55de926208a0_0;
    %pad/u 6;
    %ix/vec4 4;
    %store/vec4a v0x55de9261fef0, 4, 0;
    %jmp T_4.8;
T_4.2 ;
    %load/vec4 v0x55de92621320_0;
    %load/vec4 v0x55de926207c0_0;
    %pad/u 6;
    %ix/vec4 4;
    %store/vec4a v0x55de9261fef0, 4, 0;
    %vpi_call 2 98 "$display", "Value copied from Memory to reg = %h", v0x55de92621320_0 {0 0 0};
    %jmp T_4.8;
T_4.3 ;
    %load/vec4 v0x55de92621240_0;
    %load/vec4 v0x55de926208a0_0;
    %pad/u 6;
    %ix/vec4 4;
    %store/vec4a v0x55de9261fef0, 4, 0;
    %jmp T_4.8;
T_4.4 ;
    %load/vec4 v0x55de92621240_0;
    %ix/load 4, 4, 0;
    %flag_set/imm 4, 0;
    %store/vec4a v0x55de9261fef0, 4, 0;
    %jmp T_4.8;
T_4.5 ;
    %load/vec4 v0x55de92621240_0;
    %ix/load 4, 4, 0;
    %flag_set/imm 4, 0;
    %store/vec4a v0x55de9261fef0, 4, 0;
    %jmp T_4.8;
T_4.6 ;
    %load/vec4 v0x55de92621240_0;
    %ix/load 4, 4, 0;
    %flag_set/imm 4, 0;
    %store/vec4a v0x55de9261fef0, 4, 0;
    %jmp T_4.8;
T_4.7 ;
    %load/vec4 v0x55de92621240_0;
    %ix/load 4, 4, 0;
    %flag_set/imm 4, 0;
    %store/vec4a v0x55de9261fef0, 4, 0;
    %load/vec4 v0x55de92621320_0;
    %load/vec4 v0x55de926207c0_0;
    %pad/u 6;
    %ix/vec4 4;
    %store/vec4a v0x55de9261fef0, 4, 0;
    %jmp T_4.8;
T_4.8 ;
    %pop/vec4 1;
    %ix/load 4, 0, 0;
    %flag_set/imm 4, 0;
    %load/vec4a v0x55de9261fef0, 4;
    %store/vec4 v0x55de92620980_0, 0, 64;
    %ix/load 4, 1, 0;
    %flag_set/imm 4, 0;
    %load/vec4a v0x55de9261fef0, 4;
    %store/vec4 v0x55de92620c20_0, 0, 64;
    %ix/load 4, 2, 0;
    %flag_set/imm 4, 0;
    %load/vec4a v0x55de9261fef0, 4;
    %store/vec4 v0x55de92620de0_0, 0, 64;
    %ix/load 4, 3, 0;
    %flag_set/imm 4, 0;
    %load/vec4a v0x55de9261fef0, 4;
    %store/vec4 v0x55de92620b40_0, 0, 64;
    %ix/load 4, 4, 0;
    %flag_set/imm 4, 0;
    %load/vec4a v0x55de9261fef0, 4;
    %store/vec4 v0x55de92620fa0_0, 0, 64;
    %ix/load 4, 5, 0;
    %flag_set/imm 4, 0;
    %load/vec4a v0x55de9261fef0, 4;
    %store/vec4 v0x55de92620a60_0, 0, 64;
    %ix/load 4, 6, 0;
    %flag_set/imm 4, 0;
    %load/vec4a v0x55de9261fef0, 4;
    %store/vec4 v0x55de92620ec0_0, 0, 64;
    %ix/load 4, 7, 0;
    %flag_set/imm 4, 0;
    %load/vec4a v0x55de9261fef0, 4;
    %store/vec4 v0x55de92620d00_0, 0, 64;
    %ix/load 4, 8, 0;
    %flag_set/imm 4, 0;
    %load/vec4a v0x55de9261fef0, 4;
    %store/vec4 v0x55de92620600_0, 0, 64;
    %ix/load 4, 9, 0;
    %flag_set/imm 4, 0;
    %load/vec4a v0x55de9261fef0, 4;
    %store/vec4 v0x55de926206e0_0, 0, 64;
    %ix/load 4, 10, 0;
    %flag_set/imm 4, 0;
    %load/vec4a v0x55de9261fef0, 4;
    %store/vec4 v0x55de926201a0_0, 0, 64;
    %ix/load 4, 11, 0;
    %flag_set/imm 4, 0;
    %load/vec4a v0x55de9261fef0, 4;
    %store/vec4 v0x55de92620280_0, 0, 64;
    %ix/load 4, 12, 0;
    %flag_set/imm 4, 0;
    %load/vec4a v0x55de9261fef0, 4;
    %store/vec4 v0x55de92620360_0, 0, 64;
    %ix/load 4, 13, 0;
    %flag_set/imm 4, 0;
    %load/vec4a v0x55de9261fef0, 4;
    %store/vec4 v0x55de92620440_0, 0, 64;
    %ix/load 4, 14, 0;
    %flag_set/imm 4, 0;
    %load/vec4a v0x55de9261fef0, 4;
    %store/vec4 v0x55de92620520_0, 0, 64;
    %jmp T_4;
    .thread T_4;
# The file index is used to find the file name in the following table.
:file_names 3;
    "N/A";
    "<interactive>";
    "Decode_Writeback.v";
