#! /usr/bin/vvp
:ivl_version "11.0 (stable)";
:ivl_delay_selection "TYPICAL";
:vpi_time_precision + 0;
:vpi_module "/usr/lib/x86_64-linux-gnu/ivl/system.vpi";
:vpi_module "/usr/lib/x86_64-linux-gnu/ivl/vhdl_sys.vpi";
:vpi_module "/usr/lib/x86_64-linux-gnu/ivl/vhdl_textio.vpi";
:vpi_module "/usr/lib/x86_64-linux-gnu/ivl/v2005_math.vpi";
:vpi_module "/usr/lib/x86_64-linux-gnu/ivl/va_math.vpi";
S_0x55fdd1893d90 .scope module, "Memory" "Memory" 2 1;
 .timescale 0 0;
    .port_info 0 /INPUT 1 "Clk";
    .port_info 1 /INPUT 4 "icode";
    .port_info 2 /INPUT 64 "valA";
    .port_info 3 /INPUT 64 "valP";
    .port_info 4 /INPUT 64 "valE";
    .port_info 5 /OUTPUT 64 "valM";
    .port_info 6 /OUTPUT 1 "DataMemError";
P_0x55fdd1893f20 .param/l "MemSize" 0 2 3, +C4<00000000000000000000000000010100>;
o0x7f5417898018 .functor BUFZ 1, C4<z>; HiZ drive
v0x55fdd18bdfc0_0 .net "Clk", 0 0, o0x7f5417898018;  0 drivers
v0x55fdd18ea560_0 .var "DataMemError", 0 0;
v0x55fdd18ea620 .array "DataMemory", 19 0, 63 0;
o0x7f5417898438 .functor BUFZ 4, C4<zzzz>; HiZ drive
v0x55fdd18ea940_0 .net "icode", 3 0, o0x7f5417898438;  0 drivers
v0x55fdd18eaa20_0 .var "isvalA", 0 0;
v0x55fdd18eab30_0 .var "isvalE", 0 0;
o0x7f54178984c8 .functor BUFZ 64, C4<zzzzzzzzzzzzzzzzzzzzzzzzzzzzzzzzzzzzzzzzzzzzzzzzzzzzzzzzzzzzzzzz>; HiZ drive
v0x55fdd18eabf0_0 .net/s "valA", 63 0, o0x7f54178984c8;  0 drivers
o0x7f54178984f8 .functor BUFZ 64, C4<zzzzzzzzzzzzzzzzzzzzzzzzzzzzzzzzzzzzzzzzzzzzzzzzzzzzzzzzzzzzzzzz>; HiZ drive
v0x55fdd18eacd0_0 .net/s "valE", 63 0, o0x7f54178984f8;  0 drivers
v0x55fdd18eadb0_0 .var "valM", 63 0;
o0x7f5417898558 .functor BUFZ 64, C4<zzzzzzzzzzzzzzzzzzzzzzzzzzzzzzzzzzzzzzzzzzzzzzzzzzzzzzzzzzzzzzzz>; HiZ drive
v0x55fdd18eae90_0 .net/s "valP", 63 0, o0x7f5417898558;  0 drivers
E_0x55fdd18946f0 .event edge, v0x55fdd18bdfc0_0;
v0x55fdd18ea620_0 .array/port v0x55fdd18ea620, 0;
E_0x55fdd18b79b0/0 .event edge, v0x55fdd18ea940_0, v0x55fdd18eabf0_0, v0x55fdd18eacd0_0, v0x55fdd18ea620_0;
v0x55fdd18ea620_1 .array/port v0x55fdd18ea620, 1;
v0x55fdd18ea620_2 .array/port v0x55fdd18ea620, 2;
v0x55fdd18ea620_3 .array/port v0x55fdd18ea620, 3;
v0x55fdd18ea620_4 .array/port v0x55fdd18ea620, 4;
E_0x55fdd18b79b0/1 .event edge, v0x55fdd18ea620_1, v0x55fdd18ea620_2, v0x55fdd18ea620_3, v0x55fdd18ea620_4;
v0x55fdd18ea620_5 .array/port v0x55fdd18ea620, 5;
v0x55fdd18ea620_6 .array/port v0x55fdd18ea620, 6;
v0x55fdd18ea620_7 .array/port v0x55fdd18ea620, 7;
v0x55fdd18ea620_8 .array/port v0x55fdd18ea620, 8;
E_0x55fdd18b79b0/2 .event edge, v0x55fdd18ea620_5, v0x55fdd18ea620_6, v0x55fdd18ea620_7, v0x55fdd18ea620_8;
v0x55fdd18ea620_9 .array/port v0x55fdd18ea620, 9;
v0x55fdd18ea620_10 .array/port v0x55fdd18ea620, 10;
v0x55fdd18ea620_11 .array/port v0x55fdd18ea620, 11;
v0x55fdd18ea620_12 .array/port v0x55fdd18ea620, 12;
E_0x55fdd18b79b0/3 .event edge, v0x55fdd18ea620_9, v0x55fdd18ea620_10, v0x55fdd18ea620_11, v0x55fdd18ea620_12;
v0x55fdd18ea620_13 .array/port v0x55fdd18ea620, 13;
v0x55fdd18ea620_14 .array/port v0x55fdd18ea620, 14;
v0x55fdd18ea620_15 .array/port v0x55fdd18ea620, 15;
v0x55fdd18ea620_16 .array/port v0x55fdd18ea620, 16;
E_0x55fdd18b79b0/4 .event edge, v0x55fdd18ea620_13, v0x55fdd18ea620_14, v0x55fdd18ea620_15, v0x55fdd18ea620_16;
v0x55fdd18ea620_17 .array/port v0x55fdd18ea620, 17;
v0x55fdd18ea620_18 .array/port v0x55fdd18ea620, 18;
v0x55fdd18ea620_19 .array/port v0x55fdd18ea620, 19;
E_0x55fdd18b79b0/5 .event edge, v0x55fdd18ea620_17, v0x55fdd18ea620_18, v0x55fdd18ea620_19, v0x55fdd18eae90_0;
E_0x55fdd18b79b0 .event/or E_0x55fdd18b79b0/0, E_0x55fdd18b79b0/1, E_0x55fdd18b79b0/2, E_0x55fdd18b79b0/3, E_0x55fdd18b79b0/4, E_0x55fdd18b79b0/5;
E_0x55fdd18bbaf0 .event edge, v0x55fdd18eab30_0, v0x55fdd18eacd0_0, v0x55fdd18eaa20_0, v0x55fdd18eabf0_0;
E_0x55fdd18c0570 .event edge, v0x55fdd18ea940_0;
    .scope S_0x55fdd1893d90;
T_0 ;
    %vpi_call 2 14 "$display", "Entered Memory" {0 0 0};
    %end;
    .thread T_0;
    .scope S_0x55fdd1893d90;
T_1 ;
    %wait E_0x55fdd18c0570;
    %load/vec4 v0x55fdd18ea940_0;
    %cmpi/e 4, 0, 4;
    %flag_mov 8, 4;
    %load/vec4 v0x55fdd18ea940_0;
    %cmpi/e 5, 0, 4;
    %flag_or 4, 8;
    %flag_mov 8, 4;
    %load/vec4 v0x55fdd18ea940_0;
    %cmpi/e 8, 0, 4;
    %flag_or 4, 8;
    %flag_mov 8, 4;
    %load/vec4 v0x55fdd18ea940_0;
    %cmpi/e 10, 0, 4;
    %flag_or 4, 8;
    %jmp/0xz  T_1.0, 4;
    %pushi/vec4 1, 0, 1;
    %store/vec4 v0x55fdd18eab30_0, 0, 1;
    %pushi/vec4 0, 0, 1;
    %store/vec4 v0x55fdd18eaa20_0, 0, 1;
    %jmp T_1.1;
T_1.0 ;
    %load/vec4 v0x55fdd18ea940_0;
    %cmpi/e 9, 0, 4;
    %flag_mov 8, 4;
    %load/vec4 v0x55fdd18ea940_0;
    %cmpi/e 11, 0, 4;
    %flag_or 4, 8;
    %jmp/0xz  T_1.2, 4;
    %pushi/vec4 1, 0, 1;
    %store/vec4 v0x55fdd18eaa20_0, 0, 1;
    %pushi/vec4 0, 0, 1;
    %store/vec4 v0x55fdd18eab30_0, 0, 1;
    %jmp T_1.3;
T_1.2 ;
    %pushi/vec4 0, 0, 1;
    %store/vec4 v0x55fdd18eab30_0, 0, 1;
    %pushi/vec4 0, 0, 1;
    %store/vec4 v0x55fdd18eaa20_0, 0, 1;
T_1.3 ;
T_1.1 ;
    %jmp T_1;
    .thread T_1, $push;
    .scope S_0x55fdd1893d90;
T_2 ;
    %wait E_0x55fdd18bbaf0;
    %load/vec4 v0x55fdd18eab30_0;
    %pad/u 32;
    %pushi/vec4 1, 0, 32;
    %cmp/e;
    %flag_get/vec4 4;
    %pushi/vec4 20, 0, 64;
    %load/vec4 v0x55fdd18eacd0_0;
    %cmp/s;
    %flag_get/vec4 4;
    %flag_get/vec4 5;
    %or;
    %and;
    %flag_set/vec4 8;
    %load/vec4 v0x55fdd18eaa20_0;
    %pad/u 32;
    %pushi/vec4 1, 0, 32;
    %cmp/e;
    %flag_get/vec4 4;
    %pushi/vec4 20, 0, 64;
    %load/vec4 v0x55fdd18eabf0_0;
    %cmp/s;
    %flag_get/vec4 4;
    %flag_get/vec4 5;
    %or;
    %and;
    %flag_set/vec4 9;
    %flag_or 9, 8;
    %jmp/0xz  T_2.0, 9;
    %pushi/vec4 1, 0, 1;
    %store/vec4 v0x55fdd18ea560_0, 0, 1;
    %jmp T_2.1;
T_2.0 ;
    %pushi/vec4 0, 0, 1;
    %store/vec4 v0x55fdd18ea560_0, 0, 1;
T_2.1 ;
    %jmp T_2;
    .thread T_2, $push;
    .scope S_0x55fdd1893d90;
T_3 ;
    %wait E_0x55fdd18b79b0;
    %load/vec4 v0x55fdd18ea940_0;
    %dup/vec4;
    %pushi/vec4 4, 0, 4;
    %cmp/u;
    %jmp/1 T_3.0, 6;
    %dup/vec4;
    %pushi/vec4 5, 0, 4;
    %cmp/u;
    %jmp/1 T_3.1, 6;
    %dup/vec4;
    %pushi/vec4 8, 0, 4;
    %cmp/u;
    %jmp/1 T_3.2, 6;
    %dup/vec4;
    %pushi/vec4 9, 0, 4;
    %cmp/u;
    %jmp/1 T_3.3, 6;
    %dup/vec4;
    %pushi/vec4 10, 0, 4;
    %cmp/u;
    %jmp/1 T_3.4, 6;
    %dup/vec4;
    %pushi/vec4 11, 0, 4;
    %cmp/u;
    %jmp/1 T_3.5, 6;
    %jmp T_3.6;
T_3.0 ;
    %load/vec4 v0x55fdd18eabf0_0;
    %ix/getv/s 4, v0x55fdd18eacd0_0;
    %store/vec4a v0x55fdd18ea620, 4, 0;
    %jmp T_3.6;
T_3.1 ;
    %ix/getv/s 4, v0x55fdd18eacd0_0;
    %load/vec4a v0x55fdd18ea620, 4;
    %store/vec4 v0x55fdd18eadb0_0, 0, 64;
    %jmp T_3.6;
T_3.2 ;
    %load/vec4 v0x55fdd18eae90_0;
    %ix/getv/s 4, v0x55fdd18eacd0_0;
    %store/vec4a v0x55fdd18ea620, 4, 0;
    %jmp T_3.6;
T_3.3 ;
    %ix/getv/s 4, v0x55fdd18eabf0_0;
    %load/vec4a v0x55fdd18ea620, 4;
    %store/vec4 v0x55fdd18eadb0_0, 0, 64;
    %jmp T_3.6;
T_3.4 ;
    %load/vec4 v0x55fdd18eabf0_0;
    %ix/getv/s 4, v0x55fdd18eacd0_0;
    %store/vec4a v0x55fdd18ea620, 4, 0;
    %jmp T_3.6;
T_3.5 ;
    %ix/getv/s 4, v0x55fdd18eabf0_0;
    %load/vec4a v0x55fdd18ea620, 4;
    %store/vec4 v0x55fdd18eadb0_0, 0, 64;
    %jmp T_3.6;
T_3.6 ;
    %pop/vec4 1;
    %jmp T_3;
    .thread T_3, $push;
    .scope S_0x55fdd1893d90;
T_4 ;
    %wait E_0x55fdd18946f0;
    %vpi_call 2 65 "$display", "\012\011Memory Value = %3d,%3d,%3d,%3d,%3d,%3d,%3d,%3d,%3d,%3d,%3d,%3d,%3d,%3d,%3d,%3d,%3d,%3d,%3d,%3d", &A<v0x55fdd18ea620, 0>, &A<v0x55fdd18ea620, 1>, &A<v0x55fdd18ea620, 2>, &A<v0x55fdd18ea620, 3>, &A<v0x55fdd18ea620, 4>, &A<v0x55fdd18ea620, 5>, &A<v0x55fdd18ea620, 6>, &A<v0x55fdd18ea620, 7>, &A<v0x55fdd18ea620, 8>, &A<v0x55fdd18ea620, 9>, &A<v0x55fdd18ea620, 10>, &A<v0x55fdd18ea620, 11>, &A<v0x55fdd18ea620, 12>, &A<v0x55fdd18ea620, 13>, &A<v0x55fdd18ea620, 14>, &A<v0x55fdd18ea620, 15>, &A<v0x55fdd18ea620, 16>, &A<v0x55fdd18ea620, 17>, &A<v0x55fdd18ea620, 18>, &A<v0x55fdd18ea620, 19> {0 0 0};
    %jmp T_4;
    .thread T_4, $push;
# The file index is used to find the file name in the following table.
:file_names 3;
    "N/A";
    "<interactive>";
    "Memory.v";
