#! /usr/bin/vvp
:ivl_version "11.0 (stable)";
:ivl_delay_selection "TYPICAL";
:vpi_time_precision + 0;
:vpi_module "/usr/lib/x86_64-linux-gnu/ivl/system.vpi";
:vpi_module "/usr/lib/x86_64-linux-gnu/ivl/vhdl_sys.vpi";
:vpi_module "/usr/lib/x86_64-linux-gnu/ivl/vhdl_textio.vpi";
:vpi_module "/usr/lib/x86_64-linux-gnu/ivl/v2005_math.vpi";
:vpi_module "/usr/lib/x86_64-linux-gnu/ivl/va_math.vpi";
S_0x55e349d14e20 .scope module, "Fetch_tb" "Fetch_tb" 2 1;
 .timescale 0 0;
v0x55e349d41a50_0 .net "ADR", 0 0, v0x55e349cc9000_0;  1 drivers
v0x55e349d41b10_0 .net "HLT", 0 0, v0x55e349d40ff0_0;  1 drivers
v0x55e349d41be0_0 .net "INS", 0 0, v0x55e349d410c0_0;  1 drivers
v0x55e349d41ce0_0 .var "Instruction", 0 79;
v0x55e349d41db0_0 .var "PC", 63 0;
v0x55e349d41e50_0 .var "clk", 0 0;
v0x55e349d41f20_0 .net "icode", 3 0, v0x55e349d41390_0;  1 drivers
v0x55e349d41ff0_0 .net "ifun", 3 0, v0x55e349d41470_0;  1 drivers
v0x55e349d420c0_0 .net "rA", 3 0, v0x55e349d41550_0;  1 drivers
v0x55e349d42190_0 .net "rB", 3 0, v0x55e349d41630_0;  1 drivers
v0x55e349d42260_0 .net/s "valC", 63 0, v0x55e349d41710_0;  1 drivers
v0x55e349d42330_0 .net/s "valP", 63 0, v0x55e349d417f0_0;  1 drivers
S_0x55e349d14fb0 .scope module, "Fetch_tb" "Fetch" 2 10, 3 1 0, S_0x55e349d14e20;
 .timescale 0 0;
    .port_info 0 /INPUT 1 "Clk";
    .port_info 1 /OUTPUT 4 "icode";
    .port_info 2 /OUTPUT 4 "ifun";
    .port_info 3 /OUTPUT 4 "rA";
    .port_info 4 /OUTPUT 4 "rB";
    .port_info 5 /OUTPUT 64 "valC";
    .port_info 6 /OUTPUT 64 "valP";
    .port_info 7 /INPUT 64 "PC";
    .port_info 8 /OUTPUT 1 "INS";
    .port_info 9 /OUTPUT 1 "ADR";
    .port_info 10 /OUTPUT 1 "HLT";
    .port_info 11 /INPUT 80 "Instruction";
P_0x55e349d15190 .param/l "MemSize" 0 3 2, +C4<00000000000000000000010000000000>;
v0x55e349cc9000_0 .var "ADR", 0 0;
v0x55e349cf94f0_0 .net "Clk", 0 0, v0x55e349d41e50_0;  1 drivers
v0x55e349d40ff0_0 .var "HLT", 0 0;
v0x55e349d410c0_0 .var "INS", 0 0;
v0x55e349d41180_0 .net "Instruction", 0 79, v0x55e349d41ce0_0;  1 drivers
v0x55e349d412b0_0 .net "PC", 63 0, v0x55e349d41db0_0;  1 drivers
v0x55e349d41390_0 .var "icode", 3 0;
v0x55e349d41470_0 .var "ifun", 3 0;
v0x55e349d41550_0 .var "rA", 3 0;
v0x55e349d41630_0 .var "rB", 3 0;
v0x55e349d41710_0 .var/s "valC", 63 0;
v0x55e349d417f0_0 .var "valP", 63 0;
E_0x55e349d01290 .event posedge, v0x55e349cf94f0_0;
    .scope S_0x55e349d14fb0;
T_0 ;
    %pushi/vec4 0, 0, 1;
    %store/vec4 v0x55e349d40ff0_0, 0, 1;
    %pushi/vec4 0, 0, 1;
    %store/vec4 v0x55e349d410c0_0, 0, 1;
    %pushi/vec4 0, 0, 1;
    %store/vec4 v0x55e349cc9000_0, 0, 1;
    %end;
    .thread T_0;
    .scope S_0x55e349d14fb0;
T_1 ;
    %wait E_0x55e349d01290;
    %load/vec4 v0x55e349d41180_0;
    %parti/s 4, 76, 8;
    %store/vec4 v0x55e349d41390_0, 0, 4;
    %load/vec4 v0x55e349d41180_0;
    %parti/s 4, 72, 8;
    %store/vec4 v0x55e349d41470_0, 0, 4;
    %load/vec4 v0x55e349d41390_0;
    %dup/vec4;
    %pushi/vec4 0, 0, 4;
    %cmp/u;
    %jmp/1 T_1.0, 6;
    %dup/vec4;
    %pushi/vec4 1, 0, 4;
    %cmp/u;
    %jmp/1 T_1.1, 6;
    %dup/vec4;
    %pushi/vec4 2, 0, 4;
    %cmp/u;
    %jmp/1 T_1.2, 6;
    %dup/vec4;
    %pushi/vec4 3, 0, 4;
    %cmp/u;
    %jmp/1 T_1.3, 6;
    %dup/vec4;
    %pushi/vec4 4, 0, 4;
    %cmp/u;
    %jmp/1 T_1.4, 6;
    %dup/vec4;
    %pushi/vec4 5, 0, 4;
    %cmp/u;
    %jmp/1 T_1.5, 6;
    %dup/vec4;
    %pushi/vec4 6, 0, 4;
    %cmp/u;
    %jmp/1 T_1.6, 6;
    %dup/vec4;
    %pushi/vec4 7, 0, 4;
    %cmp/u;
    %jmp/1 T_1.7, 6;
    %dup/vec4;
    %pushi/vec4 8, 0, 4;
    %cmp/u;
    %jmp/1 T_1.8, 6;
    %dup/vec4;
    %pushi/vec4 9, 0, 4;
    %cmp/u;
    %jmp/1 T_1.9, 6;
    %dup/vec4;
    %pushi/vec4 10, 0, 4;
    %cmp/u;
    %jmp/1 T_1.10, 6;
    %dup/vec4;
    %pushi/vec4 11, 0, 4;
    %cmp/u;
    %jmp/1 T_1.11, 6;
    %pushi/vec4 1, 0, 1;
    %store/vec4 v0x55e349d410c0_0, 0, 1;
    %jmp T_1.13;
T_1.0 ;
    %pushi/vec4 1, 0, 1;
    %store/vec4 v0x55e349d40ff0_0, 0, 1;
    %load/vec4 v0x55e349d412b0_0;
    %addi 1, 0, 64;
    %store/vec4 v0x55e349d417f0_0, 0, 64;
    %load/vec4 v0x55e349d41470_0;
    %pad/u 32;
    %cmpi/ne 0, 0, 32;
    %jmp/0xz  T_1.14, 4;
    %pushi/vec4 1, 0, 1;
    %store/vec4 v0x55e349d410c0_0, 0, 1;
    %jmp T_1.15;
T_1.14 ;
    %pushi/vec4 0, 0, 1;
    %store/vec4 v0x55e349d410c0_0, 0, 1;
T_1.15 ;
    %jmp T_1.13;
T_1.1 ;
    %load/vec4 v0x55e349d412b0_0;
    %addi 1, 0, 64;
    %store/vec4 v0x55e349d417f0_0, 0, 64;
    %load/vec4 v0x55e349d41470_0;
    %pad/u 32;
    %cmpi/ne 0, 0, 32;
    %jmp/0xz  T_1.16, 4;
    %pushi/vec4 1, 0, 1;
    %store/vec4 v0x55e349d410c0_0, 0, 1;
    %jmp T_1.17;
T_1.16 ;
    %pushi/vec4 0, 0, 1;
    %store/vec4 v0x55e349d410c0_0, 0, 1;
T_1.17 ;
    %jmp T_1.13;
T_1.2 ;
    %load/vec4 v0x55e349d41180_0;
    %parti/s 4, 68, 8;
    %store/vec4 v0x55e349d41550_0, 0, 4;
    %load/vec4 v0x55e349d41180_0;
    %parti/s 4, 64, 8;
    %store/vec4 v0x55e349d41630_0, 0, 4;
    %load/vec4 v0x55e349d41470_0;
    %pad/u 32;
    %cmpi/u 6, 0, 32;
    %flag_or 5, 4; GT is !LE
    %flag_inv 5;
    %jmp/0xz  T_1.18, 5;
    %pushi/vec4 1, 0, 1;
    %store/vec4 v0x55e349d410c0_0, 0, 1;
    %load/vec4 v0x55e349d412b0_0;
    %addi 1, 0, 64;
    %store/vec4 v0x55e349d417f0_0, 0, 64;
    %jmp T_1.19;
T_1.18 ;
    %load/vec4 v0x55e349d412b0_0;
    %addi 2, 0, 64;
    %store/vec4 v0x55e349d417f0_0, 0, 64;
    %pushi/vec4 0, 0, 1;
    %store/vec4 v0x55e349d410c0_0, 0, 1;
T_1.19 ;
    %jmp T_1.13;
T_1.3 ;
    %load/vec4 v0x55e349d41180_0;
    %parti/s 4, 68, 8;
    %store/vec4 v0x55e349d41550_0, 0, 4;
    %load/vec4 v0x55e349d41180_0;
    %parti/s 4, 64, 8;
    %store/vec4 v0x55e349d41630_0, 0, 4;
    %load/vec4 v0x55e349d41180_0;
    %parti/s 64, 0, 2;
    %store/vec4 v0x55e349d41710_0, 0, 64;
    %load/vec4 v0x55e349d41470_0;
    %pad/u 32;
    %cmpi/ne 0, 0, 32;
    %jmp/0xz  T_1.20, 4;
    %pushi/vec4 1, 0, 1;
    %store/vec4 v0x55e349d410c0_0, 0, 1;
    %load/vec4 v0x55e349d412b0_0;
    %addi 1, 0, 64;
    %store/vec4 v0x55e349d417f0_0, 0, 64;
    %jmp T_1.21;
T_1.20 ;
    %load/vec4 v0x55e349d412b0_0;
    %addi 10, 0, 64;
    %store/vec4 v0x55e349d417f0_0, 0, 64;
    %pushi/vec4 0, 0, 1;
    %store/vec4 v0x55e349d410c0_0, 0, 1;
T_1.21 ;
    %jmp T_1.13;
T_1.4 ;
    %load/vec4 v0x55e349d41180_0;
    %parti/s 4, 68, 8;
    %store/vec4 v0x55e349d41550_0, 0, 4;
    %load/vec4 v0x55e349d41180_0;
    %parti/s 4, 64, 8;
    %store/vec4 v0x55e349d41630_0, 0, 4;
    %load/vec4 v0x55e349d41180_0;
    %parti/s 64, 0, 2;
    %store/vec4 v0x55e349d41710_0, 0, 64;
    %load/vec4 v0x55e349d41470_0;
    %pad/u 32;
    %cmpi/ne 0, 0, 32;
    %jmp/0xz  T_1.22, 4;
    %pushi/vec4 1, 0, 1;
    %store/vec4 v0x55e349d410c0_0, 0, 1;
    %load/vec4 v0x55e349d412b0_0;
    %addi 1, 0, 64;
    %store/vec4 v0x55e349d417f0_0, 0, 64;
    %jmp T_1.23;
T_1.22 ;
    %load/vec4 v0x55e349d412b0_0;
    %addi 10, 0, 64;
    %store/vec4 v0x55e349d417f0_0, 0, 64;
    %pushi/vec4 0, 0, 1;
    %store/vec4 v0x55e349d410c0_0, 0, 1;
T_1.23 ;
    %jmp T_1.13;
T_1.5 ;
    %load/vec4 v0x55e349d41180_0;
    %parti/s 4, 68, 8;
    %store/vec4 v0x55e349d41550_0, 0, 4;
    %load/vec4 v0x55e349d41180_0;
    %parti/s 4, 64, 8;
    %store/vec4 v0x55e349d41630_0, 0, 4;
    %load/vec4 v0x55e349d41180_0;
    %parti/s 64, 0, 2;
    %store/vec4 v0x55e349d41710_0, 0, 64;
    %load/vec4 v0x55e349d41470_0;
    %pad/u 32;
    %cmpi/ne 0, 0, 32;
    %jmp/0xz  T_1.24, 4;
    %pushi/vec4 1, 0, 1;
    %store/vec4 v0x55e349d410c0_0, 0, 1;
    %load/vec4 v0x55e349d412b0_0;
    %addi 1, 0, 64;
    %store/vec4 v0x55e349d417f0_0, 0, 64;
    %jmp T_1.25;
T_1.24 ;
    %load/vec4 v0x55e349d412b0_0;
    %addi 10, 0, 64;
    %store/vec4 v0x55e349d417f0_0, 0, 64;
    %pushi/vec4 0, 0, 1;
    %store/vec4 v0x55e349d410c0_0, 0, 1;
T_1.25 ;
    %jmp T_1.13;
T_1.6 ;
    %load/vec4 v0x55e349d41180_0;
    %parti/s 4, 68, 8;
    %store/vec4 v0x55e349d41550_0, 0, 4;
    %load/vec4 v0x55e349d41180_0;
    %parti/s 4, 64, 8;
    %store/vec4 v0x55e349d41630_0, 0, 4;
    %load/vec4 v0x55e349d41470_0;
    %pad/u 32;
    %cmpi/u 4, 0, 32;
    %flag_or 5, 4; GT is !LE
    %flag_inv 5;
    %jmp/0xz  T_1.26, 5;
    %pushi/vec4 1, 0, 1;
    %store/vec4 v0x55e349d410c0_0, 0, 1;
    %load/vec4 v0x55e349d412b0_0;
    %addi 1, 0, 64;
    %store/vec4 v0x55e349d417f0_0, 0, 64;
    %jmp T_1.27;
T_1.26 ;
    %load/vec4 v0x55e349d412b0_0;
    %addi 2, 0, 64;
    %store/vec4 v0x55e349d417f0_0, 0, 64;
    %pushi/vec4 0, 0, 1;
    %store/vec4 v0x55e349d410c0_0, 0, 1;
T_1.27 ;
    %jmp T_1.13;
T_1.7 ;
    %load/vec4 v0x55e349d41180_0;
    %parti/s 64, 8, 5;
    %store/vec4 v0x55e349d41710_0, 0, 64;
    %load/vec4 v0x55e349d41470_0;
    %pad/u 32;
    %cmpi/u 6, 0, 32;
    %flag_or 5, 4; GT is !LE
    %flag_inv 5;
    %jmp/0xz  T_1.28, 5;
    %pushi/vec4 1, 0, 1;
    %store/vec4 v0x55e349d410c0_0, 0, 1;
    %load/vec4 v0x55e349d412b0_0;
    %addi 1, 0, 64;
    %store/vec4 v0x55e349d417f0_0, 0, 64;
    %jmp T_1.29;
T_1.28 ;
    %pushi/vec4 0, 0, 1;
    %store/vec4 v0x55e349d410c0_0, 0, 1;
    %load/vec4 v0x55e349d412b0_0;
    %addi 9, 0, 64;
    %store/vec4 v0x55e349d417f0_0, 0, 64;
T_1.29 ;
    %jmp T_1.13;
T_1.8 ;
    %load/vec4 v0x55e349d41180_0;
    %parti/s 64, 8, 5;
    %store/vec4 v0x55e349d41710_0, 0, 64;
    %load/vec4 v0x55e349d41470_0;
    %pad/u 32;
    %cmpi/ne 0, 0, 32;
    %jmp/0xz  T_1.30, 4;
    %pushi/vec4 1, 0, 1;
    %store/vec4 v0x55e349d410c0_0, 0, 1;
    %load/vec4 v0x55e349d412b0_0;
    %addi 1, 0, 64;
    %store/vec4 v0x55e349d417f0_0, 0, 64;
    %jmp T_1.31;
T_1.30 ;
    %load/vec4 v0x55e349d412b0_0;
    %addi 9, 0, 64;
    %store/vec4 v0x55e349d417f0_0, 0, 64;
    %pushi/vec4 0, 0, 1;
    %store/vec4 v0x55e349d410c0_0, 0, 1;
T_1.31 ;
    %jmp T_1.13;
T_1.9 ;
    %load/vec4 v0x55e349d412b0_0;
    %addi 1, 0, 64;
    %store/vec4 v0x55e349d417f0_0, 0, 64;
    %load/vec4 v0x55e349d41470_0;
    %pad/u 32;
    %cmpi/ne 0, 0, 32;
    %jmp/0xz  T_1.32, 4;
    %pushi/vec4 1, 0, 1;
    %store/vec4 v0x55e349d410c0_0, 0, 1;
    %jmp T_1.33;
T_1.32 ;
    %pushi/vec4 0, 0, 1;
    %store/vec4 v0x55e349d410c0_0, 0, 1;
T_1.33 ;
    %jmp T_1.13;
T_1.10 ;
    %load/vec4 v0x55e349d41180_0;
    %parti/s 4, 68, 8;
    %store/vec4 v0x55e349d41550_0, 0, 4;
    %load/vec4 v0x55e349d41180_0;
    %parti/s 4, 64, 8;
    %store/vec4 v0x55e349d41630_0, 0, 4;
    %load/vec4 v0x55e349d41470_0;
    %pad/u 32;
    %cmpi/ne 0, 0, 32;
    %jmp/0xz  T_1.34, 4;
    %pushi/vec4 1, 0, 1;
    %store/vec4 v0x55e349d410c0_0, 0, 1;
    %load/vec4 v0x55e349d412b0_0;
    %addi 1, 0, 64;
    %store/vec4 v0x55e349d417f0_0, 0, 64;
    %jmp T_1.35;
T_1.34 ;
    %pushi/vec4 0, 0, 1;
    %store/vec4 v0x55e349d410c0_0, 0, 1;
    %load/vec4 v0x55e349d412b0_0;
    %addi 2, 0, 64;
    %store/vec4 v0x55e349d417f0_0, 0, 64;
T_1.35 ;
    %jmp T_1.13;
T_1.11 ;
    %load/vec4 v0x55e349d41180_0;
    %parti/s 4, 68, 8;
    %store/vec4 v0x55e349d41550_0, 0, 4;
    %load/vec4 v0x55e349d41180_0;
    %parti/s 4, 64, 8;
    %store/vec4 v0x55e349d41630_0, 0, 4;
    %load/vec4 v0x55e349d41470_0;
    %pad/u 32;
    %cmpi/ne 0, 0, 32;
    %jmp/0xz  T_1.36, 4;
    %pushi/vec4 1, 0, 1;
    %store/vec4 v0x55e349d410c0_0, 0, 1;
    %load/vec4 v0x55e349d412b0_0;
    %addi 1, 0, 64;
    %store/vec4 v0x55e349d417f0_0, 0, 64;
    %jmp T_1.37;
T_1.36 ;
    %pushi/vec4 0, 0, 1;
    %store/vec4 v0x55e349d410c0_0, 0, 1;
    %load/vec4 v0x55e349d412b0_0;
    %addi 2, 0, 64;
    %store/vec4 v0x55e349d417f0_0, 0, 64;
T_1.37 ;
    %jmp T_1.13;
T_1.13 ;
    %pop/vec4 1;
    %jmp T_1;
    .thread T_1;
    .scope S_0x55e349d14e20;
T_2 ;
    %delay 10, 0;
    %load/vec4 v0x55e349d41e50_0;
    %inv;
    %store/vec4 v0x55e349d41e50_0, 0, 1;
    %jmp T_2;
    .thread T_2;
    .scope S_0x55e349d14e20;
T_3 ;
    %vpi_call 2 18 "$monitor", "At T = %4t,\012\011Instruction = %20h,\012\011icode = %1h, ifun = %1h, rA = %1h, rB = %1h, valC = %16h, valP = %16h, PC = %16h, InVal Ins = %1b, Address Error = %1b, Halt = %1b,", $time, v0x55e349d41ce0_0, v0x55e349d41f20_0, v0x55e349d41ff0_0, v0x55e349d420c0_0, v0x55e349d42190_0, v0x55e349d42260_0, v0x55e349d42330_0, v0x55e349d41db0_0, v0x55e349d41be0_0, v0x55e349d41a50_0, v0x55e349d41b10_0 {0 0 0};
    %pushi/vec4 0, 0, 1;
    %store/vec4 v0x55e349d41e50_0, 0, 1;
    %pushi/vec4 0, 0, 64;
    %store/vec4 v0x55e349d41db0_0, 0, 64;
    %delay 20, 0;
    %pushi/vec4 2185369076, 0, 35;
    %concati/vec4 3701090521, 0, 33;
    %concati/vec4 3298, 0, 12;
    %store/vec4 v0x55e349d41ce0_0, 0, 80;
    %delay 20, 0;
    %pushi/vec4 2184961191, 0, 34;
    %concati/vec4 3128219337, 0, 34;
    %concati/vec4 700, 0, 12;
    %store/vec4 v0x55e349d41ce0_0, 0, 80;
    %delay 20, 0;
    %pushi/vec4 2246127281, 0, 34;
    %concati/vec4 3362874344, 0, 33;
    %concati/vec4 2887, 0, 13;
    %store/vec4 v0x55e349d41ce0_0, 0, 80;
    %delay 20, 0;
    %pushi/vec4 2318341384, 0, 34;
    %concati/vec4 3467096202, 0, 34;
    %concati/vec4 1145, 0, 12;
    %store/vec4 v0x55e349d41ce0_0, 0, 80;
    %delay 20, 0;
    %pushi/vec4 2381199090, 0, 34;
    %concati/vec4 2266228773, 0, 33;
    %concati/vec4 5292, 0, 13;
    %store/vec4 v0x55e349d41ce0_0, 0, 80;
    %delay 20, 0;
    %pushi/vec4 2435400432, 0, 34;
    %concati/vec4 2676024619, 0, 32;
    %concati/vec4 11132, 0, 14;
    %store/vec4 v0x55e349d41ce0_0, 0, 80;
    %delay 20, 0;
    %pushi/vec4 2519970549, 0, 34;
    %concati/vec4 3652899886, 0, 33;
    %concati/vec4 2153, 0, 13;
    %store/vec4 v0x55e349d41ce0_0, 0, 80;
    %delay 20, 0;
    %pushi/vec4 2586781610, 0, 34;
    %concati/vec4 3583981008, 0, 32;
    %concati/vec4 11970, 0, 14;
    %store/vec4 v0x55e349d41ce0_0, 0, 80;
    %delay 20, 0;
    %pushi/vec4 3251932783, 0, 34;
    %concati/vec4 3895777972, 0, 34;
    %concati/vec4 2540, 0, 12;
    %store/vec4 v0x55e349d41ce0_0, 0, 80;
    %delay 20, 0;
    %pushi/vec4 2162840445, 0, 33;
    %concati/vec4 3430119893, 0, 32;
    %concati/vec4 7582, 0, 15;
    %store/vec4 v0x55e349d41ce0_0, 0, 80;
    %delay 20, 0;
    %pushi/vec4 2699507612, 0, 33;
    %concati/vec4 2662568466, 0, 37;
    %concati/vec4 588, 0, 10;
    %store/vec4 v0x55e349d41ce0_0, 0, 80;
    %delay 20, 0;
    %pushi/vec4 3239964243, 0, 33;
    %concati/vec4 2538511065, 0, 32;
    %concati/vec4 4796, 0, 15;
    %store/vec4 v0x55e349d41ce0_0, 0, 80;
    %delay 20, 0;
    %pushi/vec4 3270547288, 0, 33;
    %concati/vec4 2988202234, 0, 32;
    %concati/vec4 2887, 0, 15;
    %store/vec4 v0x55e349d41ce0_0, 0, 80;
    %delay 20, 0;
    %pushi/vec4 3306654340, 0, 33;
    %concati/vec4 3467096202, 0, 35;
    %concati/vec4 1145, 0, 12;
    %store/vec4 v0x55e349d41ce0_0, 0, 80;
    %delay 20, 0;
    %pushi/vec4 3338083193, 0, 33;
    %concati/vec4 2266228773, 0, 34;
    %concati/vec4 5292, 0, 13;
    %store/vec4 v0x55e349d41ce0_0, 0, 80;
    %delay 20, 0;
    %pushi/vec4 3776835155, 0, 33;
    %concati/vec4 2538511065, 0, 32;
    %concati/vec4 4796, 0, 15;
    %store/vec4 v0x55e349d41ce0_0, 0, 80;
    %delay 20, 0;
    %pushi/vec4 3807418200, 0, 33;
    %concati/vec4 2988202234, 0, 32;
    %concati/vec4 2887, 0, 15;
    %store/vec4 v0x55e349d41ce0_0, 0, 80;
    %delay 20, 0;
    %pushi/vec4 3843525252, 0, 33;
    %concati/vec4 3467096202, 0, 35;
    %concati/vec4 1145, 0, 12;
    %store/vec4 v0x55e349d41ce0_0, 0, 80;
    %delay 20, 0;
    %pushi/vec4 3874954105, 0, 33;
    %concati/vec4 2266228773, 0, 34;
    %concati/vec4 5292, 0, 13;
    %store/vec4 v0x55e349d41ce0_0, 0, 80;
    %delay 20, 0;
    %pushi/vec4 3902054776, 0, 33;
    %concati/vec4 2676024619, 0, 33;
    %concati/vec4 11132, 0, 14;
    %store/vec4 v0x55e349d41ce0_0, 0, 80;
    %delay 20, 0;
    %pushi/vec4 3944339834, 0, 33;
    %concati/vec4 3060708619, 0, 32;
    %concati/vec4 18537, 0, 15;
    %store/vec4 v0x55e349d41ce0_0, 0, 80;
    %delay 20, 0;
    %pushi/vec4 3977745365, 0, 33;
    %concati/vec4 3583981008, 0, 33;
    %concati/vec4 11970, 0, 14;
    %store/vec4 v0x55e349d41ce0_0, 0, 80;
    %delay 20, 0;
    %pushi/vec4 2156643650, 0, 32;
    %concati/vec4 3467096202, 0, 36;
    %concati/vec4 1145, 0, 12;
    %store/vec4 v0x55e349d41ce0_0, 0, 80;
    %delay 20, 0;
    %pushi/vec4 2423894932, 0, 32;
    %concati/vec4 3461024998, 0, 32;
    %concati/vec4 30983, 0, 16;
    %store/vec4 v0x55e349d41ce0_0, 0, 80;
    %delay 20, 0;
    %pushi/vec4 2692451772, 0, 32;
    %concati/vec4 2430762244, 0, 32;
    %concati/vec4 46252, 0, 16;
    %store/vec4 v0x55e349d41ce0_0, 0, 80;
    %delay 20, 0;
    %pushi/vec4 2961951210, 0, 32;
    %concati/vec4 3043478900, 0, 32;
    %concati/vec4 11970, 0, 16;
    %store/vec4 v0x55e349d41ce0_0, 0, 80;
    %delay 20, 0;
    %pushi/vec4 2710367421, 0, 32;
    %concati/vec4 3060708619, 0, 33;
    %concati/vec4 18537, 0, 15;
    %store/vec4 v0x55e349d41ce0_0, 0, 80;
    %vpi_call 2 76 "$finish" {0 0 0};
    %end;
    .thread T_3;
# The file index is used to find the file name in the following table.
:file_names 4;
    "N/A";
    "<interactive>";
    "Fetch_tb.v";
    "Fetch.v";
