#! /usr/bin/vvp
:ivl_version "11.0 (stable)";
:ivl_delay_selection "TYPICAL";
:vpi_time_precision + 0;
:vpi_module "/usr/lib/x86_64-linux-gnu/ivl/system.vpi";
:vpi_module "/usr/lib/x86_64-linux-gnu/ivl/vhdl_sys.vpi";
:vpi_module "/usr/lib/x86_64-linux-gnu/ivl/vhdl_textio.vpi";
:vpi_module "/usr/lib/x86_64-linux-gnu/ivl/v2005_math.vpi";
:vpi_module "/usr/lib/x86_64-linux-gnu/ivl/va_math.vpi";
S_0x561ad3ecdd90 .scope module, "Fetch" "Fetch" 2 1;
 .timescale 0 0;
    .port_info 0 /INPUT 1 "Clk";
    .port_info 1 /OUTPUT 4 "icode";
    .port_info 2 /OUTPUT 4 "ifun";
    .port_info 3 /OUTPUT 4 "rA";
    .port_info 4 /OUTPUT 4 "rB";
    .port_info 5 /OUTPUT 64 "valC";
    .port_info 6 /OUTPUT 64 "valP";
    .port_info 7 /INPUT 64 "PC";
    .port_info 8 /OUTPUT 1 "INS";
    .port_info 9 /OUTPUT 1 "ADR";
    .port_info 10 /OUTPUT 1 "HLT";
    .port_info 11 /INPUT 80 "Instruction";
P_0x561ad3efde90 .param/l "MemSize" 0 2 2, +C4<00000000000000000000010000000000>;
v0x561ad3ecfba0_0 .var "ADR", 0 0;
o0x7f50e3dcf048 .functor BUFZ 1, C4<z>; HiZ drive
v0x561ad3f341d0_0 .net "Clk", 0 0, o0x7f50e3dcf048;  0 drivers
v0x561ad3f34290_0 .var "HLT", 0 0;
v0x561ad3f34330_0 .var "INS", 0 0;
o0x7f50e3dcf0d8 .functor BUFZ 80, C4<zzzzzzzzzzzzzzzzzzzzzzzzzzzzzzzzzzzzzzzzzzzzzzzzzzzzzzzzzzzzzzzzzzzzzzzzzzzzzzzz>; HiZ drive
v0x561ad3f343f0_0 .net "Instruction", 0 79, o0x7f50e3dcf0d8;  0 drivers
o0x7f50e3dcf108 .functor BUFZ 64, C4<zzzzzzzzzzzzzzzzzzzzzzzzzzzzzzzzzzzzzzzzzzzzzzzzzzzzzzzzzzzzzzzz>; HiZ drive
v0x561ad3f34520_0 .net "PC", 63 0, o0x7f50e3dcf108;  0 drivers
v0x561ad3f34600_0 .var "icode", 3 0;
v0x561ad3f346e0_0 .var "ifun", 3 0;
v0x561ad3f347c0_0 .var "rA", 3 0;
v0x561ad3f348a0_0 .var "rB", 3 0;
v0x561ad3f34980_0 .var/s "valC", 63 0;
v0x561ad3f34a60_0 .var "valP", 63 0;
E_0x561ad3f07e70 .event edge, v0x561ad3f343f0_0, v0x561ad3f34600_0, v0x561ad3f34520_0, v0x561ad3f346e0_0;
    .scope S_0x561ad3ecdd90;
T_0 ;
    %pushi/vec4 0, 0, 1;
    %store/vec4 v0x561ad3f34290_0, 0, 1;
    %pushi/vec4 0, 0, 1;
    %store/vec4 v0x561ad3f34330_0, 0, 1;
    %pushi/vec4 0, 0, 1;
    %store/vec4 v0x561ad3ecfba0_0, 0, 1;
    %end;
    .thread T_0;
    .scope S_0x561ad3ecdd90;
T_1 ;
    %vpi_call 2 14 "$display", "Entered Fetch" {0 0 0};
    %end;
    .thread T_1;
    .scope S_0x561ad3ecdd90;
T_2 ;
    %wait E_0x561ad3f07e70;
    %load/vec4 v0x561ad3f343f0_0;
    %parti/s 4, 76, 8;
    %store/vec4 v0x561ad3f34600_0, 0, 4;
    %load/vec4 v0x561ad3f343f0_0;
    %parti/s 4, 72, 8;
    %store/vec4 v0x561ad3f346e0_0, 0, 4;
    %load/vec4 v0x561ad3f34600_0;
    %dup/vec4;
    %pushi/vec4 0, 0, 4;
    %cmp/u;
    %jmp/1 T_2.0, 6;
    %dup/vec4;
    %pushi/vec4 1, 0, 4;
    %cmp/u;
    %jmp/1 T_2.1, 6;
    %dup/vec4;
    %pushi/vec4 2, 0, 4;
    %cmp/u;
    %jmp/1 T_2.2, 6;
    %dup/vec4;
    %pushi/vec4 3, 0, 4;
    %cmp/u;
    %jmp/1 T_2.3, 6;
    %dup/vec4;
    %pushi/vec4 4, 0, 4;
    %cmp/u;
    %jmp/1 T_2.4, 6;
    %dup/vec4;
    %pushi/vec4 5, 0, 4;
    %cmp/u;
    %jmp/1 T_2.5, 6;
    %dup/vec4;
    %pushi/vec4 6, 0, 4;
    %cmp/u;
    %jmp/1 T_2.6, 6;
    %dup/vec4;
    %pushi/vec4 7, 0, 4;
    %cmp/u;
    %jmp/1 T_2.7, 6;
    %dup/vec4;
    %pushi/vec4 8, 0, 4;
    %cmp/u;
    %jmp/1 T_2.8, 6;
    %dup/vec4;
    %pushi/vec4 9, 0, 4;
    %cmp/u;
    %jmp/1 T_2.9, 6;
    %dup/vec4;
    %pushi/vec4 10, 0, 4;
    %cmp/u;
    %jmp/1 T_2.10, 6;
    %dup/vec4;
    %pushi/vec4 11, 0, 4;
    %cmp/u;
    %jmp/1 T_2.11, 6;
    %pushi/vec4 1, 0, 1;
    %store/vec4 v0x561ad3f34330_0, 0, 1;
    %jmp T_2.13;
T_2.0 ;
    %pushi/vec4 1, 0, 1;
    %store/vec4 v0x561ad3f34290_0, 0, 1;
    %load/vec4 v0x561ad3f34520_0;
    %addi 1, 0, 64;
    %store/vec4 v0x561ad3f34a60_0, 0, 64;
    %load/vec4 v0x561ad3f346e0_0;
    %pad/u 32;
    %cmpi/ne 0, 0, 32;
    %jmp/0xz  T_2.14, 4;
    %pushi/vec4 1, 0, 1;
    %store/vec4 v0x561ad3f34330_0, 0, 1;
    %jmp T_2.15;
T_2.14 ;
    %pushi/vec4 0, 0, 1;
    %store/vec4 v0x561ad3f34330_0, 0, 1;
T_2.15 ;
    %jmp T_2.13;
T_2.1 ;
    %load/vec4 v0x561ad3f34520_0;
    %addi 1, 0, 64;
    %store/vec4 v0x561ad3f34a60_0, 0, 64;
    %load/vec4 v0x561ad3f346e0_0;
    %pad/u 32;
    %cmpi/ne 0, 0, 32;
    %jmp/0xz  T_2.16, 4;
    %pushi/vec4 1, 0, 1;
    %store/vec4 v0x561ad3f34330_0, 0, 1;
    %jmp T_2.17;
T_2.16 ;
    %pushi/vec4 0, 0, 1;
    %store/vec4 v0x561ad3f34330_0, 0, 1;
T_2.17 ;
    %jmp T_2.13;
T_2.2 ;
    %load/vec4 v0x561ad3f343f0_0;
    %parti/s 4, 68, 8;
    %store/vec4 v0x561ad3f347c0_0, 0, 4;
    %load/vec4 v0x561ad3f343f0_0;
    %parti/s 4, 64, 8;
    %store/vec4 v0x561ad3f348a0_0, 0, 4;
    %load/vec4 v0x561ad3f346e0_0;
    %pad/u 32;
    %cmpi/u 6, 0, 32;
    %flag_or 5, 4; GT is !LE
    %flag_inv 5;
    %jmp/0xz  T_2.18, 5;
    %pushi/vec4 1, 0, 1;
    %store/vec4 v0x561ad3f34330_0, 0, 1;
    %load/vec4 v0x561ad3f34520_0;
    %addi 1, 0, 64;
    %store/vec4 v0x561ad3f34a60_0, 0, 64;
    %jmp T_2.19;
T_2.18 ;
    %load/vec4 v0x561ad3f34520_0;
    %addi 2, 0, 64;
    %store/vec4 v0x561ad3f34a60_0, 0, 64;
    %pushi/vec4 0, 0, 1;
    %store/vec4 v0x561ad3f34330_0, 0, 1;
T_2.19 ;
    %jmp T_2.13;
T_2.3 ;
    %load/vec4 v0x561ad3f343f0_0;
    %parti/s 4, 68, 8;
    %store/vec4 v0x561ad3f347c0_0, 0, 4;
    %load/vec4 v0x561ad3f343f0_0;
    %parti/s 4, 64, 8;
    %store/vec4 v0x561ad3f348a0_0, 0, 4;
    %load/vec4 v0x561ad3f343f0_0;
    %parti/s 64, 0, 2;
    %store/vec4 v0x561ad3f34980_0, 0, 64;
    %load/vec4 v0x561ad3f346e0_0;
    %pad/u 32;
    %cmpi/ne 0, 0, 32;
    %jmp/0xz  T_2.20, 4;
    %pushi/vec4 1, 0, 1;
    %store/vec4 v0x561ad3f34330_0, 0, 1;
    %load/vec4 v0x561ad3f34520_0;
    %addi 1, 0, 64;
    %store/vec4 v0x561ad3f34a60_0, 0, 64;
    %jmp T_2.21;
T_2.20 ;
    %load/vec4 v0x561ad3f34520_0;
    %addi 10, 0, 64;
    %store/vec4 v0x561ad3f34a60_0, 0, 64;
    %pushi/vec4 0, 0, 1;
    %store/vec4 v0x561ad3f34330_0, 0, 1;
T_2.21 ;
    %jmp T_2.13;
T_2.4 ;
    %load/vec4 v0x561ad3f343f0_0;
    %parti/s 4, 68, 8;
    %store/vec4 v0x561ad3f347c0_0, 0, 4;
    %load/vec4 v0x561ad3f343f0_0;
    %parti/s 4, 64, 8;
    %store/vec4 v0x561ad3f348a0_0, 0, 4;
    %load/vec4 v0x561ad3f343f0_0;
    %parti/s 64, 0, 2;
    %store/vec4 v0x561ad3f34980_0, 0, 64;
    %load/vec4 v0x561ad3f346e0_0;
    %pad/u 32;
    %cmpi/ne 0, 0, 32;
    %jmp/0xz  T_2.22, 4;
    %pushi/vec4 1, 0, 1;
    %store/vec4 v0x561ad3f34330_0, 0, 1;
    %load/vec4 v0x561ad3f34520_0;
    %addi 1, 0, 64;
    %store/vec4 v0x561ad3f34a60_0, 0, 64;
    %jmp T_2.23;
T_2.22 ;
    %load/vec4 v0x561ad3f34520_0;
    %addi 10, 0, 64;
    %store/vec4 v0x561ad3f34a60_0, 0, 64;
    %pushi/vec4 0, 0, 1;
    %store/vec4 v0x561ad3f34330_0, 0, 1;
T_2.23 ;
    %jmp T_2.13;
T_2.5 ;
    %load/vec4 v0x561ad3f343f0_0;
    %parti/s 4, 68, 8;
    %store/vec4 v0x561ad3f347c0_0, 0, 4;
    %load/vec4 v0x561ad3f343f0_0;
    %parti/s 4, 64, 8;
    %store/vec4 v0x561ad3f348a0_0, 0, 4;
    %load/vec4 v0x561ad3f343f0_0;
    %parti/s 64, 0, 2;
    %store/vec4 v0x561ad3f34980_0, 0, 64;
    %load/vec4 v0x561ad3f346e0_0;
    %pad/u 32;
    %cmpi/ne 0, 0, 32;
    %jmp/0xz  T_2.24, 4;
    %pushi/vec4 1, 0, 1;
    %store/vec4 v0x561ad3f34330_0, 0, 1;
    %load/vec4 v0x561ad3f34520_0;
    %addi 1, 0, 64;
    %store/vec4 v0x561ad3f34a60_0, 0, 64;
    %jmp T_2.25;
T_2.24 ;
    %load/vec4 v0x561ad3f34520_0;
    %addi 10, 0, 64;
    %store/vec4 v0x561ad3f34a60_0, 0, 64;
    %pushi/vec4 0, 0, 1;
    %store/vec4 v0x561ad3f34330_0, 0, 1;
T_2.25 ;
    %jmp T_2.13;
T_2.6 ;
    %load/vec4 v0x561ad3f343f0_0;
    %parti/s 4, 68, 8;
    %store/vec4 v0x561ad3f347c0_0, 0, 4;
    %load/vec4 v0x561ad3f343f0_0;
    %parti/s 4, 64, 8;
    %store/vec4 v0x561ad3f348a0_0, 0, 4;
    %load/vec4 v0x561ad3f346e0_0;
    %pad/u 32;
    %cmpi/u 4, 0, 32;
    %flag_or 5, 4; GT is !LE
    %flag_inv 5;
    %jmp/0xz  T_2.26, 5;
    %pushi/vec4 1, 0, 1;
    %store/vec4 v0x561ad3f34330_0, 0, 1;
    %load/vec4 v0x561ad3f34520_0;
    %addi 1, 0, 64;
    %store/vec4 v0x561ad3f34a60_0, 0, 64;
    %jmp T_2.27;
T_2.26 ;
    %load/vec4 v0x561ad3f34520_0;
    %addi 2, 0, 64;
    %store/vec4 v0x561ad3f34a60_0, 0, 64;
    %pushi/vec4 0, 0, 1;
    %store/vec4 v0x561ad3f34330_0, 0, 1;
T_2.27 ;
    %jmp T_2.13;
T_2.7 ;
    %load/vec4 v0x561ad3f343f0_0;
    %parti/s 64, 8, 5;
    %store/vec4 v0x561ad3f34980_0, 0, 64;
    %load/vec4 v0x561ad3f346e0_0;
    %pad/u 32;
    %cmpi/u 6, 0, 32;
    %flag_or 5, 4; GT is !LE
    %flag_inv 5;
    %jmp/0xz  T_2.28, 5;
    %pushi/vec4 1, 0, 1;
    %store/vec4 v0x561ad3f34330_0, 0, 1;
    %load/vec4 v0x561ad3f34520_0;
    %addi 1, 0, 64;
    %store/vec4 v0x561ad3f34a60_0, 0, 64;
    %jmp T_2.29;
T_2.28 ;
    %pushi/vec4 0, 0, 1;
    %store/vec4 v0x561ad3f34330_0, 0, 1;
    %load/vec4 v0x561ad3f34520_0;
    %addi 9, 0, 64;
    %store/vec4 v0x561ad3f34a60_0, 0, 64;
T_2.29 ;
    %jmp T_2.13;
T_2.8 ;
    %load/vec4 v0x561ad3f343f0_0;
    %parti/s 64, 8, 5;
    %store/vec4 v0x561ad3f34980_0, 0, 64;
    %load/vec4 v0x561ad3f346e0_0;
    %pad/u 32;
    %cmpi/ne 0, 0, 32;
    %jmp/0xz  T_2.30, 4;
    %pushi/vec4 1, 0, 1;
    %store/vec4 v0x561ad3f34330_0, 0, 1;
    %load/vec4 v0x561ad3f34520_0;
    %addi 1, 0, 64;
    %store/vec4 v0x561ad3f34a60_0, 0, 64;
    %jmp T_2.31;
T_2.30 ;
    %load/vec4 v0x561ad3f34520_0;
    %addi 9, 0, 64;
    %store/vec4 v0x561ad3f34a60_0, 0, 64;
    %pushi/vec4 0, 0, 1;
    %store/vec4 v0x561ad3f34330_0, 0, 1;
T_2.31 ;
    %jmp T_2.13;
T_2.9 ;
    %load/vec4 v0x561ad3f34520_0;
    %addi 1, 0, 64;
    %store/vec4 v0x561ad3f34a60_0, 0, 64;
    %load/vec4 v0x561ad3f346e0_0;
    %pad/u 32;
    %cmpi/ne 0, 0, 32;
    %jmp/0xz  T_2.32, 4;
    %pushi/vec4 1, 0, 1;
    %store/vec4 v0x561ad3f34330_0, 0, 1;
    %jmp T_2.33;
T_2.32 ;
    %pushi/vec4 0, 0, 1;
    %store/vec4 v0x561ad3f34330_0, 0, 1;
T_2.33 ;
    %jmp T_2.13;
T_2.10 ;
    %load/vec4 v0x561ad3f343f0_0;
    %parti/s 4, 68, 8;
    %store/vec4 v0x561ad3f347c0_0, 0, 4;
    %load/vec4 v0x561ad3f343f0_0;
    %parti/s 4, 64, 8;
    %store/vec4 v0x561ad3f348a0_0, 0, 4;
    %load/vec4 v0x561ad3f346e0_0;
    %pad/u 32;
    %cmpi/ne 0, 0, 32;
    %jmp/0xz  T_2.34, 4;
    %pushi/vec4 1, 0, 1;
    %store/vec4 v0x561ad3f34330_0, 0, 1;
    %load/vec4 v0x561ad3f34520_0;
    %addi 1, 0, 64;
    %store/vec4 v0x561ad3f34a60_0, 0, 64;
    %jmp T_2.35;
T_2.34 ;
    %pushi/vec4 0, 0, 1;
    %store/vec4 v0x561ad3f34330_0, 0, 1;
    %load/vec4 v0x561ad3f34520_0;
    %addi 2, 0, 64;
    %store/vec4 v0x561ad3f34a60_0, 0, 64;
T_2.35 ;
    %jmp T_2.13;
T_2.11 ;
    %load/vec4 v0x561ad3f343f0_0;
    %parti/s 4, 68, 8;
    %store/vec4 v0x561ad3f347c0_0, 0, 4;
    %load/vec4 v0x561ad3f343f0_0;
    %parti/s 4, 64, 8;
    %store/vec4 v0x561ad3f348a0_0, 0, 4;
    %load/vec4 v0x561ad3f346e0_0;
    %pad/u 32;
    %cmpi/ne 0, 0, 32;
    %jmp/0xz  T_2.36, 4;
    %pushi/vec4 1, 0, 1;
    %store/vec4 v0x561ad3f34330_0, 0, 1;
    %load/vec4 v0x561ad3f34520_0;
    %addi 1, 0, 64;
    %store/vec4 v0x561ad3f34a60_0, 0, 64;
    %jmp T_2.37;
T_2.36 ;
    %pushi/vec4 0, 0, 1;
    %store/vec4 v0x561ad3f34330_0, 0, 1;
    %load/vec4 v0x561ad3f34520_0;
    %addi 2, 0, 64;
    %store/vec4 v0x561ad3f34a60_0, 0, 64;
T_2.37 ;
    %jmp T_2.13;
T_2.13 ;
    %pop/vec4 1;
    %jmp T_2;
    .thread T_2, $push;
# The file index is used to find the file name in the following table.
:file_names 3;
    "N/A";
    "<interactive>";
    "Fetch.v";
