#! /usr/bin/vvp
:ivl_version "11.0 (stable)";
:ivl_delay_selection "TYPICAL";
:vpi_time_precision + 0;
:vpi_module "/usr/lib/x86_64-linux-gnu/ivl/system.vpi";
:vpi_module "/usr/lib/x86_64-linux-gnu/ivl/vhdl_sys.vpi";
:vpi_module "/usr/lib/x86_64-linux-gnu/ivl/vhdl_textio.vpi";
:vpi_module "/usr/lib/x86_64-linux-gnu/ivl/v2005_math.vpi";
:vpi_module "/usr/lib/x86_64-linux-gnu/ivl/va_math.vpi";
S_0x5653eccf6fe0 .scope module, "Xor_tb" "Xor_tb" 2 3;
 .timescale 0 0;
v0x5653ecd65700_0 .var "In1", 63 0;
v0x5653ecd657e0_0 .var "In2", 63 0;
v0x5653ecd65880_0 .net "Out", 63 0, L_0x5653ecd791a0;  1 drivers
L_0x7ff6b9756018 .functor BUFT 1, C4<0>, C4<0>, C4<0>, C4<0>;
v0x5653ecd65980_0 .net "Overflow", 0 0, L_0x7ff6b9756018;  1 drivers
S_0x5653eccf7170 .scope module, "dut" "Xor" 2 7, 3 1 0, S_0x5653eccf6fe0;
 .timescale 0 0;
    .port_info 0 /INPUT 64 "In1";
    .port_info 1 /INPUT 64 "In2";
    .port_info 2 /OUTPUT 64 "Out";
    .port_info 3 /OUTPUT 1 "Overflow";
P_0x5653eccf7300 .param/l "N" 0 3 2, +C4<00000000000000000000000001000000>;
v0x5653ecd614b0_0 .net "In1", 63 0, v0x5653ecd65700_0;  1 drivers
v0x5653ecd615b0_0 .net "In2", 63 0, v0x5653ecd657e0_0;  1 drivers
v0x5653ecd61690_0 .net "Out", 63 0, L_0x5653ecd791a0;  alias, 1 drivers
v0x5653ecd61750_0 .net "Overflow", 0 0, L_0x7ff6b9756018;  alias, 1 drivers
v0x5653ecd61810_0 .net *"_ivl_0", 0 0, L_0x5653ecd0fee0;  1 drivers
v0x5653ecd61940_0 .net *"_ivl_100", 0 0, L_0x5653ecd6ae50;  1 drivers
v0x5653ecd61a20_0 .net *"_ivl_104", 0 0, L_0x5653ecd6b280;  1 drivers
v0x5653ecd61b00_0 .net *"_ivl_108", 0 0, L_0x5653ecd6b6c0;  1 drivers
v0x5653ecd61be0_0 .net *"_ivl_112", 0 0, L_0x5653ecd6bb10;  1 drivers
v0x5653ecd61cc0_0 .net *"_ivl_116", 0 0, L_0x5653ecd6bf70;  1 drivers
v0x5653ecd61da0_0 .net *"_ivl_12", 0 0, L_0x5653ecd661d0;  1 drivers
v0x5653ecd61e80_0 .net *"_ivl_120", 0 0, L_0x5653ecd6c3e0;  1 drivers
v0x5653ecd61f60_0 .net *"_ivl_124", 0 0, L_0x5653ecd6d080;  1 drivers
v0x5653ecd62040_0 .net *"_ivl_128", 0 0, L_0x5653ecd6d510;  1 drivers
v0x5653ecd62120_0 .net *"_ivl_132", 0 0, L_0x5653ecd6d9b0;  1 drivers
v0x5653ecd62200_0 .net *"_ivl_136", 0 0, L_0x5653ecd6de60;  1 drivers
v0x5653ecd622e0_0 .net *"_ivl_140", 0 0, L_0x5653ecd6e320;  1 drivers
v0x5653ecd623c0_0 .net *"_ivl_144", 0 0, L_0x5653ecd6e7f0;  1 drivers
v0x5653ecd624a0_0 .net *"_ivl_148", 0 0, L_0x5653ecd6ecd0;  1 drivers
v0x5653ecd62580_0 .net *"_ivl_152", 0 0, L_0x5653ecd6f1c0;  1 drivers
v0x5653ecd62660_0 .net *"_ivl_156", 0 0, L_0x5653ecd6f6c0;  1 drivers
v0x5653ecd62740_0 .net *"_ivl_16", 0 0, L_0x5653ecd66420;  1 drivers
v0x5653ecd62820_0 .net *"_ivl_160", 0 0, L_0x5653ecd6fbd0;  1 drivers
v0x5653ecd62900_0 .net *"_ivl_164", 0 0, L_0x5653ecd700f0;  1 drivers
v0x5653ecd629e0_0 .net *"_ivl_168", 0 0, L_0x5653ecd70620;  1 drivers
v0x5653ecd62ac0_0 .net *"_ivl_172", 0 0, L_0x5653ecd70b60;  1 drivers
v0x5653ecd62ba0_0 .net *"_ivl_176", 0 0, L_0x5653ecd710b0;  1 drivers
v0x5653ecd62c80_0 .net *"_ivl_180", 0 0, L_0x5653ecd71610;  1 drivers
v0x5653ecd62d60_0 .net *"_ivl_184", 0 0, L_0x5653ecd71b80;  1 drivers
v0x5653ecd62e40_0 .net *"_ivl_188", 0 0, L_0x5653ecd72100;  1 drivers
v0x5653ecd62f20_0 .net *"_ivl_192", 0 0, L_0x5653ecd72690;  1 drivers
v0x5653ecd63000_0 .net *"_ivl_196", 0 0, L_0x5653ecd72c30;  1 drivers
v0x5653ecd630e0_0 .net *"_ivl_20", 0 0, L_0x5653ecd66700;  1 drivers
v0x5653ecd633d0_0 .net *"_ivl_200", 0 0, L_0x5653ecd731e0;  1 drivers
v0x5653ecd634b0_0 .net *"_ivl_204", 0 0, L_0x5653ecd737a0;  1 drivers
v0x5653ecd63590_0 .net *"_ivl_208", 0 0, L_0x5653ecd73d70;  1 drivers
v0x5653ecd63670_0 .net *"_ivl_212", 0 0, L_0x5653ecd74350;  1 drivers
v0x5653ecd63750_0 .net *"_ivl_216", 0 0, L_0x5653ecd74940;  1 drivers
v0x5653ecd63830_0 .net *"_ivl_220", 0 0, L_0x5653ecd74f40;  1 drivers
v0x5653ecd63910_0 .net *"_ivl_224", 0 0, L_0x5653ecd75550;  1 drivers
v0x5653ecd639f0_0 .net *"_ivl_228", 0 0, L_0x5653ecd75b70;  1 drivers
v0x5653ecd63ad0_0 .net *"_ivl_232", 0 0, L_0x5653ecd761a0;  1 drivers
v0x5653ecd63bb0_0 .net *"_ivl_236", 0 0, L_0x5653ecd767e0;  1 drivers
v0x5653ecd63c90_0 .net *"_ivl_24", 0 0, L_0x5653ecd669a0;  1 drivers
v0x5653ecd63d70_0 .net *"_ivl_240", 0 0, L_0x5653ecd76e30;  1 drivers
v0x5653ecd63e50_0 .net *"_ivl_244", 0 0, L_0x5653ecd77490;  1 drivers
v0x5653ecd63f30_0 .net *"_ivl_248", 0 0, L_0x5653ecd77b00;  1 drivers
v0x5653ecd64010_0 .net *"_ivl_252", 0 0, L_0x5653ecd7a640;  1 drivers
v0x5653ecd640f0_0 .net *"_ivl_28", 0 0, L_0x5653ecd66930;  1 drivers
v0x5653ecd641d0_0 .net *"_ivl_32", 0 0, L_0x5653ecd66f40;  1 drivers
v0x5653ecd642b0_0 .net *"_ivl_36", 0 0, L_0x5653ecd67260;  1 drivers
v0x5653ecd64390_0 .net *"_ivl_4", 0 0, L_0x5653ecd65d10;  1 drivers
v0x5653ecd64470_0 .net *"_ivl_40", 0 0, L_0x5653ecd67590;  1 drivers
v0x5653ecd64550_0 .net *"_ivl_44", 0 0, L_0x5653ecd67830;  1 drivers
v0x5653ecd64630_0 .net *"_ivl_48", 0 0, L_0x5653ecd67b80;  1 drivers
v0x5653ecd64710_0 .net *"_ivl_52", 0 0, L_0x5653ecd67ee0;  1 drivers
v0x5653ecd647f0_0 .net *"_ivl_56", 0 0, L_0x5653ecd68250;  1 drivers
v0x5653ecd648d0_0 .net *"_ivl_60", 0 0, L_0x5653ecd687e0;  1 drivers
v0x5653ecd649b0_0 .net *"_ivl_64", 0 0, L_0x5653ecd68b70;  1 drivers
v0x5653ecd64a90_0 .net *"_ivl_68", 0 0, L_0x5653ecd68f10;  1 drivers
v0x5653ecd64b70_0 .net *"_ivl_72", 0 0, L_0x5653ecd692c0;  1 drivers
v0x5653ecd64c50_0 .net *"_ivl_76", 0 0, L_0x5653ecd69680;  1 drivers
v0x5653ecd64d30_0 .net *"_ivl_8", 0 0, L_0x5653ecd65f90;  1 drivers
v0x5653ecd64e10_0 .net *"_ivl_80", 0 0, L_0x5653ecd69a50;  1 drivers
v0x5653ecd64ef0_0 .net *"_ivl_84", 0 0, L_0x5653ecd69e30;  1 drivers
v0x5653ecd653e0_0 .net *"_ivl_88", 0 0, L_0x5653ecd6a220;  1 drivers
v0x5653ecd654c0_0 .net *"_ivl_92", 0 0, L_0x5653ecd6a620;  1 drivers
v0x5653ecd655a0_0 .net *"_ivl_96", 0 0, L_0x5653ecd6aa30;  1 drivers
L_0x5653ecd65ae0 .part v0x5653ecd65700_0, 0, 1;
L_0x5653ecd65bd0 .part v0x5653ecd657e0_0, 0, 1;
L_0x5653ecd65d80 .part v0x5653ecd65700_0, 1, 1;
L_0x5653ecd65e70 .part v0x5653ecd657e0_0, 1, 1;
L_0x5653ecd66000 .part v0x5653ecd65700_0, 2, 1;
L_0x5653ecd660f0 .part v0x5653ecd657e0_0, 2, 1;
L_0x5653ecd66240 .part v0x5653ecd65700_0, 3, 1;
L_0x5653ecd662e0 .part v0x5653ecd657e0_0, 3, 1;
L_0x5653ecd664c0 .part v0x5653ecd65700_0, 4, 1;
L_0x5653ecd665b0 .part v0x5653ecd657e0_0, 4, 1;
L_0x5653ecd667a0 .part v0x5653ecd65700_0, 5, 1;
L_0x5653ecd66840 .part v0x5653ecd657e0_0, 5, 1;
L_0x5653ecd66a40 .part v0x5653ecd65700_0, 6, 1;
L_0x5653ecd66b30 .part v0x5653ecd657e0_0, 6, 1;
L_0x5653ecd66cd0 .part v0x5653ecd65700_0, 7, 1;
L_0x5653ecd66dc0 .part v0x5653ecd657e0_0, 7, 1;
L_0x5653ecd66fe0 .part v0x5653ecd65700_0, 8, 1;
L_0x5653ecd670d0 .part v0x5653ecd657e0_0, 8, 1;
L_0x5653ecd67300 .part v0x5653ecd65700_0, 9, 1;
L_0x5653ecd673f0 .part v0x5653ecd657e0_0, 9, 1;
L_0x5653ecd671c0 .part v0x5653ecd65700_0, 10, 1;
L_0x5653ecd67680 .part v0x5653ecd657e0_0, 10, 1;
L_0x5653ecd678d0 .part v0x5653ecd65700_0, 11, 1;
L_0x5653ecd679c0 .part v0x5653ecd657e0_0, 11, 1;
L_0x5653ecd67c20 .part v0x5653ecd65700_0, 12, 1;
L_0x5653ecd67d10 .part v0x5653ecd657e0_0, 12, 1;
L_0x5653ecd67f80 .part v0x5653ecd65700_0, 13, 1;
L_0x5653ecd68070 .part v0x5653ecd657e0_0, 13, 1;
L_0x5653ecd682f0 .part v0x5653ecd65700_0, 14, 1;
L_0x5653ecd683e0 .part v0x5653ecd657e0_0, 14, 1;
L_0x5653ecd68880 .part v0x5653ecd65700_0, 15, 1;
L_0x5653ecd68970 .part v0x5653ecd657e0_0, 15, 1;
L_0x5653ecd68c10 .part v0x5653ecd65700_0, 16, 1;
L_0x5653ecd68d00 .part v0x5653ecd657e0_0, 16, 1;
L_0x5653ecd68fb0 .part v0x5653ecd65700_0, 17, 1;
L_0x5653ecd690a0 .part v0x5653ecd657e0_0, 17, 1;
L_0x5653ecd69360 .part v0x5653ecd65700_0, 18, 1;
L_0x5653ecd69450 .part v0x5653ecd657e0_0, 18, 1;
L_0x5653ecd69720 .part v0x5653ecd65700_0, 19, 1;
L_0x5653ecd69810 .part v0x5653ecd657e0_0, 19, 1;
L_0x5653ecd69af0 .part v0x5653ecd65700_0, 20, 1;
L_0x5653ecd69be0 .part v0x5653ecd657e0_0, 20, 1;
L_0x5653ecd69ed0 .part v0x5653ecd65700_0, 21, 1;
L_0x5653ecd69fc0 .part v0x5653ecd657e0_0, 21, 1;
L_0x5653ecd6a2c0 .part v0x5653ecd65700_0, 22, 1;
L_0x5653ecd6a3b0 .part v0x5653ecd657e0_0, 22, 1;
L_0x5653ecd6a6c0 .part v0x5653ecd65700_0, 23, 1;
L_0x5653ecd6a7b0 .part v0x5653ecd657e0_0, 23, 1;
L_0x5653ecd6aad0 .part v0x5653ecd65700_0, 24, 1;
L_0x5653ecd6abc0 .part v0x5653ecd657e0_0, 24, 1;
L_0x5653ecd6aef0 .part v0x5653ecd65700_0, 25, 1;
L_0x5653ecd6afe0 .part v0x5653ecd657e0_0, 25, 1;
L_0x5653ecd6b320 .part v0x5653ecd65700_0, 26, 1;
L_0x5653ecd6b410 .part v0x5653ecd657e0_0, 26, 1;
L_0x5653ecd6b760 .part v0x5653ecd65700_0, 27, 1;
L_0x5653ecd6b850 .part v0x5653ecd657e0_0, 27, 1;
L_0x5653ecd6bbb0 .part v0x5653ecd65700_0, 28, 1;
L_0x5653ecd6bca0 .part v0x5653ecd657e0_0, 28, 1;
L_0x5653ecd6c010 .part v0x5653ecd65700_0, 29, 1;
L_0x5653ecd6c100 .part v0x5653ecd657e0_0, 29, 1;
L_0x5653ecd6c480 .part v0x5653ecd65700_0, 30, 1;
L_0x5653ecd6c980 .part v0x5653ecd657e0_0, 30, 1;
L_0x5653ecd6d120 .part v0x5653ecd65700_0, 31, 1;
L_0x5653ecd6d210 .part v0x5653ecd657e0_0, 31, 1;
L_0x5653ecd6d5b0 .part v0x5653ecd65700_0, 32, 1;
L_0x5653ecd6d6a0 .part v0x5653ecd657e0_0, 32, 1;
L_0x5653ecd6da50 .part v0x5653ecd65700_0, 33, 1;
L_0x5653ecd6db40 .part v0x5653ecd657e0_0, 33, 1;
L_0x5653ecd6df00 .part v0x5653ecd65700_0, 34, 1;
L_0x5653ecd6dff0 .part v0x5653ecd657e0_0, 34, 1;
L_0x5653ecd6e3c0 .part v0x5653ecd65700_0, 35, 1;
L_0x5653ecd6e4b0 .part v0x5653ecd657e0_0, 35, 1;
L_0x5653ecd6e890 .part v0x5653ecd65700_0, 36, 1;
L_0x5653ecd6e980 .part v0x5653ecd657e0_0, 36, 1;
L_0x5653ecd6ed70 .part v0x5653ecd65700_0, 37, 1;
L_0x5653ecd6ee60 .part v0x5653ecd657e0_0, 37, 1;
L_0x5653ecd6f260 .part v0x5653ecd65700_0, 38, 1;
L_0x5653ecd6f350 .part v0x5653ecd657e0_0, 38, 1;
L_0x5653ecd6f760 .part v0x5653ecd65700_0, 39, 1;
L_0x5653ecd6f850 .part v0x5653ecd657e0_0, 39, 1;
L_0x5653ecd6fc70 .part v0x5653ecd65700_0, 40, 1;
L_0x5653ecd6fd60 .part v0x5653ecd657e0_0, 40, 1;
L_0x5653ecd70190 .part v0x5653ecd65700_0, 41, 1;
L_0x5653ecd70280 .part v0x5653ecd657e0_0, 41, 1;
L_0x5653ecd706c0 .part v0x5653ecd65700_0, 42, 1;
L_0x5653ecd707b0 .part v0x5653ecd657e0_0, 42, 1;
L_0x5653ecd70c00 .part v0x5653ecd65700_0, 43, 1;
L_0x5653ecd70cf0 .part v0x5653ecd657e0_0, 43, 1;
L_0x5653ecd71150 .part v0x5653ecd65700_0, 44, 1;
L_0x5653ecd71240 .part v0x5653ecd657e0_0, 44, 1;
L_0x5653ecd716b0 .part v0x5653ecd65700_0, 45, 1;
L_0x5653ecd717a0 .part v0x5653ecd657e0_0, 45, 1;
L_0x5653ecd71c20 .part v0x5653ecd65700_0, 46, 1;
L_0x5653ecd71d10 .part v0x5653ecd657e0_0, 46, 1;
L_0x5653ecd721a0 .part v0x5653ecd65700_0, 47, 1;
L_0x5653ecd72290 .part v0x5653ecd657e0_0, 47, 1;
L_0x5653ecd72730 .part v0x5653ecd65700_0, 48, 1;
L_0x5653ecd72820 .part v0x5653ecd657e0_0, 48, 1;
L_0x5653ecd72cd0 .part v0x5653ecd65700_0, 49, 1;
L_0x5653ecd72dc0 .part v0x5653ecd657e0_0, 49, 1;
L_0x5653ecd73280 .part v0x5653ecd65700_0, 50, 1;
L_0x5653ecd73370 .part v0x5653ecd657e0_0, 50, 1;
L_0x5653ecd73840 .part v0x5653ecd65700_0, 51, 1;
L_0x5653ecd73930 .part v0x5653ecd657e0_0, 51, 1;
L_0x5653ecd73e10 .part v0x5653ecd65700_0, 52, 1;
L_0x5653ecd73f00 .part v0x5653ecd657e0_0, 52, 1;
L_0x5653ecd743f0 .part v0x5653ecd65700_0, 53, 1;
L_0x5653ecd744e0 .part v0x5653ecd657e0_0, 53, 1;
L_0x5653ecd749e0 .part v0x5653ecd65700_0, 54, 1;
L_0x5653ecd74ad0 .part v0x5653ecd657e0_0, 54, 1;
L_0x5653ecd74fe0 .part v0x5653ecd65700_0, 55, 1;
L_0x5653ecd750d0 .part v0x5653ecd657e0_0, 55, 1;
L_0x5653ecd755f0 .part v0x5653ecd65700_0, 56, 1;
L_0x5653ecd756e0 .part v0x5653ecd657e0_0, 56, 1;
L_0x5653ecd75c10 .part v0x5653ecd65700_0, 57, 1;
L_0x5653ecd75d00 .part v0x5653ecd657e0_0, 57, 1;
L_0x5653ecd76240 .part v0x5653ecd65700_0, 58, 1;
L_0x5653ecd76330 .part v0x5653ecd657e0_0, 58, 1;
L_0x5653ecd76880 .part v0x5653ecd65700_0, 59, 1;
L_0x5653ecd76970 .part v0x5653ecd657e0_0, 59, 1;
L_0x5653ecd76ed0 .part v0x5653ecd65700_0, 60, 1;
L_0x5653ecd76fc0 .part v0x5653ecd657e0_0, 60, 1;
L_0x5653ecd77530 .part v0x5653ecd65700_0, 61, 1;
L_0x5653ecd77620 .part v0x5653ecd657e0_0, 61, 1;
L_0x5653ecd77ba0 .part v0x5653ecd65700_0, 62, 1;
L_0x5653ecd784a0 .part v0x5653ecd657e0_0, 62, 1;
LS_0x5653ecd791a0_0_0 .concat8 [ 1 1 1 1], L_0x5653ecd0fee0, L_0x5653ecd65d10, L_0x5653ecd65f90, L_0x5653ecd661d0;
LS_0x5653ecd791a0_0_4 .concat8 [ 1 1 1 1], L_0x5653ecd66420, L_0x5653ecd66700, L_0x5653ecd669a0, L_0x5653ecd66930;
LS_0x5653ecd791a0_0_8 .concat8 [ 1 1 1 1], L_0x5653ecd66f40, L_0x5653ecd67260, L_0x5653ecd67590, L_0x5653ecd67830;
LS_0x5653ecd791a0_0_12 .concat8 [ 1 1 1 1], L_0x5653ecd67b80, L_0x5653ecd67ee0, L_0x5653ecd68250, L_0x5653ecd687e0;
LS_0x5653ecd791a0_0_16 .concat8 [ 1 1 1 1], L_0x5653ecd68b70, L_0x5653ecd68f10, L_0x5653ecd692c0, L_0x5653ecd69680;
LS_0x5653ecd791a0_0_20 .concat8 [ 1 1 1 1], L_0x5653ecd69a50, L_0x5653ecd69e30, L_0x5653ecd6a220, L_0x5653ecd6a620;
LS_0x5653ecd791a0_0_24 .concat8 [ 1 1 1 1], L_0x5653ecd6aa30, L_0x5653ecd6ae50, L_0x5653ecd6b280, L_0x5653ecd6b6c0;
LS_0x5653ecd791a0_0_28 .concat8 [ 1 1 1 1], L_0x5653ecd6bb10, L_0x5653ecd6bf70, L_0x5653ecd6c3e0, L_0x5653ecd6d080;
LS_0x5653ecd791a0_0_32 .concat8 [ 1 1 1 1], L_0x5653ecd6d510, L_0x5653ecd6d9b0, L_0x5653ecd6de60, L_0x5653ecd6e320;
LS_0x5653ecd791a0_0_36 .concat8 [ 1 1 1 1], L_0x5653ecd6e7f0, L_0x5653ecd6ecd0, L_0x5653ecd6f1c0, L_0x5653ecd6f6c0;
LS_0x5653ecd791a0_0_40 .concat8 [ 1 1 1 1], L_0x5653ecd6fbd0, L_0x5653ecd700f0, L_0x5653ecd70620, L_0x5653ecd70b60;
LS_0x5653ecd791a0_0_44 .concat8 [ 1 1 1 1], L_0x5653ecd710b0, L_0x5653ecd71610, L_0x5653ecd71b80, L_0x5653ecd72100;
LS_0x5653ecd791a0_0_48 .concat8 [ 1 1 1 1], L_0x5653ecd72690, L_0x5653ecd72c30, L_0x5653ecd731e0, L_0x5653ecd737a0;
LS_0x5653ecd791a0_0_52 .concat8 [ 1 1 1 1], L_0x5653ecd73d70, L_0x5653ecd74350, L_0x5653ecd74940, L_0x5653ecd74f40;
LS_0x5653ecd791a0_0_56 .concat8 [ 1 1 1 1], L_0x5653ecd75550, L_0x5653ecd75b70, L_0x5653ecd761a0, L_0x5653ecd767e0;
LS_0x5653ecd791a0_0_60 .concat8 [ 1 1 1 1], L_0x5653ecd76e30, L_0x5653ecd77490, L_0x5653ecd77b00, L_0x5653ecd7a640;
LS_0x5653ecd791a0_1_0 .concat8 [ 4 4 4 4], LS_0x5653ecd791a0_0_0, LS_0x5653ecd791a0_0_4, LS_0x5653ecd791a0_0_8, LS_0x5653ecd791a0_0_12;
LS_0x5653ecd791a0_1_4 .concat8 [ 4 4 4 4], LS_0x5653ecd791a0_0_16, LS_0x5653ecd791a0_0_20, LS_0x5653ecd791a0_0_24, LS_0x5653ecd791a0_0_28;
LS_0x5653ecd791a0_1_8 .concat8 [ 4 4 4 4], LS_0x5653ecd791a0_0_32, LS_0x5653ecd791a0_0_36, LS_0x5653ecd791a0_0_40, LS_0x5653ecd791a0_0_44;
LS_0x5653ecd791a0_1_12 .concat8 [ 4 4 4 4], LS_0x5653ecd791a0_0_48, LS_0x5653ecd791a0_0_52, LS_0x5653ecd791a0_0_56, LS_0x5653ecd791a0_0_60;
L_0x5653ecd791a0 .concat8 [ 16 16 16 16], LS_0x5653ecd791a0_1_0, LS_0x5653ecd791a0_1_4, LS_0x5653ecd791a0_1_8, LS_0x5653ecd791a0_1_12;
L_0x5653ecd7a700 .part v0x5653ecd65700_0, 63, 1;
L_0x5653ecd7ac00 .part v0x5653ecd657e0_0, 63, 1;
S_0x5653eccbccf0 .scope generate, "genblk1[0]" "genblk1[0]" 3 9, 3 9 0, S_0x5653eccf7170;
 .timescale 0 0;
P_0x5653eccbced0 .param/l "i" 0 3 9, +C4<00>;
L_0x5653ecd0fee0 .functor XOR 1, L_0x5653ecd65ae0, L_0x5653ecd65bd0, C4<0>, C4<0>;
v0x5653ecd26040_0 .net *"_ivl_0", 0 0, L_0x5653ecd65ae0;  1 drivers
v0x5653ecd25470_0 .net *"_ivl_1", 0 0, L_0x5653ecd65bd0;  1 drivers
S_0x5653ecd4f490 .scope generate, "genblk1[1]" "genblk1[1]" 3 9, 3 9 0, S_0x5653eccf7170;
 .timescale 0 0;
P_0x5653ecd4f6b0 .param/l "i" 0 3 9, +C4<01>;
L_0x5653ecd65d10 .functor XOR 1, L_0x5653ecd65d80, L_0x5653ecd65e70, C4<0>, C4<0>;
v0x5653ecd248a0_0 .net *"_ivl_0", 0 0, L_0x5653ecd65d80;  1 drivers
v0x5653ecd23cd0_0 .net *"_ivl_1", 0 0, L_0x5653ecd65e70;  1 drivers
S_0x5653ecd4f7f0 .scope generate, "genblk1[2]" "genblk1[2]" 3 9, 3 9 0, S_0x5653eccf7170;
 .timescale 0 0;
P_0x5653ecd4f9f0 .param/l "i" 0 3 9, +C4<010>;
L_0x5653ecd65f90 .functor XOR 1, L_0x5653ecd66000, L_0x5653ecd660f0, C4<0>, C4<0>;
v0x5653eccffdc0_0 .net *"_ivl_0", 0 0, L_0x5653ecd66000;  1 drivers
v0x5653eccff210_0 .net *"_ivl_1", 0 0, L_0x5653ecd660f0;  1 drivers
S_0x5653ecd4fb30 .scope generate, "genblk1[3]" "genblk1[3]" 3 9, 3 9 0, S_0x5653eccf7170;
 .timescale 0 0;
P_0x5653ecd4fd30 .param/l "i" 0 3 9, +C4<011>;
L_0x5653ecd661d0 .functor XOR 1, L_0x5653ecd66240, L_0x5653ecd662e0, C4<0>, C4<0>;
v0x5653eccfe370_0 .net *"_ivl_0", 0 0, L_0x5653ecd66240;  1 drivers
v0x5653ecd4fe50_0 .net *"_ivl_1", 0 0, L_0x5653ecd662e0;  1 drivers
S_0x5653ecd4ff30 .scope generate, "genblk1[4]" "genblk1[4]" 3 9, 3 9 0, S_0x5653eccf7170;
 .timescale 0 0;
P_0x5653ecd50180 .param/l "i" 0 3 9, +C4<0100>;
L_0x5653ecd66420 .functor XOR 1, L_0x5653ecd664c0, L_0x5653ecd665b0, C4<0>, C4<0>;
v0x5653ecd50260_0 .net *"_ivl_0", 0 0, L_0x5653ecd664c0;  1 drivers
v0x5653ecd50340_0 .net *"_ivl_1", 0 0, L_0x5653ecd665b0;  1 drivers
S_0x5653ecd50420 .scope generate, "genblk1[5]" "genblk1[5]" 3 9, 3 9 0, S_0x5653eccf7170;
 .timescale 0 0;
P_0x5653ecd50620 .param/l "i" 0 3 9, +C4<0101>;
L_0x5653ecd66700 .functor XOR 1, L_0x5653ecd667a0, L_0x5653ecd66840, C4<0>, C4<0>;
v0x5653ecd50700_0 .net *"_ivl_0", 0 0, L_0x5653ecd667a0;  1 drivers
v0x5653ecd507e0_0 .net *"_ivl_1", 0 0, L_0x5653ecd66840;  1 drivers
S_0x5653ecd508c0 .scope generate, "genblk1[6]" "genblk1[6]" 3 9, 3 9 0, S_0x5653eccf7170;
 .timescale 0 0;
P_0x5653ecd50ac0 .param/l "i" 0 3 9, +C4<0110>;
L_0x5653ecd669a0 .functor XOR 1, L_0x5653ecd66a40, L_0x5653ecd66b30, C4<0>, C4<0>;
v0x5653ecd50ba0_0 .net *"_ivl_0", 0 0, L_0x5653ecd66a40;  1 drivers
v0x5653ecd50c80_0 .net *"_ivl_1", 0 0, L_0x5653ecd66b30;  1 drivers
S_0x5653ecd50d60 .scope generate, "genblk1[7]" "genblk1[7]" 3 9, 3 9 0, S_0x5653eccf7170;
 .timescale 0 0;
P_0x5653ecd50f60 .param/l "i" 0 3 9, +C4<0111>;
L_0x5653ecd66930 .functor XOR 1, L_0x5653ecd66cd0, L_0x5653ecd66dc0, C4<0>, C4<0>;
v0x5653ecd51040_0 .net *"_ivl_0", 0 0, L_0x5653ecd66cd0;  1 drivers
v0x5653ecd51120_0 .net *"_ivl_1", 0 0, L_0x5653ecd66dc0;  1 drivers
S_0x5653ecd51200 .scope generate, "genblk1[8]" "genblk1[8]" 3 9, 3 9 0, S_0x5653eccf7170;
 .timescale 0 0;
P_0x5653ecd50130 .param/l "i" 0 3 9, +C4<01000>;
L_0x5653ecd66f40 .functor XOR 1, L_0x5653ecd66fe0, L_0x5653ecd670d0, C4<0>, C4<0>;
v0x5653ecd51490_0 .net *"_ivl_0", 0 0, L_0x5653ecd66fe0;  1 drivers
v0x5653ecd51570_0 .net *"_ivl_1", 0 0, L_0x5653ecd670d0;  1 drivers
S_0x5653ecd51650 .scope generate, "genblk1[9]" "genblk1[9]" 3 9, 3 9 0, S_0x5653eccf7170;
 .timescale 0 0;
P_0x5653ecd51850 .param/l "i" 0 3 9, +C4<01001>;
L_0x5653ecd67260 .functor XOR 1, L_0x5653ecd67300, L_0x5653ecd673f0, C4<0>, C4<0>;
v0x5653ecd51930_0 .net *"_ivl_0", 0 0, L_0x5653ecd67300;  1 drivers
v0x5653ecd51a10_0 .net *"_ivl_1", 0 0, L_0x5653ecd673f0;  1 drivers
S_0x5653ecd51af0 .scope generate, "genblk1[10]" "genblk1[10]" 3 9, 3 9 0, S_0x5653eccf7170;
 .timescale 0 0;
P_0x5653ecd51cf0 .param/l "i" 0 3 9, +C4<01010>;
L_0x5653ecd67590 .functor XOR 1, L_0x5653ecd671c0, L_0x5653ecd67680, C4<0>, C4<0>;
v0x5653ecd51dd0_0 .net *"_ivl_0", 0 0, L_0x5653ecd671c0;  1 drivers
v0x5653ecd51eb0_0 .net *"_ivl_1", 0 0, L_0x5653ecd67680;  1 drivers
S_0x5653ecd51f90 .scope generate, "genblk1[11]" "genblk1[11]" 3 9, 3 9 0, S_0x5653eccf7170;
 .timescale 0 0;
P_0x5653ecd52190 .param/l "i" 0 3 9, +C4<01011>;
L_0x5653ecd67830 .functor XOR 1, L_0x5653ecd678d0, L_0x5653ecd679c0, C4<0>, C4<0>;
v0x5653ecd52270_0 .net *"_ivl_0", 0 0, L_0x5653ecd678d0;  1 drivers
v0x5653ecd52350_0 .net *"_ivl_1", 0 0, L_0x5653ecd679c0;  1 drivers
S_0x5653ecd52430 .scope generate, "genblk1[12]" "genblk1[12]" 3 9, 3 9 0, S_0x5653eccf7170;
 .timescale 0 0;
P_0x5653ecd52630 .param/l "i" 0 3 9, +C4<01100>;
L_0x5653ecd67b80 .functor XOR 1, L_0x5653ecd67c20, L_0x5653ecd67d10, C4<0>, C4<0>;
v0x5653ecd52710_0 .net *"_ivl_0", 0 0, L_0x5653ecd67c20;  1 drivers
v0x5653ecd527f0_0 .net *"_ivl_1", 0 0, L_0x5653ecd67d10;  1 drivers
S_0x5653ecd528d0 .scope generate, "genblk1[13]" "genblk1[13]" 3 9, 3 9 0, S_0x5653eccf7170;
 .timescale 0 0;
P_0x5653ecd52ad0 .param/l "i" 0 3 9, +C4<01101>;
L_0x5653ecd67ee0 .functor XOR 1, L_0x5653ecd67f80, L_0x5653ecd68070, C4<0>, C4<0>;
v0x5653ecd52bb0_0 .net *"_ivl_0", 0 0, L_0x5653ecd67f80;  1 drivers
v0x5653ecd52c90_0 .net *"_ivl_1", 0 0, L_0x5653ecd68070;  1 drivers
S_0x5653ecd52d70 .scope generate, "genblk1[14]" "genblk1[14]" 3 9, 3 9 0, S_0x5653eccf7170;
 .timescale 0 0;
P_0x5653ecd52f70 .param/l "i" 0 3 9, +C4<01110>;
L_0x5653ecd68250 .functor XOR 1, L_0x5653ecd682f0, L_0x5653ecd683e0, C4<0>, C4<0>;
v0x5653ecd53050_0 .net *"_ivl_0", 0 0, L_0x5653ecd682f0;  1 drivers
v0x5653ecd53130_0 .net *"_ivl_1", 0 0, L_0x5653ecd683e0;  1 drivers
S_0x5653ecd53210 .scope generate, "genblk1[15]" "genblk1[15]" 3 9, 3 9 0, S_0x5653eccf7170;
 .timescale 0 0;
P_0x5653ecd53410 .param/l "i" 0 3 9, +C4<01111>;
L_0x5653ecd687e0 .functor XOR 1, L_0x5653ecd68880, L_0x5653ecd68970, C4<0>, C4<0>;
v0x5653ecd534f0_0 .net *"_ivl_0", 0 0, L_0x5653ecd68880;  1 drivers
v0x5653ecd535d0_0 .net *"_ivl_1", 0 0, L_0x5653ecd68970;  1 drivers
S_0x5653ecd536b0 .scope generate, "genblk1[16]" "genblk1[16]" 3 9, 3 9 0, S_0x5653eccf7170;
 .timescale 0 0;
P_0x5653ecd538b0 .param/l "i" 0 3 9, +C4<010000>;
L_0x5653ecd68b70 .functor XOR 1, L_0x5653ecd68c10, L_0x5653ecd68d00, C4<0>, C4<0>;
v0x5653ecd53990_0 .net *"_ivl_0", 0 0, L_0x5653ecd68c10;  1 drivers
v0x5653ecd53a70_0 .net *"_ivl_1", 0 0, L_0x5653ecd68d00;  1 drivers
S_0x5653ecd53b50 .scope generate, "genblk1[17]" "genblk1[17]" 3 9, 3 9 0, S_0x5653eccf7170;
 .timescale 0 0;
P_0x5653ecd53d50 .param/l "i" 0 3 9, +C4<010001>;
L_0x5653ecd68f10 .functor XOR 1, L_0x5653ecd68fb0, L_0x5653ecd690a0, C4<0>, C4<0>;
v0x5653ecd53e30_0 .net *"_ivl_0", 0 0, L_0x5653ecd68fb0;  1 drivers
v0x5653ecd53f10_0 .net *"_ivl_1", 0 0, L_0x5653ecd690a0;  1 drivers
S_0x5653ecd53ff0 .scope generate, "genblk1[18]" "genblk1[18]" 3 9, 3 9 0, S_0x5653eccf7170;
 .timescale 0 0;
P_0x5653ecd541f0 .param/l "i" 0 3 9, +C4<010010>;
L_0x5653ecd692c0 .functor XOR 1, L_0x5653ecd69360, L_0x5653ecd69450, C4<0>, C4<0>;
v0x5653ecd542d0_0 .net *"_ivl_0", 0 0, L_0x5653ecd69360;  1 drivers
v0x5653ecd543b0_0 .net *"_ivl_1", 0 0, L_0x5653ecd69450;  1 drivers
S_0x5653ecd54490 .scope generate, "genblk1[19]" "genblk1[19]" 3 9, 3 9 0, S_0x5653eccf7170;
 .timescale 0 0;
P_0x5653ecd54690 .param/l "i" 0 3 9, +C4<010011>;
L_0x5653ecd69680 .functor XOR 1, L_0x5653ecd69720, L_0x5653ecd69810, C4<0>, C4<0>;
v0x5653ecd54770_0 .net *"_ivl_0", 0 0, L_0x5653ecd69720;  1 drivers
v0x5653ecd54850_0 .net *"_ivl_1", 0 0, L_0x5653ecd69810;  1 drivers
S_0x5653ecd54930 .scope generate, "genblk1[20]" "genblk1[20]" 3 9, 3 9 0, S_0x5653eccf7170;
 .timescale 0 0;
P_0x5653ecd54b30 .param/l "i" 0 3 9, +C4<010100>;
L_0x5653ecd69a50 .functor XOR 1, L_0x5653ecd69af0, L_0x5653ecd69be0, C4<0>, C4<0>;
v0x5653ecd54c10_0 .net *"_ivl_0", 0 0, L_0x5653ecd69af0;  1 drivers
v0x5653ecd54cf0_0 .net *"_ivl_1", 0 0, L_0x5653ecd69be0;  1 drivers
S_0x5653ecd54dd0 .scope generate, "genblk1[21]" "genblk1[21]" 3 9, 3 9 0, S_0x5653eccf7170;
 .timescale 0 0;
P_0x5653ecd54fd0 .param/l "i" 0 3 9, +C4<010101>;
L_0x5653ecd69e30 .functor XOR 1, L_0x5653ecd69ed0, L_0x5653ecd69fc0, C4<0>, C4<0>;
v0x5653ecd550b0_0 .net *"_ivl_0", 0 0, L_0x5653ecd69ed0;  1 drivers
v0x5653ecd55190_0 .net *"_ivl_1", 0 0, L_0x5653ecd69fc0;  1 drivers
S_0x5653ecd55270 .scope generate, "genblk1[22]" "genblk1[22]" 3 9, 3 9 0, S_0x5653eccf7170;
 .timescale 0 0;
P_0x5653ecd55470 .param/l "i" 0 3 9, +C4<010110>;
L_0x5653ecd6a220 .functor XOR 1, L_0x5653ecd6a2c0, L_0x5653ecd6a3b0, C4<0>, C4<0>;
v0x5653ecd55550_0 .net *"_ivl_0", 0 0, L_0x5653ecd6a2c0;  1 drivers
v0x5653ecd55630_0 .net *"_ivl_1", 0 0, L_0x5653ecd6a3b0;  1 drivers
S_0x5653ecd55710 .scope generate, "genblk1[23]" "genblk1[23]" 3 9, 3 9 0, S_0x5653eccf7170;
 .timescale 0 0;
P_0x5653ecd55910 .param/l "i" 0 3 9, +C4<010111>;
L_0x5653ecd6a620 .functor XOR 1, L_0x5653ecd6a6c0, L_0x5653ecd6a7b0, C4<0>, C4<0>;
v0x5653ecd559f0_0 .net *"_ivl_0", 0 0, L_0x5653ecd6a6c0;  1 drivers
v0x5653ecd55ad0_0 .net *"_ivl_1", 0 0, L_0x5653ecd6a7b0;  1 drivers
S_0x5653ecd55bb0 .scope generate, "genblk1[24]" "genblk1[24]" 3 9, 3 9 0, S_0x5653eccf7170;
 .timescale 0 0;
P_0x5653ecd55db0 .param/l "i" 0 3 9, +C4<011000>;
L_0x5653ecd6aa30 .functor XOR 1, L_0x5653ecd6aad0, L_0x5653ecd6abc0, C4<0>, C4<0>;
v0x5653ecd55e90_0 .net *"_ivl_0", 0 0, L_0x5653ecd6aad0;  1 drivers
v0x5653ecd55f70_0 .net *"_ivl_1", 0 0, L_0x5653ecd6abc0;  1 drivers
S_0x5653ecd56050 .scope generate, "genblk1[25]" "genblk1[25]" 3 9, 3 9 0, S_0x5653eccf7170;
 .timescale 0 0;
P_0x5653ecd56250 .param/l "i" 0 3 9, +C4<011001>;
L_0x5653ecd6ae50 .functor XOR 1, L_0x5653ecd6aef0, L_0x5653ecd6afe0, C4<0>, C4<0>;
v0x5653ecd56330_0 .net *"_ivl_0", 0 0, L_0x5653ecd6aef0;  1 drivers
v0x5653ecd56410_0 .net *"_ivl_1", 0 0, L_0x5653ecd6afe0;  1 drivers
S_0x5653ecd564f0 .scope generate, "genblk1[26]" "genblk1[26]" 3 9, 3 9 0, S_0x5653eccf7170;
 .timescale 0 0;
P_0x5653ecd566f0 .param/l "i" 0 3 9, +C4<011010>;
L_0x5653ecd6b280 .functor XOR 1, L_0x5653ecd6b320, L_0x5653ecd6b410, C4<0>, C4<0>;
v0x5653ecd567d0_0 .net *"_ivl_0", 0 0, L_0x5653ecd6b320;  1 drivers
v0x5653ecd568b0_0 .net *"_ivl_1", 0 0, L_0x5653ecd6b410;  1 drivers
S_0x5653ecd56990 .scope generate, "genblk1[27]" "genblk1[27]" 3 9, 3 9 0, S_0x5653eccf7170;
 .timescale 0 0;
P_0x5653ecd56b90 .param/l "i" 0 3 9, +C4<011011>;
L_0x5653ecd6b6c0 .functor XOR 1, L_0x5653ecd6b760, L_0x5653ecd6b850, C4<0>, C4<0>;
v0x5653ecd56c70_0 .net *"_ivl_0", 0 0, L_0x5653ecd6b760;  1 drivers
v0x5653ecd56d50_0 .net *"_ivl_1", 0 0, L_0x5653ecd6b850;  1 drivers
S_0x5653ecd56e30 .scope generate, "genblk1[28]" "genblk1[28]" 3 9, 3 9 0, S_0x5653eccf7170;
 .timescale 0 0;
P_0x5653ecd57030 .param/l "i" 0 3 9, +C4<011100>;
L_0x5653ecd6bb10 .functor XOR 1, L_0x5653ecd6bbb0, L_0x5653ecd6bca0, C4<0>, C4<0>;
v0x5653ecd57110_0 .net *"_ivl_0", 0 0, L_0x5653ecd6bbb0;  1 drivers
v0x5653ecd571f0_0 .net *"_ivl_1", 0 0, L_0x5653ecd6bca0;  1 drivers
S_0x5653ecd572d0 .scope generate, "genblk1[29]" "genblk1[29]" 3 9, 3 9 0, S_0x5653eccf7170;
 .timescale 0 0;
P_0x5653ecd574d0 .param/l "i" 0 3 9, +C4<011101>;
L_0x5653ecd6bf70 .functor XOR 1, L_0x5653ecd6c010, L_0x5653ecd6c100, C4<0>, C4<0>;
v0x5653ecd575b0_0 .net *"_ivl_0", 0 0, L_0x5653ecd6c010;  1 drivers
v0x5653ecd57690_0 .net *"_ivl_1", 0 0, L_0x5653ecd6c100;  1 drivers
S_0x5653ecd57770 .scope generate, "genblk1[30]" "genblk1[30]" 3 9, 3 9 0, S_0x5653eccf7170;
 .timescale 0 0;
P_0x5653ecd57970 .param/l "i" 0 3 9, +C4<011110>;
L_0x5653ecd6c3e0 .functor XOR 1, L_0x5653ecd6c480, L_0x5653ecd6c980, C4<0>, C4<0>;
v0x5653ecd57a50_0 .net *"_ivl_0", 0 0, L_0x5653ecd6c480;  1 drivers
v0x5653ecd57b30_0 .net *"_ivl_1", 0 0, L_0x5653ecd6c980;  1 drivers
S_0x5653ecd57c10 .scope generate, "genblk1[31]" "genblk1[31]" 3 9, 3 9 0, S_0x5653eccf7170;
 .timescale 0 0;
P_0x5653ecd57e10 .param/l "i" 0 3 9, +C4<011111>;
L_0x5653ecd6d080 .functor XOR 1, L_0x5653ecd6d120, L_0x5653ecd6d210, C4<0>, C4<0>;
v0x5653ecd57ef0_0 .net *"_ivl_0", 0 0, L_0x5653ecd6d120;  1 drivers
v0x5653ecd57fd0_0 .net *"_ivl_1", 0 0, L_0x5653ecd6d210;  1 drivers
S_0x5653ecd580b0 .scope generate, "genblk1[32]" "genblk1[32]" 3 9, 3 9 0, S_0x5653eccf7170;
 .timescale 0 0;
P_0x5653ecd582b0 .param/l "i" 0 3 9, +C4<0100000>;
L_0x5653ecd6d510 .functor XOR 1, L_0x5653ecd6d5b0, L_0x5653ecd6d6a0, C4<0>, C4<0>;
v0x5653ecd58370_0 .net *"_ivl_0", 0 0, L_0x5653ecd6d5b0;  1 drivers
v0x5653ecd58470_0 .net *"_ivl_1", 0 0, L_0x5653ecd6d6a0;  1 drivers
S_0x5653ecd58550 .scope generate, "genblk1[33]" "genblk1[33]" 3 9, 3 9 0, S_0x5653eccf7170;
 .timescale 0 0;
P_0x5653ecd58750 .param/l "i" 0 3 9, +C4<0100001>;
L_0x5653ecd6d9b0 .functor XOR 1, L_0x5653ecd6da50, L_0x5653ecd6db40, C4<0>, C4<0>;
v0x5653ecd58810_0 .net *"_ivl_0", 0 0, L_0x5653ecd6da50;  1 drivers
v0x5653ecd58910_0 .net *"_ivl_1", 0 0, L_0x5653ecd6db40;  1 drivers
S_0x5653ecd589f0 .scope generate, "genblk1[34]" "genblk1[34]" 3 9, 3 9 0, S_0x5653eccf7170;
 .timescale 0 0;
P_0x5653ecd58bf0 .param/l "i" 0 3 9, +C4<0100010>;
L_0x5653ecd6de60 .functor XOR 1, L_0x5653ecd6df00, L_0x5653ecd6dff0, C4<0>, C4<0>;
v0x5653ecd58cb0_0 .net *"_ivl_0", 0 0, L_0x5653ecd6df00;  1 drivers
v0x5653ecd58db0_0 .net *"_ivl_1", 0 0, L_0x5653ecd6dff0;  1 drivers
S_0x5653ecd58e90 .scope generate, "genblk1[35]" "genblk1[35]" 3 9, 3 9 0, S_0x5653eccf7170;
 .timescale 0 0;
P_0x5653ecd59090 .param/l "i" 0 3 9, +C4<0100011>;
L_0x5653ecd6e320 .functor XOR 1, L_0x5653ecd6e3c0, L_0x5653ecd6e4b0, C4<0>, C4<0>;
v0x5653ecd59150_0 .net *"_ivl_0", 0 0, L_0x5653ecd6e3c0;  1 drivers
v0x5653ecd59250_0 .net *"_ivl_1", 0 0, L_0x5653ecd6e4b0;  1 drivers
S_0x5653ecd59330 .scope generate, "genblk1[36]" "genblk1[36]" 3 9, 3 9 0, S_0x5653eccf7170;
 .timescale 0 0;
P_0x5653ecd59530 .param/l "i" 0 3 9, +C4<0100100>;
L_0x5653ecd6e7f0 .functor XOR 1, L_0x5653ecd6e890, L_0x5653ecd6e980, C4<0>, C4<0>;
v0x5653ecd595f0_0 .net *"_ivl_0", 0 0, L_0x5653ecd6e890;  1 drivers
v0x5653ecd596f0_0 .net *"_ivl_1", 0 0, L_0x5653ecd6e980;  1 drivers
S_0x5653ecd597d0 .scope generate, "genblk1[37]" "genblk1[37]" 3 9, 3 9 0, S_0x5653eccf7170;
 .timescale 0 0;
P_0x5653ecd599d0 .param/l "i" 0 3 9, +C4<0100101>;
L_0x5653ecd6ecd0 .functor XOR 1, L_0x5653ecd6ed70, L_0x5653ecd6ee60, C4<0>, C4<0>;
v0x5653ecd59a90_0 .net *"_ivl_0", 0 0, L_0x5653ecd6ed70;  1 drivers
v0x5653ecd59b90_0 .net *"_ivl_1", 0 0, L_0x5653ecd6ee60;  1 drivers
S_0x5653ecd59c70 .scope generate, "genblk1[38]" "genblk1[38]" 3 9, 3 9 0, S_0x5653eccf7170;
 .timescale 0 0;
P_0x5653ecd59e70 .param/l "i" 0 3 9, +C4<0100110>;
L_0x5653ecd6f1c0 .functor XOR 1, L_0x5653ecd6f260, L_0x5653ecd6f350, C4<0>, C4<0>;
v0x5653ecd59f30_0 .net *"_ivl_0", 0 0, L_0x5653ecd6f260;  1 drivers
v0x5653ecd5a030_0 .net *"_ivl_1", 0 0, L_0x5653ecd6f350;  1 drivers
S_0x5653ecd5a110 .scope generate, "genblk1[39]" "genblk1[39]" 3 9, 3 9 0, S_0x5653eccf7170;
 .timescale 0 0;
P_0x5653ecd5a310 .param/l "i" 0 3 9, +C4<0100111>;
L_0x5653ecd6f6c0 .functor XOR 1, L_0x5653ecd6f760, L_0x5653ecd6f850, C4<0>, C4<0>;
v0x5653ecd5a3d0_0 .net *"_ivl_0", 0 0, L_0x5653ecd6f760;  1 drivers
v0x5653ecd5a4d0_0 .net *"_ivl_1", 0 0, L_0x5653ecd6f850;  1 drivers
S_0x5653ecd5a5b0 .scope generate, "genblk1[40]" "genblk1[40]" 3 9, 3 9 0, S_0x5653eccf7170;
 .timescale 0 0;
P_0x5653ecd5a7b0 .param/l "i" 0 3 9, +C4<0101000>;
L_0x5653ecd6fbd0 .functor XOR 1, L_0x5653ecd6fc70, L_0x5653ecd6fd60, C4<0>, C4<0>;
v0x5653ecd5a870_0 .net *"_ivl_0", 0 0, L_0x5653ecd6fc70;  1 drivers
v0x5653ecd5a970_0 .net *"_ivl_1", 0 0, L_0x5653ecd6fd60;  1 drivers
S_0x5653ecd5aa50 .scope generate, "genblk1[41]" "genblk1[41]" 3 9, 3 9 0, S_0x5653eccf7170;
 .timescale 0 0;
P_0x5653ecd5ac50 .param/l "i" 0 3 9, +C4<0101001>;
L_0x5653ecd700f0 .functor XOR 1, L_0x5653ecd70190, L_0x5653ecd70280, C4<0>, C4<0>;
v0x5653ecd5ad10_0 .net *"_ivl_0", 0 0, L_0x5653ecd70190;  1 drivers
v0x5653ecd5ae10_0 .net *"_ivl_1", 0 0, L_0x5653ecd70280;  1 drivers
S_0x5653ecd5aef0 .scope generate, "genblk1[42]" "genblk1[42]" 3 9, 3 9 0, S_0x5653eccf7170;
 .timescale 0 0;
P_0x5653ecd5b0f0 .param/l "i" 0 3 9, +C4<0101010>;
L_0x5653ecd70620 .functor XOR 1, L_0x5653ecd706c0, L_0x5653ecd707b0, C4<0>, C4<0>;
v0x5653ecd5b1b0_0 .net *"_ivl_0", 0 0, L_0x5653ecd706c0;  1 drivers
v0x5653ecd5b2b0_0 .net *"_ivl_1", 0 0, L_0x5653ecd707b0;  1 drivers
S_0x5653ecd5b390 .scope generate, "genblk1[43]" "genblk1[43]" 3 9, 3 9 0, S_0x5653eccf7170;
 .timescale 0 0;
P_0x5653ecd5b590 .param/l "i" 0 3 9, +C4<0101011>;
L_0x5653ecd70b60 .functor XOR 1, L_0x5653ecd70c00, L_0x5653ecd70cf0, C4<0>, C4<0>;
v0x5653ecd5b650_0 .net *"_ivl_0", 0 0, L_0x5653ecd70c00;  1 drivers
v0x5653ecd5b750_0 .net *"_ivl_1", 0 0, L_0x5653ecd70cf0;  1 drivers
S_0x5653ecd5b830 .scope generate, "genblk1[44]" "genblk1[44]" 3 9, 3 9 0, S_0x5653eccf7170;
 .timescale 0 0;
P_0x5653ecd5ba30 .param/l "i" 0 3 9, +C4<0101100>;
L_0x5653ecd710b0 .functor XOR 1, L_0x5653ecd71150, L_0x5653ecd71240, C4<0>, C4<0>;
v0x5653ecd5baf0_0 .net *"_ivl_0", 0 0, L_0x5653ecd71150;  1 drivers
v0x5653ecd5bbf0_0 .net *"_ivl_1", 0 0, L_0x5653ecd71240;  1 drivers
S_0x5653ecd5bcd0 .scope generate, "genblk1[45]" "genblk1[45]" 3 9, 3 9 0, S_0x5653eccf7170;
 .timescale 0 0;
P_0x5653ecd5bed0 .param/l "i" 0 3 9, +C4<0101101>;
L_0x5653ecd71610 .functor XOR 1, L_0x5653ecd716b0, L_0x5653ecd717a0, C4<0>, C4<0>;
v0x5653ecd5bf90_0 .net *"_ivl_0", 0 0, L_0x5653ecd716b0;  1 drivers
v0x5653ecd5c090_0 .net *"_ivl_1", 0 0, L_0x5653ecd717a0;  1 drivers
S_0x5653ecd5c170 .scope generate, "genblk1[46]" "genblk1[46]" 3 9, 3 9 0, S_0x5653eccf7170;
 .timescale 0 0;
P_0x5653ecd5c370 .param/l "i" 0 3 9, +C4<0101110>;
L_0x5653ecd71b80 .functor XOR 1, L_0x5653ecd71c20, L_0x5653ecd71d10, C4<0>, C4<0>;
v0x5653ecd5c430_0 .net *"_ivl_0", 0 0, L_0x5653ecd71c20;  1 drivers
v0x5653ecd5c530_0 .net *"_ivl_1", 0 0, L_0x5653ecd71d10;  1 drivers
S_0x5653ecd5c610 .scope generate, "genblk1[47]" "genblk1[47]" 3 9, 3 9 0, S_0x5653eccf7170;
 .timescale 0 0;
P_0x5653ecd5c810 .param/l "i" 0 3 9, +C4<0101111>;
L_0x5653ecd72100 .functor XOR 1, L_0x5653ecd721a0, L_0x5653ecd72290, C4<0>, C4<0>;
v0x5653ecd5c8d0_0 .net *"_ivl_0", 0 0, L_0x5653ecd721a0;  1 drivers
v0x5653ecd5c9d0_0 .net *"_ivl_1", 0 0, L_0x5653ecd72290;  1 drivers
S_0x5653ecd5cab0 .scope generate, "genblk1[48]" "genblk1[48]" 3 9, 3 9 0, S_0x5653eccf7170;
 .timescale 0 0;
P_0x5653ecd5ccb0 .param/l "i" 0 3 9, +C4<0110000>;
L_0x5653ecd72690 .functor XOR 1, L_0x5653ecd72730, L_0x5653ecd72820, C4<0>, C4<0>;
v0x5653ecd5cd70_0 .net *"_ivl_0", 0 0, L_0x5653ecd72730;  1 drivers
v0x5653ecd5ce70_0 .net *"_ivl_1", 0 0, L_0x5653ecd72820;  1 drivers
S_0x5653ecd5cf50 .scope generate, "genblk1[49]" "genblk1[49]" 3 9, 3 9 0, S_0x5653eccf7170;
 .timescale 0 0;
P_0x5653ecd5d150 .param/l "i" 0 3 9, +C4<0110001>;
L_0x5653ecd72c30 .functor XOR 1, L_0x5653ecd72cd0, L_0x5653ecd72dc0, C4<0>, C4<0>;
v0x5653ecd5d210_0 .net *"_ivl_0", 0 0, L_0x5653ecd72cd0;  1 drivers
v0x5653ecd5d310_0 .net *"_ivl_1", 0 0, L_0x5653ecd72dc0;  1 drivers
S_0x5653ecd5d3f0 .scope generate, "genblk1[50]" "genblk1[50]" 3 9, 3 9 0, S_0x5653eccf7170;
 .timescale 0 0;
P_0x5653ecd5d5f0 .param/l "i" 0 3 9, +C4<0110010>;
L_0x5653ecd731e0 .functor XOR 1, L_0x5653ecd73280, L_0x5653ecd73370, C4<0>, C4<0>;
v0x5653ecd5d6b0_0 .net *"_ivl_0", 0 0, L_0x5653ecd73280;  1 drivers
v0x5653ecd5d7b0_0 .net *"_ivl_1", 0 0, L_0x5653ecd73370;  1 drivers
S_0x5653ecd5d890 .scope generate, "genblk1[51]" "genblk1[51]" 3 9, 3 9 0, S_0x5653eccf7170;
 .timescale 0 0;
P_0x5653ecd5da90 .param/l "i" 0 3 9, +C4<0110011>;
L_0x5653ecd737a0 .functor XOR 1, L_0x5653ecd73840, L_0x5653ecd73930, C4<0>, C4<0>;
v0x5653ecd5db50_0 .net *"_ivl_0", 0 0, L_0x5653ecd73840;  1 drivers
v0x5653ecd5dc50_0 .net *"_ivl_1", 0 0, L_0x5653ecd73930;  1 drivers
S_0x5653ecd5dd30 .scope generate, "genblk1[52]" "genblk1[52]" 3 9, 3 9 0, S_0x5653eccf7170;
 .timescale 0 0;
P_0x5653ecd5df30 .param/l "i" 0 3 9, +C4<0110100>;
L_0x5653ecd73d70 .functor XOR 1, L_0x5653ecd73e10, L_0x5653ecd73f00, C4<0>, C4<0>;
v0x5653ecd5dff0_0 .net *"_ivl_0", 0 0, L_0x5653ecd73e10;  1 drivers
v0x5653ecd5e0f0_0 .net *"_ivl_1", 0 0, L_0x5653ecd73f00;  1 drivers
S_0x5653ecd5e1d0 .scope generate, "genblk1[53]" "genblk1[53]" 3 9, 3 9 0, S_0x5653eccf7170;
 .timescale 0 0;
P_0x5653ecd5e3d0 .param/l "i" 0 3 9, +C4<0110101>;
L_0x5653ecd74350 .functor XOR 1, L_0x5653ecd743f0, L_0x5653ecd744e0, C4<0>, C4<0>;
v0x5653ecd5e490_0 .net *"_ivl_0", 0 0, L_0x5653ecd743f0;  1 drivers
v0x5653ecd5e590_0 .net *"_ivl_1", 0 0, L_0x5653ecd744e0;  1 drivers
S_0x5653ecd5e670 .scope generate, "genblk1[54]" "genblk1[54]" 3 9, 3 9 0, S_0x5653eccf7170;
 .timescale 0 0;
P_0x5653ecd5e870 .param/l "i" 0 3 9, +C4<0110110>;
L_0x5653ecd74940 .functor XOR 1, L_0x5653ecd749e0, L_0x5653ecd74ad0, C4<0>, C4<0>;
v0x5653ecd5e930_0 .net *"_ivl_0", 0 0, L_0x5653ecd749e0;  1 drivers
v0x5653ecd5ea30_0 .net *"_ivl_1", 0 0, L_0x5653ecd74ad0;  1 drivers
S_0x5653ecd5eb10 .scope generate, "genblk1[55]" "genblk1[55]" 3 9, 3 9 0, S_0x5653eccf7170;
 .timescale 0 0;
P_0x5653ecd5ed10 .param/l "i" 0 3 9, +C4<0110111>;
L_0x5653ecd74f40 .functor XOR 1, L_0x5653ecd74fe0, L_0x5653ecd750d0, C4<0>, C4<0>;
v0x5653ecd5edd0_0 .net *"_ivl_0", 0 0, L_0x5653ecd74fe0;  1 drivers
v0x5653ecd5eed0_0 .net *"_ivl_1", 0 0, L_0x5653ecd750d0;  1 drivers
S_0x5653ecd5efb0 .scope generate, "genblk1[56]" "genblk1[56]" 3 9, 3 9 0, S_0x5653eccf7170;
 .timescale 0 0;
P_0x5653ecd5f1b0 .param/l "i" 0 3 9, +C4<0111000>;
L_0x5653ecd75550 .functor XOR 1, L_0x5653ecd755f0, L_0x5653ecd756e0, C4<0>, C4<0>;
v0x5653ecd5f270_0 .net *"_ivl_0", 0 0, L_0x5653ecd755f0;  1 drivers
v0x5653ecd5f370_0 .net *"_ivl_1", 0 0, L_0x5653ecd756e0;  1 drivers
S_0x5653ecd5f450 .scope generate, "genblk1[57]" "genblk1[57]" 3 9, 3 9 0, S_0x5653eccf7170;
 .timescale 0 0;
P_0x5653ecd5f650 .param/l "i" 0 3 9, +C4<0111001>;
L_0x5653ecd75b70 .functor XOR 1, L_0x5653ecd75c10, L_0x5653ecd75d00, C4<0>, C4<0>;
v0x5653ecd5f710_0 .net *"_ivl_0", 0 0, L_0x5653ecd75c10;  1 drivers
v0x5653ecd5f810_0 .net *"_ivl_1", 0 0, L_0x5653ecd75d00;  1 drivers
S_0x5653ecd5f8f0 .scope generate, "genblk1[58]" "genblk1[58]" 3 9, 3 9 0, S_0x5653eccf7170;
 .timescale 0 0;
P_0x5653ecd5faf0 .param/l "i" 0 3 9, +C4<0111010>;
L_0x5653ecd761a0 .functor XOR 1, L_0x5653ecd76240, L_0x5653ecd76330, C4<0>, C4<0>;
v0x5653ecd5fbb0_0 .net *"_ivl_0", 0 0, L_0x5653ecd76240;  1 drivers
v0x5653ecd5fcb0_0 .net *"_ivl_1", 0 0, L_0x5653ecd76330;  1 drivers
S_0x5653ecd5fd90 .scope generate, "genblk1[59]" "genblk1[59]" 3 9, 3 9 0, S_0x5653eccf7170;
 .timescale 0 0;
P_0x5653ecd5ff90 .param/l "i" 0 3 9, +C4<0111011>;
L_0x5653ecd767e0 .functor XOR 1, L_0x5653ecd76880, L_0x5653ecd76970, C4<0>, C4<0>;
v0x5653ecd60050_0 .net *"_ivl_0", 0 0, L_0x5653ecd76880;  1 drivers
v0x5653ecd60150_0 .net *"_ivl_1", 0 0, L_0x5653ecd76970;  1 drivers
S_0x5653ecd60230 .scope generate, "genblk1[60]" "genblk1[60]" 3 9, 3 9 0, S_0x5653eccf7170;
 .timescale 0 0;
P_0x5653ecd60430 .param/l "i" 0 3 9, +C4<0111100>;
L_0x5653ecd76e30 .functor XOR 1, L_0x5653ecd76ed0, L_0x5653ecd76fc0, C4<0>, C4<0>;
v0x5653ecd604f0_0 .net *"_ivl_0", 0 0, L_0x5653ecd76ed0;  1 drivers
v0x5653ecd605f0_0 .net *"_ivl_1", 0 0, L_0x5653ecd76fc0;  1 drivers
S_0x5653ecd606d0 .scope generate, "genblk1[61]" "genblk1[61]" 3 9, 3 9 0, S_0x5653eccf7170;
 .timescale 0 0;
P_0x5653ecd608d0 .param/l "i" 0 3 9, +C4<0111101>;
L_0x5653ecd77490 .functor XOR 1, L_0x5653ecd77530, L_0x5653ecd77620, C4<0>, C4<0>;
v0x5653ecd60990_0 .net *"_ivl_0", 0 0, L_0x5653ecd77530;  1 drivers
v0x5653ecd60a90_0 .net *"_ivl_1", 0 0, L_0x5653ecd77620;  1 drivers
S_0x5653ecd60b70 .scope generate, "genblk1[62]" "genblk1[62]" 3 9, 3 9 0, S_0x5653eccf7170;
 .timescale 0 0;
P_0x5653ecd60d70 .param/l "i" 0 3 9, +C4<0111110>;
L_0x5653ecd77b00 .functor XOR 1, L_0x5653ecd77ba0, L_0x5653ecd784a0, C4<0>, C4<0>;
v0x5653ecd60e30_0 .net *"_ivl_0", 0 0, L_0x5653ecd77ba0;  1 drivers
v0x5653ecd60f30_0 .net *"_ivl_1", 0 0, L_0x5653ecd784a0;  1 drivers
S_0x5653ecd61010 .scope generate, "genblk1[63]" "genblk1[63]" 3 9, 3 9 0, S_0x5653eccf7170;
 .timescale 0 0;
P_0x5653ecd61210 .param/l "i" 0 3 9, +C4<0111111>;
L_0x5653ecd7a640 .functor XOR 1, L_0x5653ecd7a700, L_0x5653ecd7ac00, C4<0>, C4<0>;
v0x5653ecd612d0_0 .net *"_ivl_0", 0 0, L_0x5653ecd7a700;  1 drivers
v0x5653ecd613d0_0 .net *"_ivl_1", 0 0, L_0x5653ecd7ac00;  1 drivers
    .scope S_0x5653eccf6fe0;
T_0 ;
    %vpi_call 2 11 "$dumpfile", "Xor.vcd" {0 0 0};
    %vpi_call 2 12 "$dumpvars", 32'sb00000000000000000000000000000000, S_0x5653eccf6fe0 {0 0 0};
    %vpi_call 2 14 "$monitor", "At Time = %2t:\012 \011In1 = %64b (%d),\012 \011In2 = %64b (%d),\012 \011Out = %64b (%d),\012 \011Overflow = %b", $time, v0x5653ecd65700_0, v0x5653ecd65700_0, v0x5653ecd657e0_0, v0x5653ecd657e0_0, v0x5653ecd65880_0, v0x5653ecd65880_0, v0x5653ecd65980_0 {0 0 0};
    %delay 2, 0;
    %pushi/vec4 3311035420, 0, 34;
    %concati/vec4 239385131, 0, 30;
    %store/vec4 v0x5653ecd65700_0, 0, 64;
    %pushi/vec4 2770427488, 0, 34;
    %concati/vec4 584284241, 0, 30;
    %store/vec4 v0x5653ecd657e0_0, 0, 64;
    %delay 2, 0;
    %pushi/vec4 2595621881, 0, 32;
    %concati/vec4 512856319, 0, 32;
    %store/vec4 v0x5653ecd65700_0, 0, 64;
    %pushi/vec4 2249988731, 0, 33;
    %concati/vec4 1406818892, 0, 31;
    %store/vec4 v0x5653ecd657e0_0, 0, 64;
    %delay 2, 0;
    %pushi/vec4 3086705227, 0, 32;
    %concati/vec4 4206147670, 0, 32;
    %store/vec4 v0x5653ecd65700_0, 0, 64;
    %pushi/vec4 2951755517, 0, 34;
    %concati/vec4 179295413, 0, 30;
    %store/vec4 v0x5653ecd657e0_0, 0, 64;
    %delay 2, 0;
    %pushi/vec4 3207150253, 0, 33;
    %concati/vec4 256818625, 0, 31;
    %store/vec4 v0x5653ecd65700_0, 0, 64;
    %pushi/vec4 4185193883, 0, 35;
    %concati/vec4 479457701, 0, 29;
    %store/vec4 v0x5653ecd657e0_0, 0, 64;
    %delay 2, 0;
    %pushi/vec4 3051548352, 0, 32;
    %concati/vec4 3804967553, 0, 32;
    %store/vec4 v0x5653ecd65700_0, 0, 64;
    %pushi/vec4 2764472380, 0, 32;
    %concati/vec4 3816682686, 0, 32;
    %store/vec4 v0x5653ecd657e0_0, 0, 64;
    %delay 2, 0;
    %pushi/vec4 3869217904, 0, 33;
    %concati/vec4 1810958311, 0, 31;
    %store/vec4 v0x5653ecd65700_0, 0, 64;
    %pushi/vec4 4015685163, 0, 33;
    %concati/vec4 304837000, 0, 31;
    %store/vec4 v0x5653ecd657e0_0, 0, 64;
    %delay 2, 0;
    %pushi/vec4 3674538023, 0, 32;
    %concati/vec4 1510802240, 0, 32;
    %store/vec4 v0x5653ecd65700_0, 0, 64;
    %pushi/vec4 2878038436, 0, 32;
    %concati/vec4 3676211359, 0, 32;
    %store/vec4 v0x5653ecd657e0_0, 0, 64;
    %delay 2, 0;
    %pushi/vec4 4253678822, 0, 32;
    %concati/vec4 33294378, 0, 32;
    %store/vec4 v0x5653ecd65700_0, 0, 64;
    %pushi/vec4 4118036219, 0, 37;
    %concati/vec4 86323912, 0, 27;
    %store/vec4 v0x5653ecd657e0_0, 0, 64;
    %delay 2, 0;
    %pushi/vec4 2548397783, 0, 32;
    %concati/vec4 77765333, 0, 32;
    %store/vec4 v0x5653ecd65700_0, 0, 64;
    %pushi/vec4 3010342305, 0, 32;
    %concati/vec4 1370175245, 0, 32;
    %store/vec4 v0x5653ecd657e0_0, 0, 64;
    %delay 2, 0;
    %pushi/vec4 3015882349, 0, 32;
    %concati/vec4 1971712334, 0, 32;
    %store/vec4 v0x5653ecd65700_0, 0, 64;
    %pushi/vec4 2549229981, 0, 32;
    %concati/vec4 363911875, 0, 32;
    %store/vec4 v0x5653ecd657e0_0, 0, 64;
    %delay 2, 0;
    %vpi_call 2 26 "$finish" {0 0 0};
    %end;
    .thread T_0;
# The file index is used to find the file name in the following table.
:file_names 4;
    "N/A";
    "<interactive>";
    "Xor_tb.v";
    "./Xor.v";
