#! /usr/bin/vvp
:ivl_version "11.0 (stable)";
:ivl_delay_selection "TYPICAL";
:vpi_time_precision + 0;
:vpi_module "/usr/lib/x86_64-linux-gnu/ivl/system.vpi";
:vpi_module "/usr/lib/x86_64-linux-gnu/ivl/vhdl_sys.vpi";
:vpi_module "/usr/lib/x86_64-linux-gnu/ivl/vhdl_textio.vpi";
:vpi_module "/usr/lib/x86_64-linux-gnu/ivl/v2005_math.vpi";
:vpi_module "/usr/lib/x86_64-linux-gnu/ivl/va_math.vpi";
S_0x55e1df7b15c0 .scope module, "tst_tb" "tst_tb" 2 1;
 .timescale 0 0;
v0x55e1df7c2fa0_0 .var "x", 0 0;
v0x55e1df7c3070_0 .var "y", 0 0;
v0x55e1df7c3140_0 .net "z", 0 0, v0x55e1df7c2e80_0;  1 drivers
S_0x55e1df7b1750 .scope module, "tst_tb" "tst" 2 5, 3 1 0, S_0x55e1df7b15c0;
 .timescale 0 0;
    .port_info 0 /INPUT 1 "x";
    .port_info 1 /INPUT 1 "y";
    .port_info 2 /OUTPUT 1 "z";
v0x55e1df779bf0_0 .net "x", 0 0, v0x55e1df7c2fa0_0;  1 drivers
v0x55e1df77a000_0 .net "y", 0 0, v0x55e1df7c3070_0;  1 drivers
v0x55e1df7c2e80_0 .var "z", 0 0;
E_0x55e1df7785b0 .event edge, v0x55e1df779bf0_0, v0x55e1df77a000_0, v0x55e1df7c2e80_0;
    .scope S_0x55e1df7b1750;
T_0 ;
    %wait E_0x55e1df7785b0;
    %load/vec4 v0x55e1df779bf0_0;
    %load/vec4 v0x55e1df77a000_0;
    %and;
    %flag_set/vec4 8;
    %load/vec4 v0x55e1df7c2e80_0;
    %flag_set/vec4 9;
    %flag_or 9, 8;
    %jmp/0xz  T_0.0, 9;
    %pushi/vec4 1, 0, 1;
    %store/vec4 v0x55e1df7c2e80_0, 0, 1;
T_0.0 ;
    %jmp T_0;
    .thread T_0, $push;
    .scope S_0x55e1df7b15c0;
T_1 ;
    %vpi_call 2 9 "$monitor", "At $time, x = %b, y = %b, z = %b", v0x55e1df7c2fa0_0, v0x55e1df7c3070_0, v0x55e1df7c3140_0 {0 0 0};
    %delay 10, 0;
    %delay 2, 0;
    %pushi/vec4 0, 0, 1;
    %store/vec4 v0x55e1df7c2fa0_0, 0, 1;
    %pushi/vec4 0, 0, 1;
    %store/vec4 v0x55e1df7c3070_0, 0, 1;
    %delay 2, 0;
    %pushi/vec4 0, 0, 1;
    %store/vec4 v0x55e1df7c2fa0_0, 0, 1;
    %pushi/vec4 1, 0, 1;
    %store/vec4 v0x55e1df7c3070_0, 0, 1;
    %delay 2, 0;
    %pushi/vec4 1, 0, 1;
    %store/vec4 v0x55e1df7c2fa0_0, 0, 1;
    %pushi/vec4 0, 0, 1;
    %store/vec4 v0x55e1df7c3070_0, 0, 1;
    %delay 2, 0;
    %pushi/vec4 1, 0, 1;
    %store/vec4 v0x55e1df7c2fa0_0, 0, 1;
    %pushi/vec4 1, 0, 1;
    %store/vec4 v0x55e1df7c3070_0, 0, 1;
    %end;
    .thread T_1;
# The file index is used to find the file name in the following table.
:file_names 4;
    "N/A";
    "<interactive>";
    "tst_tb;.v";
    "tst.v";
