#! /usr/bin/vvp
:ivl_version "11.0 (stable)";
:ivl_delay_selection "TYPICAL";
:vpi_time_precision + 0;
:vpi_module "/usr/lib/x86_64-linux-gnu/ivl/system.vpi";
:vpi_module "/usr/lib/x86_64-linux-gnu/ivl/vhdl_sys.vpi";
:vpi_module "/usr/lib/x86_64-linux-gnu/ivl/vhdl_textio.vpi";
:vpi_module "/usr/lib/x86_64-linux-gnu/ivl/v2005_math.vpi";
:vpi_module "/usr/lib/x86_64-linux-gnu/ivl/va_math.vpi";
S_0x55e1a524a0f0 .scope module, "ctrl_lgc" "ctrl_lgc" 2 14;
 .timescale 0 0;
    .port_info 0 /INPUT 1 "clk";
    .port_info 1 /INPUT 4 "W_stat";
    .port_info 2 /INPUT 1 "e_cnd";
    .port_info 3 /INPUT 4 "m_stat";
    .port_info 4 /INPUT 4 "E_dstM";
    .port_info 5 /INPUT 4 "d_srcB";
    .port_info 6 /INPUT 4 "d_srcA";
    .port_info 7 /INPUT 4 "D_icode";
    .port_info 8 /INPUT 4 "E_icode";
    .port_info 9 /OUTPUT 1 "E_bubble";
    .port_info 10 /OUTPUT 1 "M_bubble";
    .port_info 11 /OUTPUT 1 "D_bubble";
    .port_info 12 /OUTPUT 1 "set_cc";
    .port_info 13 /OUTPUT 1 "W_stall";
    .port_info 14 /OUTPUT 1 "D_stall";
    .port_info 15 /OUTPUT 1 "F_stall";
v0x55e1a524bbf0_0 .var "D_bubble", 0 0;
o0x7f69ff411048 .functor BUFZ 4, C4<zzzz>; HiZ drive
v0x55e1a524c000_0 .net "D_icode", 3 0, o0x7f69ff411048;  0 drivers
v0x55e1a529be00_0 .var "D_stall", 0 0;
v0x55e1a529bea0_0 .var "E_bubble", 0 0;
o0x7f69ff4110d8 .functor BUFZ 4, C4<zzzz>; HiZ drive
v0x55e1a529bf60_0 .net "E_dstM", 3 0, o0x7f69ff4110d8;  0 drivers
o0x7f69ff411108 .functor BUFZ 4, C4<zzzz>; HiZ drive
v0x55e1a529c090_0 .net "E_icode", 3 0, o0x7f69ff411108;  0 drivers
v0x55e1a529c170_0 .var "F_stall", 0 0;
v0x55e1a529c230_0 .var "M_bubble", 0 0;
o0x7f69ff411198 .functor BUFZ 4, C4<zzzz>; HiZ drive
v0x55e1a529c2f0_0 .net "M_icode", 3 0, o0x7f69ff411198;  0 drivers
v0x55e1a529c3d0_0 .var "W_stall", 0 0;
o0x7f69ff4111f8 .functor BUFZ 4, C4<zzzz>; HiZ drive
v0x55e1a529c490_0 .net "W_stat", 3 0, o0x7f69ff4111f8;  0 drivers
o0x7f69ff411228 .functor BUFZ 1, C4<z>; HiZ drive
v0x55e1a529c570_0 .net "clk", 0 0, o0x7f69ff411228;  0 drivers
o0x7f69ff411258 .functor BUFZ 4, C4<zzzz>; HiZ drive
v0x55e1a529c630_0 .net "d_srcA", 3 0, o0x7f69ff411258;  0 drivers
o0x7f69ff411288 .functor BUFZ 4, C4<zzzz>; HiZ drive
v0x55e1a529c710_0 .net "d_srcB", 3 0, o0x7f69ff411288;  0 drivers
o0x7f69ff4112b8 .functor BUFZ 1, C4<z>; HiZ drive
v0x55e1a529c7f0_0 .net "e_cnd", 0 0, o0x7f69ff4112b8;  0 drivers
o0x7f69ff4112e8 .functor BUFZ 4, C4<zzzz>; HiZ drive
v0x55e1a529c8b0_0 .net "m_stat", 3 0, o0x7f69ff4112e8;  0 drivers
v0x55e1a529c990_0 .var "set_cc", 0 0;
E_0x55e1a5283c20/0 .event edge, v0x55e1a529c090_0, v0x55e1a529bf60_0, v0x55e1a529c630_0, v0x55e1a529c710_0;
E_0x55e1a5283c20/1 .event edge, v0x55e1a524c000_0, v0x55e1a529c2f0_0, v0x55e1a529c490_0, v0x55e1a529c7f0_0;
E_0x55e1a5283c20/2 .event edge, v0x55e1a529c8b0_0;
E_0x55e1a5283c20 .event/or E_0x55e1a5283c20/0, E_0x55e1a5283c20/1, E_0x55e1a5283c20/2;
    .scope S_0x55e1a524a0f0;
T_0 ;
    %wait E_0x55e1a5283c20;
    %load/vec4 v0x55e1a529c090_0;
    %pushi/vec4 5, 0, 4;
    %cmp/e;
    %flag_get/vec4 4;
    %load/vec4 v0x55e1a529c090_0;
    %pushi/vec4 11, 0, 4;
    %cmp/e;
    %flag_get/vec4 4;
    %or;
    %load/vec4 v0x55e1a529bf60_0;
    %load/vec4 v0x55e1a529c630_0;
    %cmp/e;
    %flag_get/vec4 4;
    %load/vec4 v0x55e1a529bf60_0;
    %load/vec4 v0x55e1a529c710_0;
    %cmp/e;
    %flag_get/vec4 4;
    %or;
    %and;
    %flag_set/vec4 8;
    %load/vec4 v0x55e1a524c000_0;
    %cmpi/e 9, 0, 4;
    %flag_mov 9, 4;
    %load/vec4 v0x55e1a529c090_0;
    %cmpi/e 9, 0, 4;
    %flag_or 4, 9;
    %flag_mov 9, 4;
    %load/vec4 v0x55e1a529c2f0_0;
    %cmpi/e 9, 0, 4;
    %flag_or 4, 9;
    %flag_or 4, 8;
    %jmp/0xz  T_0.0, 4;
    %pushi/vec4 1, 0, 1;
    %store/vec4 v0x55e1a529c170_0, 0, 1;
    %jmp T_0.1;
T_0.0 ;
    %pushi/vec4 0, 0, 1;
    %store/vec4 v0x55e1a529c170_0, 0, 1;
T_0.1 ;
    %load/vec4 v0x55e1a529c090_0;
    %pushi/vec4 5, 0, 4;
    %cmp/e;
    %flag_get/vec4 4;
    %load/vec4 v0x55e1a529c090_0;
    %pushi/vec4 11, 0, 4;
    %cmp/e;
    %flag_get/vec4 4;
    %or;
    %load/vec4 v0x55e1a529bf60_0;
    %load/vec4 v0x55e1a529c630_0;
    %cmp/e;
    %flag_get/vec4 4;
    %load/vec4 v0x55e1a529bf60_0;
    %load/vec4 v0x55e1a529c710_0;
    %cmp/e;
    %flag_get/vec4 4;
    %or;
    %and;
    %flag_set/vec4 8;
    %jmp/0xz  T_0.2, 8;
    %pushi/vec4 1, 0, 1;
    %store/vec4 v0x55e1a529be00_0, 0, 1;
    %jmp T_0.3;
T_0.2 ;
    %pushi/vec4 0, 0, 1;
    %store/vec4 v0x55e1a529be00_0, 0, 1;
T_0.3 ;
    %load/vec4 v0x55e1a529c490_0;
    %cmpi/e 3, 0, 4;
    %flag_mov 8, 4;
    %load/vec4 v0x55e1a529c490_0;
    %cmpi/e 4, 0, 4;
    %flag_or 4, 8;
    %flag_mov 8, 4;
    %load/vec4 v0x55e1a529c490_0;
    %cmpi/e 2, 0, 4;
    %flag_or 4, 8;
    %jmp/0xz  T_0.4, 4;
    %pushi/vec4 1, 0, 1;
    %store/vec4 v0x55e1a529c3d0_0, 0, 1;
    %jmp T_0.5;
T_0.4 ;
    %pushi/vec4 0, 0, 1;
    %store/vec4 v0x55e1a529c3d0_0, 0, 1;
T_0.5 ;
    %load/vec4 v0x55e1a529c090_0;
    %pushi/vec4 7, 0, 4;
    %cmp/e;
    %flag_get/vec4 4;
    %load/vec4 v0x55e1a529c7f0_0;
    %nor/r;
    %and;
    %flag_set/vec4 8;
    %load/vec4 v0x55e1a524c000_0;
    %cmpi/e 9, 0, 4;
    %flag_mov 9, 4;
    %load/vec4 v0x55e1a529c090_0;
    %cmpi/e 9, 0, 4;
    %flag_or 4, 9;
    %flag_mov 9, 4;
    %load/vec4 v0x55e1a529c2f0_0;
    %cmpi/e 9, 0, 4;
    %flag_or 4, 9;
    %flag_or 4, 8;
    %jmp/0xz  T_0.6, 4;
    %pushi/vec4 1, 0, 1;
    %store/vec4 v0x55e1a524bbf0_0, 0, 1;
    %jmp T_0.7;
T_0.6 ;
    %pushi/vec4 0, 0, 1;
    %store/vec4 v0x55e1a524bbf0_0, 0, 1;
T_0.7 ;
    %load/vec4 v0x55e1a529c090_0;
    %pushi/vec4 7, 0, 4;
    %cmp/e;
    %flag_get/vec4 4;
    %load/vec4 v0x55e1a529c7f0_0;
    %nor/r;
    %and;
    %flag_set/vec4 8;
    %load/vec4 v0x55e1a529c090_0;
    %pushi/vec4 5, 0, 4;
    %cmp/e;
    %flag_get/vec4 4;
    %load/vec4 v0x55e1a529c090_0;
    %pushi/vec4 11, 0, 4;
    %cmp/e;
    %flag_get/vec4 4;
    %or;
    %load/vec4 v0x55e1a529bf60_0;
    %load/vec4 v0x55e1a529c630_0;
    %cmp/e;
    %flag_get/vec4 4;
    %load/vec4 v0x55e1a529bf60_0;
    %load/vec4 v0x55e1a529c710_0;
    %cmp/e;
    %flag_get/vec4 4;
    %or;
    %and;
    %flag_set/vec4 9;
    %flag_or 9, 8;
    %jmp/0xz  T_0.8, 9;
    %pushi/vec4 1, 0, 1;
    %store/vec4 v0x55e1a529bea0_0, 0, 1;
    %jmp T_0.9;
T_0.8 ;
    %pushi/vec4 0, 0, 1;
    %store/vec4 v0x55e1a529bea0_0, 0, 1;
T_0.9 ;
    %load/vec4 v0x55e1a529c8b0_0;
    %cmpi/e 3, 0, 4;
    %flag_mov 8, 4;
    %load/vec4 v0x55e1a529c8b0_0;
    %cmpi/e 4, 0, 4;
    %flag_or 4, 8;
    %flag_mov 8, 4;
    %load/vec4 v0x55e1a529c8b0_0;
    %cmpi/e 2, 0, 4;
    %flag_or 4, 8;
    %flag_mov 8, 4;
    %load/vec4 v0x55e1a529c490_0;
    %cmpi/e 3, 0, 4;
    %flag_mov 9, 4;
    %load/vec4 v0x55e1a529c490_0;
    %cmpi/e 4, 0, 4;
    %flag_or 4, 9;
    %flag_mov 9, 4;
    %load/vec4 v0x55e1a529c490_0;
    %cmpi/e 2, 0, 4;
    %flag_or 4, 9;
    %flag_or 4, 8;
    %jmp/0xz  T_0.10, 4;
    %pushi/vec4 1, 0, 1;
    %store/vec4 v0x55e1a529c230_0, 0, 1;
    %jmp T_0.11;
T_0.10 ;
    %pushi/vec4 0, 0, 1;
    %store/vec4 v0x55e1a529c230_0, 0, 1;
T_0.11 ;
    %jmp T_0;
    .thread T_0, $push;
# The file index is used to find the file name in the following table.
:file_names 3;
    "N/A";
    "<interactive>";
    "control.v";
